Log file open, 06/03/15 11:13:31
LogInit:Display: Running engine for game: MyProject2
LogInit: Version: 4.7.6-2513093+++depot+UE4-Releases+4.7
LogInit: API Version: 2455222
LogInit: Compiled (64-bit): Apr 15 2015 12:09:54
LogInit: Compiled with Visual C++: 18.00.21005.01
LogInit: Build Configuration: Development
LogInit: Branch Name: ++depot+UE4-Releases+4.7
LogInit: Command line: 
LogInit: Base directory: C:/Program Files/Epic Games/4.7/Engine/Binaries/Win64/
LogInit: Rocket: 1
[2015.06.03-15.13.32:000][  0]LogTaskGraph: Started task graph with 3 named threads and 6 total threads.
[2015.06.03-15.13.32:073][  0]LogOnline:Warning: No default platform service specified for OnlineSubsystem
[2015.06.03-15.13.32:099][  0]LogInit: Presizing for 0 objects not considered by GC, pre-allocating 0 bytes.
[2015.06.03-15.13.32:113][  0]LogInit: Object subsystem initialized
[2015.06.03-15.13.32:115][  0]LogConsoleResponse:Warning: Skipping Unknown console variable: 'TranslucentSortAxis = (X=0.000000,Y=-1.000000,Z=0.000000)'
[2015.06.03-15.13.32:115][  0]LogConsoleResponse:Warning:   Found in ini file 'C:/Users/merli_000/Desktop/UNREAL/MyProject2/Saved/Config/Windows/Engine.ini', in section '[/Script/Engine.RendererSettings]'
[2015.06.03-15.13.32:115][  0]LogConsoleResponse:Warning: Skipping Unknown console variable: 'UIScaleRule = ShortestSide'
[2015.06.03-15.13.32:115][  0]LogConsoleResponse:Warning:   Found in ini file 'C:/Users/merli_000/Desktop/UNREAL/MyProject2/Saved/Config/Windows/Engine.ini', in section '[/Script/Engine.RendererSettings]'
[2015.06.03-15.13.32:115][  0]LogConsoleResponse:Warning: Skipping Unknown console variable: 'UIScaleCurve = (EditorCurveData=(Keys=),ExternalCurve=None)'
[2015.06.03-15.13.32:116][  0]LogConsoleResponse:Warning:   Found in ini file 'C:/Users/merli_000/Desktop/UNREAL/MyProject2/Saved/Config/Windows/Engine.ini', in section '[/Script/Engine.RendererSettings]'
[2015.06.03-15.13.32:116][  0]LogInit: Selected Device Profile: [Windows]
[2015.06.03-15.13.32:116][  0]LogInit: Applying CVar settings loaded from the selected device profile: [Windows]
[2015.06.03-15.13.32:137][  0]LogInit: Computer: MARKLAPTOP
[2015.06.03-15.13.32:137][  0]LogInit: User: merli000
[2015.06.03-15.13.32:137][  0]LogInit: CPU Page size=4096, Cores=4
[2015.06.03-15.13.32:137][  0]LogInit: High frequency timer resolution =2.143582 MHz
[2015.06.03-15.13.32:137][  0]LogMemory: Memory total: Physical=7.9GB (8GB approx) Virtual=131072.0GB
[2015.06.03-15.13.32:137][  0]LogMemory: Platform Memory Stats for Windows
[2015.06.03-15.13.32:137][  0]LogMemory: Process Physical Memory: 46.14 MB used, 46.14 MB peak
[2015.06.03-15.13.32:137][  0]LogMemory: Process Virtual Memory: 22.54 MB used, 22.55 MB peak
[2015.06.03-15.13.32:137][  0]LogMemory: Physical Memory: 2314.34 MB used, 8047.77 MB total
[2015.06.03-15.13.32:137][  0]LogMemory: Virtual Memory: 285.13 MB used, 134217728.00 MB total
[2015.06.03-15.13.32:151][  0]LogD3D11RHI: Found D3D11 adapter 0: Intel(R) HD Graphics 4000 (Feature Level 11_0)
[2015.06.03-15.13.32:151][  0]LogD3D11RHI: Adapter has 2062MB of dedicated video memory, 0MB of dedicated system memory, and 4023MB of shared system memory, 1 output[s]
[2015.06.03-15.13.32:152][  0]LogD3D11RHI: Found D3D11 adapter 1: Microsoft Basic Render Driver (Feature Level 11_0)
[2015.06.03-15.13.32:152][  0]LogD3D11RHI: Adapter has 0MB of dedicated video memory, 0MB of dedicated system memory, and 256MB of shared system memory, 0 output[s]
[2015.06.03-15.13.32:152][  0]LogD3D11RHI: Chosen D3D11 Adapter Id = 0
[2015.06.03-15.13.32:155][  0]LogRHI: Texture pool is 1361 MB (70% of 1945 MB)
[2015.06.03-15.13.32:161][  0]LogD3D11RHI: Async texture creation enabled
[2015.06.03-15.13.32:207][  0]LogTextLocalizationManager: The requested culture ('en_US') has no localization data; parent culture's ('en') localization data will be used.
[2015.06.03-15.13.32:283][  0]LogTextLocalizationManager:Warning: Loading localization resources contain conflicting entries for (Namespace:UICommands, Key:Save_ToolTip):
Resource: (C:/Program Files/Epic Games/4.7/Engine/Content/Localization/Editor/en/Editor.locres) Hash: (-29098895) String: (Saves the current level to disk)
Resource: (C:/Program Files/Epic Games/4.7/Engine/Content/Localization/Engine/en/Engine.locres) Hash: (-1280300587) String: (Save selected data to vlog file)
[2015.06.03-15.13.32:283][  0]LogTextLocalizationManager:Warning: Loading localization resources contain conflicting entries for (Namespace:ContentBrowser, Key:ImportAssetToolTip):
Resource: (C:/Program Files/Epic Games/4.7/Engine/Content/Localization/Editor/en/Editor.locres) Hash: (-630476809) String: (Import to {0}...)
Resource: (C:/Program Files/Epic Games/4.7/Engine/Content/Localization/Editor/en/Editor.locres) Hash: (1271782899) String: (Imports an asset from file to this folder.)
[2015.06.03-15.13.32:378][  0]LogContentStreaming: Texture pool size is 0.000000MB
[2015.06.03-15.13.34:810][  0]LogTargetPlatformManager:Display: Building Assets For Windows
[2015.06.03-15.13.35:394][  0]LogTargetPlatformManager:Display: Building Assets For Windows
[2015.06.03-15.13.35:463][  0]LogDerivedDataCache:Display: Max Cache Size: 512 MB
[2015.06.03-15.13.35:501][  0]LogDerivedDataCache: Loaded boot cache 0.04s 39MB C:/Users/merli_000/AppData/Local/UnrealEngine/4.7/DerivedDataCache/Boot.ddc.
[2015.06.03-15.13.35:501][  0]LogDerivedDataCache:Display: Loaded Boot cache: C:/Users/merli_000/AppData/Local/UnrealEngine/4.7/DerivedDataCache/Boot.ddc
[2015.06.03-15.13.35:501][  0]LogDerivedDataCache: FDerivedDataBackendGraph:  Pak pak cache file ../../../../../../Users/merli_000/Desktop/UNREAL/MyProject2/DerivedDataCache/DDC.ddp not found, will not use a pak cache.
[2015.06.03-15.13.35:501][  0]LogDerivedDataCache: Unable to find inner node Pak for hierarchical cache Hierarchy.
[2015.06.03-15.13.35:633][  0]LogDerivedDataCache:Display: Pak cache opened for reading ../../../Engine/DerivedDataCache/Compressed.ddp.
[2015.06.03-15.13.35:646][  0]LogDerivedDataCache: Using Local data cache path C:/Users/merli_000/AppData/Local/UnrealEngine/Common/DerivedDataCache: Writable
[2015.06.03-15.13.35:993][  0]LogMeshUtilities: No automatic mesh reduction module available
[2015.06.03-15.13.35:993][  0]LogMeshUtilities: No automatic mesh merging module available
[2015.06.03-15.13.36:434][  0]LogInit: WinSock: version 1.1 (2.2), MaxSocks=32767, MaxUdp=65467
[2015.06.03-15.13.36:517][  0]LogSlate:Warning: Failed to load font data from '../../../Engine/Content/Slate/Fonts/Roboto-Italic.ttf'
[2015.06.03-15.13.37:347][  0]UdpMessaging: Initializing bridge on interface 0.0.0.0:0 to multicast group 230.0.0.1:6666.
[2015.06.03-15.13.37:583][  0]SourceControl: Info Source control is disabled
[2015.06.03-15.13.37:583][  0]SourceControl: Info Source control is disabled
[2015.06.03-15.13.37:583][  0]SourceControl: Info Source control is disabled
[2015.06.03-15.13.37:583][  0]LogSourceControl: RunCommandInternalRaw: 'git version'
[2015.06.03-15.13.37:583][  0]LogSourceControl: RunCommandInternalRaw: ExecProcess ReturnCode=2 OutResults=''
[2015.06.03-15.13.37:593][  0]SourceControl: Info Source control is disabled
[2015.06.03-15.13.37:795][  0]LogObj: 24232 objects as part of root set at end of initial load.
[2015.06.03-15.13.37:795][  0]LogUObjectAllocator: 5137176 out of 0 bytes used by permanent object pool.
[2015.06.03-15.13.37:886][  0]LogEngine: Initializing Engine...
[2015.06.03-15.13.40:070][  0]LogInit: XAudio2 using 'Speakers (High Definition Audio Device)' : 2 channels at 44.1 kHz using 16 bits per sample (channel mask 0x3)
[2015.06.03-15.13.40:080][  0]LogInit: FAudioDevice initialized.
[2015.06.03-15.13.40:142][  0]LogAIModule: Creating AISystem for world NewWorld
[2015.06.03-15.13.40:163][  0]LogDerivedDataCache: Saved boot cache 0.02s 39MB C:/Users/merli_000/AppData/Local/UnrealEngine/4.7/DerivedDataCache/Boot.ddc.
[2015.06.03-15.13.40:168][  0]LogInit: Texture streaming: Enabled
[2015.06.03-15.13.40:267][  0]LogAnalytics: Creating configured Analytics provider AnalyticsET
[2015.06.03-15.13.40:267][  0]LogAnalytics: ET APIKey = Rocket.Release. APIServer = http://et2.epicgames.com/ET2/. AppVersion = 4.7.6-2513093+++depot+UE4-Releases+4.7
[2015.06.03-15.13.40:267][  0]LogAnalytics: ET APIKey = Rocket.Release. DataRouterUploadURL = https://datarouter-public-service-gamedev.ol.epicgames.net/datarouter/api/v1/public/data. AppVersion = 4.7.6-2513093+++depot+UE4-Releases+4.7
[2015.06.03-15.13.40:267][  0]LogAnalytics: SetUserId 0cee193e45cd42522f6bddbfb67599cf|b7c49468110a42379aa5e2a98db34ec9|b817a7bb-3d94-4ef5-b46f-64c8ee7bd98d
[2015.06.03-15.13.40:267][  0]LogAnalytics: AnalyticsET::StartSession [Rocket.Release]
[2015.06.03-15.13.40:288][  0]LogInit: Transaction tracking system initialized
[2015.06.03-15.13.40:470][  0]BlueprintLog: New page: Editor Load
[2015.06.03-15.13.40:508][  0]LogAssetRegistry: FAssetRegistry took 0.0110 seconds to start up
[2015.06.03-15.13.40:508][  0]LogDirectoryWatcher:Warning: Failed to begin reading directory changes for ../../../Engine/Plugins/Experimental/CharacterAI/Content/. Error: 0
[2015.06.03-15.13.41:083][  0]LogTargetPlatformManager:Display: Building Assets For Windows
[2015.06.03-15.13.41:488][  0]LogTargetPlatformManager:Display: Building Assets For Windows
[2015.06.03-15.13.41:840][  0]LogSlate:Warning: Failed to load font data from '../../../Engine/Content/Editor/Slate/Fonts/Roboto-Regular.ttf'
[2015.06.03-15.13.41:840][  0]LogSlate:Warning: Failed to load font data from '../../../Engine/Content/Editor/Slate/Fonts/Roboto-Bold.ttf'
[2015.06.03-15.13.41:890][  0]LogConsoleResponse:Display: 
[2015.06.03-15.13.42:107][  0]LogCook:Display: Done creating registry. It took  0.00s.
[2015.06.03-15.13.42:283][  0]SourceControl: Info Source control is disabled
[2015.06.03-15.13.42:283][  0]Cmd: MAP LOAD FILE="../../../../../../Users/merli_000/Desktop/UNREAL/MyProject2/Content/TopDownBP/Maps/TopDownExampleMap.umap" TEMPLATE=0 SHOWPROGRESS=1 FEATURELEVEL=3
[2015.06.03-15.13.42:284][  0]LightingResults: New page: Lighting Build
[2015.06.03-15.13.42:297][  0]MapCheck: New page: Map Check
[2015.06.03-15.13.42:297][  0]LightingResults: New page: Lighting Build
[2015.06.03-15.13.42:304][  0]LogParticles: Destroying 0 GPU particle simulations for FXSystem 0x000000D62943A980
[2015.06.03-15.13.44:183][  0]LogBlueprint:Warning: [compiler] Warning InputAction Event references unknown Action 'SetDestination' for  InputAction SetDestination 
[2015.06.03-15.13.44:202][  0]LogBlueprint:Warning: [compiler] Warning [0014.34] Compile of TopDownController successful, but with 1 Warning(s) [in 67 ms]
[2015.06.03-15.13.44:202][  0]LogBlueprint:Warning: [compiler] Warning [0014.34] Compile of TopDownController successful, but with 2 Warning(s) [in 0 ms]
[2015.06.03-15.13.44:202][  0]LogBlueprint:Warning: [compiler] Warning [0014.34] Compile of TopDownController successful, but with 3 Warning(s) [in 0 ms]
[2015.06.03-15.13.44:202][  0]LogBlueprint:Warning: [compiler] Warning [0014.34] Compile of TopDownController successful, but with 4 Warning(s) [in 0 ms]
[2015.06.03-15.13.44:254][  0]LogBlueprint:Warning: [compiler] Warning InputAction Event references unknown Action 'SetDestination' for  InputAction SetDestination 
[2015.06.03-15.13.44:273][  0]LogBlueprint:Warning: [compiler] Warning [0014.41] Compile of TopDownController successful, but with 1 Warning(s) [in 67 ms]
[2015.06.03-15.13.44:273][  0]LogBlueprint:Warning: [compiler] Warning [0014.41] Compile of TopDownController successful, but with 2 Warning(s) [in 0 ms]
[2015.06.03-15.13.44:843][  0]LogEditorServer: Finished looking for orphan Actors (0.000 secs)
[2015.06.03-15.13.44:844][  0]LogAIModule: Creating AISystem for world TopDownExampleMap
[2015.06.03-15.13.44:845][  0]Cmd: MAP CHECKDEP
[2015.06.03-15.13.44:845][  0]MapCheck: New page: TopDownExampleMap - Jun 3, 2015, 7:13:44 AM
[2015.06.03-15.13.44:943][  0]MapCheck: Info Map check complete: 0 Error(s), 0 Warning(s), took 98.319ms to complete.
[2015.06.03-15.13.44:943][  0]LogFileHelpers: Loading map 'TopDownExampleMap' took 2.660
[2015.06.03-15.13.45:286][  0]LogCollectionManager: Loaded 0 collections in 0.001794 seconds
[2015.06.03-15.13.45:297][  0]LogContentBrowser: Native class hierarchy populated in 0.0111 seconds. Added 1696 classes and 261 folders.
[2015.06.03-15.13.45:315][  0]LogContentBrowser:Verbose: The content browser source was changed by the sources view to '/Game'
[2015.06.03-15.13.45:331][  0]LogContentBrowser: Native class hierarchy updated for 'SceneOutliner' in 0.0022 seconds. Added 1 classes and 2 folders.
[2015.06.03-15.13.45:619][  0]LogCrashTracker: Crashtracker disabled due to settings.
[2015.06.03-15.13.45:620][  0]LogSlate:Warning: Failed to load font data from 'Veranda'
[2015.06.03-15.13.45:630][  0]LogUObjectGlobals:Warning: Failed to find object 'Class None.'
[2015.06.03-15.13.45:656][  0]LogLoad: Full Startup: 15.79 seconds (BP compile: 0.58 seconds)
[2015.06.03-15.13.46:181][  0]LogRenderer:Warning: Reallocating scene render targets to support 968x496 (Frame:2).
[2015.06.03-15.13.46:948][  6]LogAssetRegistry: Asset discovery search completed in 6.4516 seconds
[2015.06.03-15.13.50:424][397]LogPlayLevel: PIE:  No blueprints needed recompiling
[2015.06.03-15.13.50:424][397]PIE: New page: PIE session: TopDownExampleMap (Jun 3, 2015, 7:13:50 AM)
[2015.06.03-15.13.50:455][397]LogPlayLevel: PIE: StaticDuplicateObject took: (0.030772s)
[2015.06.03-15.13.50:456][397]LogPlayLevel: PIE: World Init took: (0.000704s)
[2015.06.03-15.13.50:456][397]LogPlayLevel: PIE: Created PIE world by copying editor world from /Game/TopDownBP/Maps/TopDownExampleMap.TopDownExampleMap to /Game/TopDownBP/Maps/UEDPIE_0_TopDownExampleMap.TopDownExampleMap (0.031737s)
[2015.06.03-15.13.50:592][397]LogWorld: Game class is 'TopDownGameMode_C'
[2015.06.03-15.13.50:597][397]LogAIModule: Creating AISystem for world TopDownExampleMap
[2015.06.03-15.13.50:620][397]LogWorld:Warning: *** WARNING - PATHS MAY NOT BE VALID ***
[2015.06.03-15.13.50:620][397]LogWorld: Bringing World /Game/TopDownBP/Maps/UEDPIE_0_TopDownExampleMap.TopDownExampleMap up for play (max tick rate 0) at 2015.06.03-11.13.50
[2015.06.03-15.13.50:624][397]LogWorld: Bringing up level for play took: 0.026215
[2015.06.03-15.13.50:629][397]PIE: Info Play in editor start time for /Game/TopDownBP/Maps/UEDPIE_0_TopDownExampleMap 0.618
[2015.06.03-15.13.53:149][603]LogParticles: Destroying 0 GPU particle simulations for FXSystem 0x000000D636328FE0
[2015.06.03-17.05.53:925][122]LogD3D11RHI: Timed out while waiting for GPU to catch up. (500 ms)
[2015.06.03-17.18.40:546][686]LogD3D11RHI: Timed out while waiting for GPU to catch up. (500 ms)
[2015.06.03-17.22.49:354][986]LogPlayLevel: PIE:  No blueprints needed recompiling
[2015.06.03-17.22.49:355][986]PIE: New page: PIE session: TopDownExampleMap (Jun 3, 2015, 9:22:49 AM)
[2015.06.03-17.22.49:375][986]LogPlayLevel: PIE: StaticDuplicateObject took: (0.019654s)
[2015.06.03-17.22.49:381][986]LogPlayLevel: PIE: World Init took: (0.006005s)
[2015.06.03-17.22.49:381][986]LogPlayLevel: PIE: Created PIE world by copying editor world from /Game/TopDownBP/Maps/TopDownExampleMap.TopDownExampleMap to /Game/TopDownBP/Maps/UEDPIE_0_TopDownExampleMap.TopDownExampleMap (0.025961s)
[2015.06.03-17.22.49:425][986]LogWorld: Game class is 'TopDownGameMode_C'
[2015.06.03-17.22.49:427][986]LogAIModule: Creating AISystem for world TopDownExampleMap
[2015.06.03-17.22.49:437][986]LogWorld:Warning: *** WARNING - PATHS MAY NOT BE VALID ***
[2015.06.03-17.22.49:437][986]LogWorld: Bringing World /Game/TopDownBP/Maps/UEDPIE_0_TopDownExampleMap.TopDownExampleMap up for play (max tick rate 60) at 2015.06.03-13.22.49
[2015.06.03-17.22.49:439][986]LogWorld: Bringing up level for play took: 0.011180
[2015.06.03-17.22.49:441][986]PIE: Info Play in editor start time for /Game/TopDownBP/Maps/UEDPIE_0_TopDownExampleMap -0.548
[2015.06.03-17.22.58:735][538]LogParticles: Destroying 0 GPU particle simulations for FXSystem 0x000000D623D322A0
[2015.06.03-17.32.00:796][ 47]LogPlayLevel: PIE:  No blueprints needed recompiling
[2015.06.03-17.32.00:796][ 47]PIE: New page: PIE session: TopDownExampleMap (Jun 3, 2015, 9:32:00 AM)
[2015.06.03-17.32.00:819][ 47]LogPlayLevel: PIE: StaticDuplicateObject took: (0.022362s)
[2015.06.03-17.32.00:825][ 47]LogPlayLevel: PIE: World Init took: (0.006150s)
[2015.06.03-17.32.00:825][ 47]LogPlayLevel: PIE: Created PIE world by copying editor world from /Game/TopDownBP/Maps/TopDownExampleMap.TopDownExampleMap to /Game/TopDownBP/Maps/UEDPIE_0_TopDownExampleMap.TopDownExampleMap (0.028820s)
[2015.06.03-17.32.00:874][ 47]LogWorld: Game class is 'TopDownGameMode_C'
[2015.06.03-17.32.00:876][ 47]LogAIModule: Creating AISystem for world TopDownExampleMap
[2015.06.03-17.32.00:886][ 47]LogWorld:Warning: *** WARNING - PATHS MAY NOT BE VALID ***
[2015.06.03-17.32.00:886][ 47]LogWorld: Bringing World /Game/TopDownBP/Maps/UEDPIE_0_TopDownExampleMap.TopDownExampleMap up for play (max tick rate 60) at 2015.06.03-13.32.00
[2015.06.03-17.32.00:887][ 47]LogWorld: Bringing up level for play took: 0.011230
[2015.06.03-17.32.00:889][ 47]PIE: Info Play in editor start time for /Game/TopDownBP/Maps/UEDPIE_0_TopDownExampleMap 0.9
[2015.06.03-17.32.03:827][217]LogParticles: Destroying 0 GPU particle simulations for FXSystem 0x000000D623D33880
[2015.06.03-17.33.38:753][912]Cmd: POLY SELECT ALL
[2015.06.03-17.33.39:236][941]Cmd: ACTOR HIDE SELECTED
[2015.06.03-17.38.49:400][539]LogContentBrowser:Verbose: The content browser source was changed by the sources view to '/Game/StarterContent'
[2015.06.03-17.38.52:035][697]LogContentBrowser:Verbose: The content browser source was changed by the sources view to '/Game/StarterContent/Blueprints'
[2015.06.03-17.39.00:702][208]LogContentBrowser:Verbose: The content browser source was changed by the sources view to '/Game'
[2015.06.03-17.43.45:372][831]BlueprintLog: New page: Compile TopDownCharacter
[2015.06.03-17.43.45:446][831]LogActorComponent: UnregisterComponent: (/Engine/Transient.CharMoveComp) Not registered. Aborting.
[2015.06.03-17.43.45:446][831]LogActorComponent: UnregisterComponent: (/Engine/Transient.CharacterMovementComponent_0) Not registered. Aborting.
[2015.06.03-17.43.45:466][831]LogParticles: Destroying 0 GPU particle simulations for FXSystem 0x000000D6219C5800
[2015.06.03-17.43.45:486][831]BlueprintEditorCompileResults: Info [9015.65] Compile of TopDownCharacter successful! [in 113 ms]
[2015.06.03-17.43.47:661][955]LogPlayLevel: PIE:  No blueprints needed recompiling
[2015.06.03-17.43.47:661][955]PIE: New page: PIE session: TopDownExampleMap (Jun 3, 2015, 9:43:47 AM)
[2015.06.03-17.43.47:689][955]LogPlayLevel: PIE: StaticDuplicateObject took: (0.026939s)
[2015.06.03-17.43.47:694][955]LogPlayLevel: PIE: World Init took: (0.005511s)
[2015.06.03-17.43.47:695][955]LogPlayLevel: PIE: Created PIE world by copying editor world from /Game/TopDownBP/Maps/TopDownExampleMap.TopDownExampleMap to /Game/TopDownBP/Maps/UEDPIE_0_TopDownExampleMap.TopDownExampleMap (0.032736s)
[2015.06.03-17.43.47:737][955]LogWorld: Game class is 'TopDownGameMode_C'
[2015.06.03-17.43.47:739][955]LogAIModule: Creating AISystem for world TopDownExampleMap
[2015.06.03-17.43.47:749][955]LogWorld:Warning: *** WARNING - PATHS MAY NOT BE VALID ***
[2015.06.03-17.43.47:749][955]LogWorld: Bringing World /Game/TopDownBP/Maps/UEDPIE_0_TopDownExampleMap.TopDownExampleMap up for play (max tick rate 60) at 2015.06.03-13.43.47
[2015.06.03-17.43.47:750][955]LogWorld: Bringing up level for play took: 0.010963
[2015.06.03-17.43.47:752][955]PIE: Info Play in editor start time for /Game/TopDownBP/Maps/UEDPIE_0_TopDownExampleMap -0.237
[2015.06.03-17.43.50:740][128]LogActorComponent: UnregisterComponent: (/Engine/Transient.CharMoveComp) Not registered. Aborting.
[2015.06.03-17.43.50:757][128]LogParticles: Destroying 0 GPU particle simulations for FXSystem 0x000000D635A93060
[2015.06.03-17.45.26:846][828]BlueprintLog: New page: Compile TopDownCharacter
[2015.06.03-17.45.26:928][828]BlueprintEditorCompileResults: Info [9117.09] Compile of TopDownCharacter successful! [in 81 ms]
[2015.06.03-17.45.29:347][968]LogPlayLevel: PIE:  No blueprints needed recompiling
[2015.06.03-17.45.29:348][968]PIE: New page: PIE session: TopDownExampleMap (Jun 3, 2015, 9:45:29 AM)
[2015.06.03-17.45.29:375][968]LogPlayLevel: PIE: StaticDuplicateObject took: (0.027197s)
[2015.06.03-17.45.29:380][968]LogPlayLevel: PIE: World Init took: (0.004994s)
[2015.06.03-17.45.29:381][968]LogPlayLevel: PIE: Created PIE world by copying editor world from /Game/TopDownBP/Maps/TopDownExampleMap.TopDownExampleMap to /Game/TopDownBP/Maps/UEDPIE_0_TopDownExampleMap.TopDownExampleMap (0.032490s)
[2015.06.03-17.45.29:420][968]LogWorld: Game class is 'TopDownGameMode_C'
[2015.06.03-17.45.29:422][968]LogAIModule: Creating AISystem for world TopDownExampleMap
[2015.06.03-17.45.29:432][968]LogWorld:Warning: *** WARNING - PATHS MAY NOT BE VALID ***
[2015.06.03-17.45.29:433][968]LogWorld: Bringing World /Game/TopDownBP/Maps/UEDPIE_0_TopDownExampleMap.TopDownExampleMap up for play (max tick rate 60) at 2015.06.03-13.45.29
[2015.06.03-17.45.29:434][968]LogWorld: Bringing up level for play took: 0.011030
[2015.06.03-17.45.29:436][968]PIE: Info Play in editor start time for /Game/TopDownBP/Maps/UEDPIE_0_TopDownExampleMap -0.553
[2015.06.03-17.45.38:606][512]LogActorComponent: UnregisterComponent: (/Engine/Transient.CharMoveComp) Not registered. Aborting.
[2015.06.03-17.45.38:623][512]LogParticles: Destroying 0 GPU particle simulations for FXSystem 0x000000D64194B560
[2015.06.03-17.45.43:152][609]LogSavePackage: Save=2548.210938ms
[2015.06.03-17.45.43:152][609]LogSavePackage: Moving '../../../../../../Users/merli_000/Desktop/UNREAL/MyProject2/Saved/TopDownExampleMapB25C33334C38F842E9B3BCBF4FCD0CBD.tmp' to '../../../../../../Users/merli_000/Desktop/UNREAL/MyProject2/Content/TopDownBP/Maps/TopDownExampleMap.umap'
[2015.06.03-17.45.43:192][609]LogFileHelpers: Saving map 'TopDownExampleMap' took 2.847
[2015.06.03-17.45.43:459][609]LogSavePackage: Save=232.389053ms
[2015.06.03-17.45.43:459][609]LogSavePackage: Moving '../../../../../../Users/merli_000/Desktop/UNREAL/MyProject2/Saved/TopDownCharacterFEED4DB84F30271E250F6B822845D078.tmp' to '../../../../../../Users/merli_000/Desktop/UNREAL/MyProject2/Content/TopDownBP/Blueprints/TopDownCharacter.uasset'
[2015.06.03-17.46.31:275][443]LogPlayLevel: PIE:  No blueprints needed recompiling
[2015.06.03-17.46.31:275][443]PIE: New page: PIE session: TopDownExampleMap (Jun 3, 2015, 9:46:31 AM)
[2015.06.03-17.46.31:303][443]LogPlayLevel: PIE: StaticDuplicateObject took: (0.027143s)
[2015.06.03-17.46.31:309][443]LogPlayLevel: PIE: World Init took: (0.005702s)
[2015.06.03-17.46.31:309][443]LogPlayLevel: PIE: Created PIE world by copying editor world from /Game/TopDownBP/Maps/TopDownExampleMap.TopDownExampleMap to /Game/TopDownBP/Maps/UEDPIE_0_TopDownExampleMap.TopDownExampleMap (0.033159s)
[2015.06.03-17.46.31:349][443]LogWorld: Game class is 'TopDownGameMode_C'
[2015.06.03-17.46.31:351][443]LogAIModule: Creating AISystem for world TopDownExampleMap
[2015.06.03-17.46.31:361][443]LogWorld:Warning: *** WARNING - PATHS MAY NOT BE VALID ***
[2015.06.03-17.46.31:361][443]LogWorld: Bringing World /Game/TopDownBP/Maps/UEDPIE_0_TopDownExampleMap.TopDownExampleMap up for play (max tick rate 60) at 2015.06.03-13.46.31
[2015.06.03-17.46.31:363][443]LogWorld: Bringing up level for play took: 0.011033
[2015.06.03-17.46.31:365][443]PIE: Info Play in editor start time for /Game/TopDownBP/Maps/UEDPIE_0_TopDownExampleMap -0.625
[2015.06.03-17.46.36:319][734]LogActorComponent: UnregisterComponent: (/Engine/Transient.CharMoveComp) Not registered. Aborting.
[2015.06.03-17.46.36:319][734]LogActorComponent: UnregisterComponent: (/Engine/Transient.CharacterMovementComponent_1) Not registered. Aborting.
[2015.06.03-17.46.36:337][734]LogParticles: Destroying 0 GPU particle simulations for FXSystem 0x000000D645E11940
[2015.06.03-17.47.07:014][563]LogActorComponent: UnregisterComponent: (/Engine/Transient.CharMoveComp) Not registered. Aborting.
[2015.06.03-17.47.07:015][563]LogActorComponent: UnregisterComponent: (/Engine/Transient.CharacterMovementComponent_2) Not registered. Aborting.
[2015.06.03-17.53.13:081][514]BlueprintLog: New page: Pre-PIE auto-recompile
[2015.06.03-17.53.13:092][514]LogPlayLevel: [PIE] Compiling TopDownCharacter before PIE...
[2015.06.03-17.53.13:177][514]LogPlayLevel: PIE:  Blueprint regeneration took 96 ms (1 blueprints)
[2015.06.03-17.53.13:178][514]PIE: New page: PIE session: TopDownExampleMap (Jun 3, 2015, 9:53:13 AM)
[2015.06.03-17.53.13:215][514]LogPlayLevel: PIE: StaticDuplicateObject took: (0.037178s)
[2015.06.03-17.53.13:216][514]LogPlayLevel: PIE: World Init took: (0.000750s)
[2015.06.03-17.53.13:216][514]LogPlayLevel: PIE: Created PIE world by copying editor world from /Game/TopDownBP/Maps/TopDownExampleMap.TopDownExampleMap to /Game/TopDownBP/Maps/UEDPIE_0_TopDownExampleMap.TopDownExampleMap (0.038178s)
[2015.06.03-17.53.13:248][514]LogWorld: Game class is 'TopDownGameMode_C'
[2015.06.03-17.53.13:250][514]LogAIModule: Creating AISystem for world TopDownExampleMap
[2015.06.03-17.53.13:260][514]LogWorld:Warning: *** WARNING - PATHS MAY NOT BE VALID ***
[2015.06.03-17.53.13:260][514]LogWorld: Bringing World /Game/TopDownBP/Maps/UEDPIE_0_TopDownExampleMap.TopDownExampleMap up for play (max tick rate 60) at 2015.06.03-13.53.13
[2015.06.03-17.53.13:261][514]LogWorld: Bringing up level for play took: 0.010892
[2015.06.03-17.53.13:269][514]PIE: Info Play in editor start time for /Game/TopDownBP/Maps/UEDPIE_0_TopDownExampleMap -0.719
[2015.06.03-17.53.16:336][683]LogParticles: Destroying 0 GPU particle simulations for FXSystem 0x000000D645E11800
[2015.06.03-17.54.58:415][731]LogSlate:Warning: Prevented a slow task dialog from being summoned while a context menu was open
[2015.06.03-17.55.08:385][313]LogPlayLevel: PIE:  No blueprints needed recompiling
[2015.06.03-17.55.08:385][313]PIE: New page: PIE session: TopDownExampleMap (Jun 3, 2015, 9:55:08 AM)
[2015.06.03-17.55.08:415][313]LogPlayLevel: PIE: StaticDuplicateObject took: (0.029016s)
[2015.06.03-17.55.08:421][313]LogPlayLevel: PIE: World Init took: (0.006029s)
[2015.06.03-17.55.08:421][313]LogPlayLevel: PIE: Created PIE world by copying editor world from /Game/TopDownBP/Maps/TopDownExampleMap.TopDownExampleMap to /Game/TopDownBP/Maps/UEDPIE_0_TopDownExampleMap.TopDownExampleMap (0.035327s)
[2015.06.03-17.55.08:461][313]LogWorld: Game class is 'TopDownGameMode_C'
[2015.06.03-17.55.08:464][313]LogAIModule: Creating AISystem for world TopDownExampleMap
[2015.06.03-17.55.08:474][313]LogWorld:Warning: *** WARNING - PATHS MAY NOT BE VALID ***
[2015.06.03-17.55.08:474][313]LogWorld: Bringing World /Game/TopDownBP/Maps/UEDPIE_0_TopDownExampleMap.TopDownExampleMap up for play (max tick rate 60) at 2015.06.03-13.55.08
[2015.06.03-17.55.08:475][313]LogWorld: Bringing up level for play took: 0.011087
[2015.06.03-17.55.08:477][313]PIE: Info Play in editor start time for /Game/TopDownBP/Maps/UEDPIE_0_TopDownExampleMap 0.488
[2015.06.03-17.56.08:356][900]LogActorComponent: UnregisterComponent: (/Engine/Transient.CharMoveComp) Not registered. Aborting.
[2015.06.03-17.56.08:356][900]LogActorComponent: UnregisterComponent: (/Engine/Transient.CharacterMovementComponent_3) Not registered. Aborting.
[2015.06.03-17.56.08:379][900]LogParticles: Destroying 0 GPU particle simulations for FXSystem 0x000000D64DD87560
[2015.06.03-17.56.08:380][900]LogParticles: Destroying 0 GPU particle simulations for FXSystem 0x000000D6418C82C0
[2015.06.03-17.57.34:681][ 73]LogParticles: Destroying 0 GPU particle simulations for FXSystem 0x000000D644A55B20
[2015.06.03-17.57.58:493][365]LogPlayLevel: PIE:  No blueprints needed recompiling
[2015.06.03-17.57.58:493][365]PIE: New page: PIE session: TopDownExampleMap (Jun 3, 2015, 9:57:58 AM)
[2015.06.03-17.57.58:522][365]LogPlayLevel: PIE: StaticDuplicateObject took: (0.027717s)
[2015.06.03-17.57.58:528][365]LogPlayLevel: PIE: World Init took: (0.006194s)
[2015.06.03-17.57.58:528][365]LogPlayLevel: PIE: Created PIE world by copying editor world from /Game/TopDownBP/Maps/TopDownExampleMap.TopDownExampleMap to /Game/TopDownBP/Maps/UEDPIE_0_TopDownExampleMap.TopDownExampleMap (0.034230s)
[2015.06.03-17.57.58:571][365]LogWorld: Game class is 'TopDownGameMode_C'
[2015.06.03-17.57.58:573][365]LogAIModule: Creating AISystem for world TopDownExampleMap
[2015.06.03-17.57.58:583][365]LogWorld:Warning: *** WARNING - PATHS MAY NOT BE VALID ***
[2015.06.03-17.57.58:583][365]LogWorld: Bringing World /Game/TopDownBP/Maps/UEDPIE_0_TopDownExampleMap.TopDownExampleMap up for play (max tick rate 60) at 2015.06.03-13.57.58
[2015.06.03-17.57.58:584][365]LogWorld: Bringing up level for play took: 0.011095
[2015.06.03-17.57.58:586][365]PIE: Info Play in editor start time for /Game/TopDownBP/Maps/UEDPIE_0_TopDownExampleMap 0.597
[2015.06.03-17.58.48:196][338]LogCharacterMovement: TopDownCharacter_C_0 is stuck and failed to move!
[2015.06.03-17.58.48:312][345]LogCharacterMovement: TopDownCharacter_C_0 is stuck and failed to move!
[2015.06.03-17.58.48:329][346]LogCharacterMovement: TopDownCharacter_C_0 is stuck and failed to move!
[2015.06.03-17.58.48:613][363]LogCharacterMovement: TopDownCharacter_C_0 is stuck and failed to move!
[2015.06.03-17.58.48:863][378]LogCharacterMovement: TopDownCharacter_C_0 is stuck and failed to move!
[2015.06.03-17.58.48:930][382]LogCharacterMovement: TopDownCharacter_C_0 is stuck and failed to move!
[2015.06.03-17.59.40:444][466]LogParticles: Destroying 0 GPU particle simulations for FXSystem 0x000000D644A547C0
[2015.06.03-18.00.02:160][631]LogSavePackage: Save=1717.893188ms
[2015.06.03-18.00.02:160][631]LogSavePackage: Moving '../../../../../../Users/merli_000/Desktop/UNREAL/MyProject2/Saved/TopDownExampleMap_Auto175D1D9B94C6D29A21D65EEBAE2A4D857.tmp' to '../../../../../../Users/merli_000/Desktop/UNREAL/MyProject2/Saved/Autosaves/Game/TopDownBP/Maps/TopDownExampleMap_Auto1.umap'
[2015.06.03-18.00.02:168][631]LogFileHelpers: Editor autosave (incl. sublevels) for '/Game/TopDownBP/Maps/TopDownExampleMap' took 1.841
[2015.06.03-18.00.02:168][631]LogFileHelpers: Editor autosave (incl. sublevels) for all levels took 1.841
[2015.06.03-18.00.02:201][631]OBJ SavePackage: Generating thumbnails for [1] asset(s) in package [/Game/TopDownBP/Blueprints/TopDownCharacter] ([1] browsable assets)...
[2015.06.03-18.00.02:271][631]OBJ SavePackage:     Rendered thumbnail for [Blueprint /Game/TopDownBP/Blueprints/TopDownCharacter.TopDownCharacter]
[2015.06.03-18.00.02:271][631]OBJ SavePackage: Finished generating thumbnails for package [/Game/TopDownBP/Blueprints/TopDownCharacter]
[2015.06.03-18.00.02:605][631]LogSavePackage: Save=319.946716ms
[2015.06.03-18.00.02:606][631]LogSavePackage: Moving '../../../../../../Users/merli_000/Desktop/UNREAL/MyProject2/Saved/TopDownCharacter_Auto112F8D0AE49667FE1E8F2B3B512C3512A.tmp' to '../../../../../../Users/merli_000/Desktop/UNREAL/MyProject2/Saved/Autosaves/Game/TopDownBP/Blueprints/TopDownCharacter_Auto1.uasset'
[2015.06.03-18.00.02:671][631]OBJ SavePackage: Generating thumbnails for [0] asset(s) in package [/Game/TopDownBP/Blueprints/TopDownGameMode] ([1] browsable assets)...
[2015.06.03-18.00.02:671][631]OBJ SavePackage: Finished generating thumbnails for package [/Game/TopDownBP/Blueprints/TopDownGameMode]
[2015.06.03-18.00.02:893][631]LogSavePackage: Save=110.222984ms
[2015.06.03-18.00.02:894][631]LogSavePackage: Moving '../../../../../../Users/merli_000/Desktop/UNREAL/MyProject2/Saved/TopDownGameMode_Auto1A81BF2A546F249A9705A1799A0F3B328.tmp' to '../../../../../../Users/merli_000/Desktop/UNREAL/MyProject2/Saved/Autosaves/Game/TopDownBP/Blueprints/TopDownGameMode_Auto1.uasset'
[2015.06.03-18.00.02:902][631]LogFileHelpers: Auto-saving content packages took 0.735
[2015.06.03-18.00.35:400][570]LogPlayLevel: PIE:  No blueprints needed recompiling
[2015.06.03-18.00.35:401][570]PIE: New page: PIE session: TopDownExampleMap (Jun 3, 2015, 10:00:35 AM)
[2015.06.03-18.00.35:426][570]LogPlayLevel: PIE: StaticDuplicateObject took: (0.025298s)
[2015.06.03-18.00.35:432][570]LogPlayLevel: PIE: World Init took: (0.005518s)
[2015.06.03-18.00.35:432][570]LogPlayLevel: PIE: Created PIE world by copying editor world from /Game/TopDownBP/Maps/TopDownExampleMap.TopDownExampleMap to /Game/TopDownBP/Maps/UEDPIE_0_TopDownExampleMap.TopDownExampleMap (0.031111s)
[2015.06.03-18.00.35:467][570]LogWorld: Game class is 'TopDownGameMode_C'
[2015.06.03-18.00.35:470][570]LogAIModule: Creating AISystem for world TopDownExampleMap
[2015.06.03-18.00.35:480][570]LogWorld:Warning: *** WARNING - PATHS MAY NOT BE VALID ***
[2015.06.03-18.00.35:480][570]LogWorld: Bringing World /Game/TopDownBP/Maps/UEDPIE_0_TopDownExampleMap.TopDownExampleMap up for play (max tick rate 60) at 2015.06.03-14.00.35
[2015.06.03-18.00.35:481][570]LogWorld: Bringing up level for play took: 0.011021
[2015.06.03-18.00.35:483][570]PIE: Info Play in editor start time for /Game/TopDownBP/Maps/UEDPIE_0_TopDownExampleMap -0.506
[2015.06.03-18.01.05:215][348]LogActorComponent: UnregisterComponent: (/Engine/Transient.CharMoveComp) Not registered. Aborting.
[2015.06.03-18.01.05:236][348]LogParticles: Destroying 0 GPU particle simulations for FXSystem 0x000000D64DF48E00
[2015.06.03-18.02.13:921][434]LogPlayLevel: PIE:  No blueprints needed recompiling
[2015.06.03-18.02.13:922][434]PIE: New page: PIE session: TopDownExampleMap (Jun 3, 2015, 10:02:13 AM)
[2015.06.03-18.02.13:947][434]LogPlayLevel: PIE: StaticDuplicateObject took: (0.025310s)
[2015.06.03-18.02.13:953][434]LogPlayLevel: PIE: World Init took: (0.005913s)
[2015.06.03-18.02.13:954][434]LogPlayLevel: PIE: Created PIE world by copying editor world from /Game/TopDownBP/Maps/TopDownExampleMap.TopDownExampleMap to /Game/TopDownBP/Maps/UEDPIE_0_TopDownExampleMap.TopDownExampleMap (0.031539s)
[2015.06.03-18.02.13:996][434]LogWorld: Game class is 'TopDownGameMode_C'
[2015.06.03-18.02.13:998][434]LogAIModule: Creating AISystem for world TopDownExampleMap
[2015.06.03-18.02.14:008][434]LogWorld:Warning: *** WARNING - PATHS MAY NOT BE VALID ***
[2015.06.03-18.02.14:008][434]LogWorld: Bringing World /Game/TopDownBP/Maps/UEDPIE_0_TopDownExampleMap.TopDownExampleMap up for play (max tick rate 60) at 2015.06.03-14.02.14
[2015.06.03-18.02.14:010][434]LogWorld: Bringing up level for play took: 0.011065
[2015.06.03-18.02.14:012][434]PIE: Info Play in editor start time for /Game/TopDownBP/Maps/UEDPIE_0_TopDownExampleMap 0.023
[2015.06.03-18.02.18:991][724]LogParticles: Destroying 0 GPU particle simulations for FXSystem 0x000000D617CA05E0
[2015.06.03-18.02.35:860][680]LogPlayLevel: PIE:  No blueprints needed recompiling
[2015.06.03-18.02.35:860][680]PIE: New page: PIE session: TopDownExampleMap (Jun 3, 2015, 10:02:35 AM)
[2015.06.03-18.02.35:883][680]LogPlayLevel: PIE: StaticDuplicateObject took: (0.022232s)
[2015.06.03-18.02.35:892][680]LogPlayLevel: PIE: World Init took: (0.008362s)
[2015.06.03-18.02.35:892][680]LogPlayLevel: PIE: Created PIE world by copying editor world from /Game/TopDownBP/Maps/TopDownExampleMap.TopDownExampleMap to /Game/TopDownBP/Maps/UEDPIE_0_TopDownExampleMap.TopDownExampleMap (0.031010s)
[2015.06.03-18.02.35:933][680]LogWorld: Game class is 'TopDownGameMode_C'
[2015.06.03-18.02.35:935][680]LogAIModule: Creating AISystem for world TopDownExampleMap
[2015.06.03-18.02.35:945][680]LogWorld:Warning: *** WARNING - PATHS MAY NOT BE VALID ***
[2015.06.03-18.02.35:945][680]LogWorld: Bringing World /Game/TopDownBP/Maps/UEDPIE_0_TopDownExampleMap.TopDownExampleMap up for play (max tick rate 60) at 2015.06.03-14.02.35
[2015.06.03-18.02.35:946][680]LogWorld: Bringing up level for play took: 0.010999
[2015.06.03-18.02.35:948][680]PIE: Info Play in editor start time for /Game/TopDownBP/Maps/UEDPIE_0_TopDownExampleMap -0.041
[2015.06.03-18.03.11:082][783]LogParticles: Destroying 0 GPU particle simulations for FXSystem 0x000000D643795C60
[2015.06.03-18.03.24:000][299]LogSavePackage: Save=1717.305908ms
[2015.06.03-18.03.24:000][299]LogSavePackage: Moving '../../../../../../Users/merli_000/Desktop/UNREAL/MyProject2/Saved/TopDownExampleMapA133CD4345109B7F3520A4AD81C4570D.tmp' to '../../../../../../Users/merli_000/Desktop/UNREAL/MyProject2/Content/TopDownBP/Maps/TopDownExampleMap.umap'
[2015.06.03-18.03.24:040][299]LogFileHelpers: Saving map 'TopDownExampleMap' took 1.892
[2015.06.03-18.03.24:095][299]LogSavePackage: Save=40.414597ms
[2015.06.03-18.03.24:095][299]LogSavePackage: Moving '../../../../../../Users/merli_000/Desktop/UNREAL/MyProject2/Saved/TopDownCharacter167A1E0F4B83D2E11F3F378A75085453.tmp' to '../../../../../../Users/merli_000/Desktop/UNREAL/MyProject2/Content/TopDownBP/Blueprints/TopDownCharacter.uasset'
[2015.06.03-18.03.24:106][299]Cmd: OBJ SAVEPACKAGE PACKAGE="/Game/TopDownBP/Blueprints/TopDownGameMode" FILE="../../../../../../Users/merli_000/Desktop/UNREAL/MyProject2/Content/TopDownBP/Blueprints/TopDownGameMode.uasset" SILENT=true
[2015.06.03-18.03.24:128][299]LogSavePackage: Save=13.287106ms
[2015.06.03-18.03.24:128][299]LogSavePackage: Moving '../../../../../../Users/merli_000/Desktop/UNREAL/MyProject2/Saved/TopDownGameModeCB5876F844573CA5D7F42FA2F356A229.tmp' to '../../../../../../Users/merli_000/Desktop/UNREAL/MyProject2/Content/TopDownBP/Blueprints/TopDownGameMode.uasset'
[2015.06.03-18.04.13:658][713]LogUProjectInfo: Found projects:
[2015.06.03-18.04.42:102][250]Cmd: CLOSE_SLATE_MAINFRAME
[2015.06.03-18.04.42:103][250]LogActorComponent: UnregisterComponent: (/Engine/Transient.CharMoveComp) Not registered. Aborting.
[2015.06.03-18.04.42:103][250]LogActorComponent: UnregisterComponent: (/Engine/Transient.CharacterMovementComponent_4) Not registered. Aborting.
[2015.06.03-18.04.42:123][250]LogParticles: Destroying 0 GPU particle simulations for FXSystem 0x000000D648E6D9E0
[2015.06.03-18.04.42:653][251]Cmd: QUIT_EDITOR
[2015.06.03-18.04.42:914][251]LogExit: Preparing to exit.
[2015.06.03-18.04.43:709][251]LogExit: Editor shut down
[2015.06.03-18.04.43:709][251]LogExit: Transaction tracking system shut down
[2015.06.03-18.04.43:710][251]LogParticles: Destroying 0 GPU particle simulations for FXSystem 0x000000D61F20A840
[2015.06.03-18.04.43:711][251]LogParticles: Destroying 0 GPU particle simulations for FXSystem 0x000000D635F6D760
[2015.06.03-18.04.43:711][251]LogParticles: Destroying 0 GPU particle simulations for FXSystem 0x000000D6218D8860
[2015.06.03-18.04.43:712][251]LogParticles: Destroying 0 GPU particle simulations for FXSystem 0x000000D6219C44A0
[2015.06.03-18.04.43:712][251]LogParticles: Destroying 0 GPU particle simulations for FXSystem 0x000000D63C69A700
[2015.06.03-18.04.43:712][251]LogParticles: Destroying 0 GPU particle simulations for FXSystem 0x000000D63C6991C0
[2015.06.03-18.04.43:712][251]LogParticles: Destroying 0 GPU particle simulations for FXSystem 0x000000D63C69B920
[2015.06.03-18.04.43:712][251]LogParticles: Destroying 0 GPU particle simulations for FXSystem 0x000000D63C69BEC0
[2015.06.03-18.04.43:712][251]LogParticles: Destroying 0 GPU particle simulations for FXSystem 0x000000D63C698AE0
[2015.06.03-18.04.43:820][251]LogExit: Object subsystem successfully closed.
[2015.06.03-18.04.43:873][251]LogModuleManager: Shutting down and abandoning module ExternalImagePicker (178)
[2015.06.03-18.04.43:873][251]LogModuleManager: Shutting down and abandoning module CrashTracker (177)
[2015.06.03-18.04.43:873][251]LogModuleManager: Shutting down and abandoning module SuperSearch (176)
[2015.06.03-18.04.43:873][251]LogModuleManager: Shutting down and abandoning module SceneOutliner (175)
[2015.06.03-18.04.43:873][251]LogModuleManager: Shutting down and abandoning module EditorWidgets (174)
[2015.06.03-18.04.43:873][251]LogModuleManager: Shutting down and abandoning module CollectionManager (173)
[2015.06.03-18.04.43:873][251]LogModuleManager: Shutting down and abandoning module StatsViewer (172)
[2015.06.03-18.04.43:873][251]LogModuleManager: Shutting down and abandoning module FoliageEdit (171)
[2015.06.03-18.04.43:873][251]LogModuleManager: Shutting down and abandoning module LandscapeEditor (170)
[2015.06.03-18.04.43:873][251]LogModuleManager: Shutting down and abandoning module MeshPaint (169)
[2015.06.03-18.04.43:873][251]LogModuleManager: Shutting down and abandoning module ActorPickerMode (168)
[2015.06.03-18.04.43:873][251]LogModuleManager: Shutting down and abandoning module GeometryMode (167)
[2015.06.03-18.04.43:873][251]LogModuleManager: Shutting down and abandoning module TextureAlignMode (166)
[2015.06.03-18.04.43:873][251]LogModuleManager: Shutting down and abandoning module BspMode (165)
[2015.06.03-18.04.43:873][251]LogModuleManager: Shutting down and abandoning module PlacementMode (164)
[2015.06.03-18.04.43:874][251]LogModuleManager: Shutting down and abandoning module AutomationWorker (163)
[2015.06.03-18.04.43:874][251]LogModuleManager: Shutting down and abandoning module CharacterAI (162)
[2015.06.03-18.04.43:874][251]LogModuleManager: Shutting down and abandoning module SmartSnapping (161)
[2015.06.03-18.04.43:874][251]LogModuleManager: Shutting down and abandoning module ViewportSnapping (160)
[2015.06.03-18.04.43:874][251]LogModuleManager: Shutting down and abandoning module LogVisualizer (159)
[2015.06.03-18.04.43:874][251]LogModuleManager: Shutting down and abandoning module GameProjectGeneration (158)
[2015.06.03-18.04.43:874][251]LogModuleManager: Shutting down and abandoning module IntroTutorials (157)
[2015.06.03-18.04.43:874][251]LogModuleManager: Shutting down and abandoning module EditorLiveStreaming (156)
[2015.06.03-18.04.43:874][251]LogModuleManager: Shutting down and abandoning module HardwareTargeting (155)
[2015.06.03-18.04.43:874][251]LogModuleManager: Shutting down and abandoning module DeviceProfileEditor (154)
[2015.06.03-18.04.43:874][251]LogModuleManager: Shutting down and abandoning module UndoHistory (153)
[2015.06.03-18.04.43:874][251]LogModuleManager: Shutting down and abandoning module GameplayTagsEditor (152)
[2015.06.03-18.04.43:874][251]LogModuleManager: Shutting down and abandoning module UserFeedback (151)
[2015.06.03-18.04.43:874][251]LogModuleManager: Shutting down and abandoning module XmlParser (150)
[2015.06.03-18.04.43:874][251]LogModuleManager: Shutting down and abandoning module Blutility (149)
[2015.06.03-18.04.43:874][251]LogModuleManager: Shutting down and abandoning module IOSPlatformEditor (148)
[2015.06.03-18.04.43:874][251]LogModuleManager: Shutting down and abandoning module IOSRuntimeSettings (147)
[2015.06.03-18.04.43:874][251]LogModuleManager: Shutting down and abandoning module AndroidDeviceDetection (146)
[2015.06.03-18.04.44:007][251]LogModuleManager: Shutting down and abandoning module AndroidPlatformEditor (145)
[2015.06.03-18.04.44:007][251]LogModuleManager: Shutting down and abandoning module AndroidRuntimeSettings (144)
[2015.06.03-18.04.44:007][251]LogModuleManager: Shutting down and abandoning module ProjectTargetPlatformEditor (143)
[2015.06.03-18.04.44:007][251]LogModuleManager: Shutting down and abandoning module ProjectSettingsViewer (142)
[2015.06.03-18.04.44:007][251]LogModuleManager: Shutting down and abandoning module InputBindingEditor (141)
[2015.06.03-18.04.44:008][251]LogModuleManager: Shutting down and abandoning module EditorSettingsViewer (140)
[2015.06.03-18.04.44:008][251]LogModuleManager: Shutting down and abandoning module SettingsEditor (139)
[2015.06.03-18.04.44:008][251]LogModuleManager: Shutting down and abandoning module ProjectLauncher (138)
[2015.06.03-18.04.44:008][251]LogModuleManager: Shutting down and abandoning module SessionFrontend (137)
[2015.06.03-18.04.44:008][251]LogModuleManager: Shutting down and abandoning module ProfilerClient (136)
[2015.06.03-18.04.44:008][251]LogModuleManager: Shutting down and abandoning module TargetDeviceServices (135)
[2015.06.03-18.04.44:008][251]LogModuleManager: Shutting down and abandoning module DeviceManager (134)
[2015.06.03-18.04.44:008][251]LogModuleManager: Shutting down and abandoning module AutomationController (133)
[2015.06.03-18.04.44:008][251]LogModuleManager: Shutting down and abandoning module AutomationWindow (132)
[2015.06.03-18.04.44:008][251]LogModuleManager: Shutting down and abandoning module Layers (131)
[2015.06.03-18.04.44:008][251]LogModuleManager: Shutting down and abandoning module ComponentVisualizers (130)
[2015.06.03-18.04.44:008][251]LogModuleManager: Shutting down and abandoning module DetailCustomizations (129)
[2015.06.03-18.04.44:009][251]LogModuleManager: Shutting down and abandoning module PackagesDialog (128)
[2015.06.03-18.04.44:009][251]LogModuleManager: Shutting down and abandoning module AssetRegistry (127)
[2015.06.03-18.04.44:099][251]LogModuleManager: Shutting down and abandoning module Persona (126)
[2015.06.03-18.04.44:099][251]LogModuleManager: Shutting down and abandoning module SlateReflector (125)
[2015.06.03-18.04.44:099][251]LogModuleManager: Shutting down and abandoning module LevelEditor (124)
[2015.06.03-18.04.44:100][251]LogModuleManager: Shutting down and abandoning module Kismet (123)
[2015.06.03-18.04.44:100][251]LogModuleManager: Shutting down and abandoning module GraphEditor (122)
[2015.06.03-18.04.44:100][251]LogModuleManager: Shutting down and abandoning module ClassViewer (121)
[2015.06.03-18.04.44:100][251]LogModuleManager: Shutting down and abandoning module Toolbox (120)
[2015.06.03-18.04.44:100][251]LogModuleManager: Shutting down and abandoning module ModuleUI (119)
[2015.06.03-18.04.44:100][251]LogModuleManager: Shutting down and abandoning module MovieSceneTools (118)
[2015.06.03-18.04.44:100][251]LogModuleManager: Shutting down and abandoning module OutputLog (117)
[2015.06.03-18.04.44:100][251]LogModuleManager: Shutting down and abandoning module GammaUI (116)
[2015.06.03-18.04.44:100][251]LogModuleManager: Shutting down and abandoning module Documentation (115)
[2015.06.03-18.04.44:100][251]LogModuleManager: Shutting down and abandoning module GameLiveStreaming (114)
[2015.06.03-18.04.44:100][251]LogModuleManager: Shutting down and abandoning module StreamingPauseRendering (113)
[2015.06.03-18.04.44:100][251]LogModuleManager: Shutting down and abandoning module HTTP (112)
[2015.06.03-18.04.44:100][251]LogModuleManager: Shutting down and abandoning module AnalyticsET (111)
[2015.06.03-18.04.44:100][251]LogModuleManager: Shutting down and abandoning module Analytics (110)
[2015.06.03-18.04.44:100][251]LogModuleManager: Shutting down and abandoning module AITestSuite (109)
[2015.06.03-18.04.44:100][251]LogModuleManager: Shutting down and abandoning module GameplayDebugger (108)
[2015.06.03-18.04.44:100][251]LogModuleManager: Shutting down and abandoning module AIModule (107)
[2015.06.03-18.04.44:100][251]LogModuleManager: Shutting down and abandoning module ProfilerService (106)
[2015.06.03-18.04.44:240][251]LogModuleManager: Shutting down and abandoning module TaskGraph (105)
[2015.06.03-18.04.44:240][251]LogModuleManager: Shutting down and abandoning module SlateRemote (104)
[2015.06.03-18.04.44:240][251]LogModuleManager: Shutting down and abandoning module ScriptEditorPlugin (103)
[2015.06.03-18.04.44:240][251]LogModuleManager: Shutting down and abandoning module CustomMeshComponent (102)
[2015.06.03-18.04.44:240][251]LogModuleManager: Shutting down and abandoning module CableComponent (101)
[2015.06.03-18.04.44:240][251]LogModuleManager: Shutting down and abandoning module MessagingDebugger (100)
[2015.06.03-18.04.44:240][251]LogModuleManager: Shutting down and abandoning module MediaPlayerEditor (99)
[2015.06.03-18.04.44:240][251]LogModuleManager: Shutting down and abandoning module SpeedTreeImporter (98)
[2015.06.03-18.04.44:240][251]LogModuleManager: Shutting down and abandoning module PluginsEditor (97)
[2015.06.03-18.04.44:240][251]LogModuleManager: Shutting down and abandoning module MainFrame (96)
[2015.06.03-18.04.44:240][251]LogModuleManager: Shutting down and abandoning module EpicSurvey (95)
[2015.06.03-18.04.44:240][251]LogModuleManager: Shutting down and abandoning module DesktopPlatform (94)
[2015.06.03-18.04.44:241][251]LogModuleManager: Shutting down and abandoning module DirectoryWatcher (93)
[2015.06.03-18.04.44:241][251]LogModuleManager: Shutting down and abandoning module HotReload (92)
[2015.06.03-18.04.44:241][251]LogModuleManager: Shutting down and abandoning module VisualStudioSourceCodeAccess (91)
[2015.06.03-18.04.44:241][251]LogModuleManager: Shutting down and abandoning module UObjectPlugin (90)
[2015.06.03-18.04.44:241][251]LogModuleManager: Shutting down and abandoning module SubversionSourceControl (89)
[2015.06.03-18.04.44:241][251]LogModuleManager: Shutting down and abandoning module PerforceSourceControl (88)
[2015.06.03-18.04.44:241][251]LogModuleManager: Shutting down and abandoning module SourceControl (87)
[2015.06.03-18.04.44:241][251]LogModuleManager: Shutting down and abandoning module GitSourceControl (86)
[2015.06.03-18.04.44:242][251]LogModuleManager: Shutting down and abandoning module BlankPlugin (85)
[2015.06.03-18.04.44:242][251]LogModuleManager: Shutting down and abandoning module PaperTiledImporter (84)
[2015.06.03-18.04.44:242][251]LogModuleManager: Shutting down and abandoning module PaperJsonImporter (83)
[2015.06.03-18.04.44:242][251]LogModuleManager: Shutting down and abandoning module ContentBrowser (82)
[2015.06.03-18.04.44:243][251]LogModuleManager: Shutting down and abandoning module Paper2DEditor (81)
[2015.06.03-18.04.44:243][251]LogModuleManager: Shutting down and abandoning module ScriptPlugin (80)
[2015.06.03-18.04.44:243][251]LogModuleManager: Shutting down and abandoning module UdpMessaging (79)
[2015.06.03-18.04.44:344][251]LogModuleManager: Shutting down and abandoning module Paper2D (78)
[2015.06.03-18.04.44:344][251]LogModuleManager: Shutting down and abandoning module WindowsMoviePlayer (77)
[2015.06.03-18.04.44:349][251]LogModuleManager: Shutting down and abandoning module Media (76)
[2015.06.03-18.04.44:349][251]LogModuleManager: Shutting down and abandoning module WmfMedia (75)
[2015.06.03-18.04.44:349][251]LogModuleManager: Shutting down and abandoning module OnlineBlueprintSupport (74)
[2015.06.03-18.04.44:349][251]LogModuleManager: Shutting down and abandoning module PropertyEditor (73)
[2015.06.03-18.04.44:349][251]LogModuleManager: Shutting down and abandoning module BehaviorTreeEditor (72)
[2015.06.03-18.04.44:349][251]LogModuleManager: Shutting down and abandoning module FunctionalTesting (71)
[2015.06.03-18.04.44:349][251]LogModuleManager: Shutting down and abandoning module CollisionAnalyzer (70)
[2015.06.03-18.04.44:349][251]LogModuleManager: Shutting down and abandoning module WorkspaceMenuStructure (69)
[2015.06.03-18.04.44:349][251]LogModuleManager: Shutting down and abandoning module MessageLog (68)
[2015.06.03-18.04.44:349][251]LogModuleManager: Shutting down and abandoning module Sequencer (67)
[2015.06.03-18.04.44:350][251]LogModuleManager: Shutting down and abandoning module AssetTools (66)
[2015.06.03-18.04.44:350][251]LogModuleManager: Shutting down and abandoning module UMGEditor (65)
[2015.06.03-18.04.44:350][251]LogModuleManager: Shutting down and abandoning module UMG (64)
[2015.06.03-18.04.44:350][251]LogModuleManager: Shutting down and abandoning module Slate (63)
[2015.06.03-18.04.44:350][251]LogModuleManager: Shutting down and abandoning module EditorStyle (62)
[2015.06.03-18.04.44:359][251]LogModuleManager: Shutting down and abandoning module SessionServices (61)
[2015.06.03-18.04.44:359][251]LogModuleManager: Shutting down and abandoning module SourceCodeAccess (60)
[2015.06.03-18.04.44:359][251]LogModuleManager: Shutting down and abandoning module HeadMountedDisplay (59)
[2015.06.03-18.04.44:359][251]LogModuleManager: Shutting down and abandoning module XAudio2 (58)
[2015.06.03-18.04.44:359][251]LogModuleManager: Shutting down and abandoning module Networking (56)
[2015.06.03-18.04.44:359][251]LogModuleManager: Shutting down and abandoning module Core (55)
[2015.06.03-18.04.44:359][251]LogModuleManager: Shutting down and abandoning module KismetCompiler (54)
[2015.06.03-18.04.44:359][251]LogModuleManager: Shutting down and abandoning module PhysXFormats (53)
[2015.06.03-18.04.44:359][251]LogModuleManager: Shutting down and abandoning module MeshUtilities (52)
[2015.06.03-18.04.44:359][251]LogModuleManager: Shutting down and abandoning module DerivedDataCache (51)
[2015.06.03-18.04.44:431][251]LogDerivedDataCache: Shutdown
[2015.06.03-18.04.44:431][251]LogModuleManager: Shutting down and abandoning module ShaderFormatOpenGL (50)
[2015.06.03-18.04.44:431][251]LogModuleManager: Shutting down and abandoning module ShaderFormatD3D (49)
[2015.06.03-18.04.44:431][251]LogModuleManager: Shutting down and abandoning module MetalShaderFormat (48)
[2015.06.03-18.04.44:431][251]LogModuleManager: Shutting down and abandoning module TextureFormatUncompressed (47)
[2015.06.03-18.04.44:431][251]LogModuleManager: Shutting down and abandoning module TextureFormatPVR (46)
[2015.06.03-18.04.44:431][251]LogModuleManager: Shutting down and abandoning module TextureFormatIntelISPCTexComp (45)
[2015.06.03-18.04.44:431][251]LogModuleManager: Shutting down and abandoning module TextureFormatDXT (44)
[2015.06.03-18.04.44:431][251]LogModuleManager: Shutting down and abandoning module ImageWrapper (43)
[2015.06.03-18.04.44:431][251]LogModuleManager: Shutting down and abandoning module TextureFormatASTC (42)
[2015.06.03-18.04.44:431][251]LogModuleManager: Shutting down and abandoning module TextureFormatAndroid (41)
[2015.06.03-18.04.44:431][251]LogModuleManager: Shutting down and abandoning module AudioFormatOpus (40)
[2015.06.03-18.04.44:431][251]LogModuleManager: Shutting down and abandoning module AudioFormatOgg (39)
[2015.06.03-18.04.44:431][251]LogModuleManager: Shutting down and abandoning module AudioFormatADPCM (38)
[2015.06.03-18.04.44:431][251]LogModuleManager: Shutting down and abandoning module LinuxTargetPlatform (37)
[2015.06.03-18.04.44:431][251]LogModuleManager: Shutting down and abandoning module LinuxServerTargetPlatform (36)
[2015.06.03-18.04.44:431][251]LogModuleManager: Shutting down and abandoning module LinuxNoEditorTargetPlatform (35)
[2015.06.03-18.04.44:432][251]LogModuleManager: Shutting down and abandoning module Messaging (34)
[2015.06.03-18.04.44:432][251]LogModuleManager: Shutting down and abandoning module IOSTargetPlatform (33)
[2015.06.03-18.04.44:432][251]LogModuleManager: Shutting down and abandoning module HTML5TargetPlatform (32)
[2015.06.03-18.04.44:432][251]LogModuleManager: Shutting down and abandoning module Android_PVRTCTargetPlatform (31)
[2015.06.03-18.04.44:432][251]LogModuleManager: Shutting down and abandoning module Android_ETC2TargetPlatform (30)
[2015.06.03-18.04.44:432][251]LogModuleManager: Shutting down and abandoning module Android_ETC1TargetPlatform (29)
[2015.06.03-18.04.44:432][251]LogModuleManager: Shutting down and abandoning module Android_ES31TargetPlatform (28)
[2015.06.03-18.04.44:432][251]LogModuleManager: Shutting down and abandoning module Android_DXTTargetPlatform (27)
[2015.06.03-18.04.44:432][251]LogModuleManager: Shutting down and abandoning module Android_ATCTargetPlatform (26)
[2015.06.03-18.04.44:432][251]LogModuleManager: Shutting down and abandoning module AndroidTargetPlatform (25)
[2015.06.03-18.04.44:432][251]LogModuleManager: Shutting down and abandoning module WindowsTargetPlatform (24)
[2015.06.03-18.04.44:432][251]LogModuleManager: Shutting down and abandoning module WindowsServerTargetPlatform (23)
[2015.06.03-18.04.44:432][251]LogModuleManager: Shutting down and abandoning module WindowsNoEditorTargetPlatform (22)
[2015.06.03-18.04.44:432][251]LogModuleManager: Shutting down and abandoning module WindowsClientTargetPlatform (21)
[2015.06.03-18.04.44:432][251]LogModuleManager: Shutting down and abandoning module TargetPlatform (20)
[2015.06.03-18.04.44:432][251]LogModuleManager: Shutting down and abandoning module InputCore (19)
[2015.06.03-18.04.44:432][251]LogModuleManager: Shutting down and abandoning module Settings (18)
[2015.06.03-18.04.44:432][251]LogModuleManager: Shutting down and abandoning module OnlineSubsystem (16)
[2015.06.03-18.04.44:432][251]LogModuleManager: Shutting down and abandoning module OculusRift (15)
[2015.06.03-18.04.44:432][251]LogModuleManager: Shutting down and abandoning module ExampleDeviceProfileSelector (14)
[2015.06.03-18.04.44:432][251]LogModuleManager: Shutting down and abandoning module TextureCompressor (13)
[2015.06.03-18.04.44:432][251]LogModuleManager: Shutting down and abandoning module ShaderCore (12)
[2015.06.03-18.04.44:432][251]LogModuleManager: Shutting down and abandoning module Landscape (11)
[2015.06.03-18.04.44:432][251]LogModuleManager: Shutting down and abandoning module SlateRHIRenderer (10)
[2015.06.03-18.04.44:437][251]LogModuleManager: Shutting down and abandoning module OpenGLDrv (9)
[2015.06.03-18.04.44:437][251]LogModuleManager: Shutting down and abandoning module D3D11RHI (8)
[2015.06.03-18.04.44:437][251]LogModuleManager: Shutting down and abandoning module Renderer (7)
[2015.06.03-18.04.44:437][251]LogModuleManager: Shutting down and abandoning module Engine (6)
[2015.06.03-18.04.44:437][251]LogModuleManager: Shutting down and abandoning module CoreUObject (5)
[2015.06.03-18.04.44:437][251]LogModuleManager: Shutting down and abandoning module NetworkFile (4)
[2015.06.03-18.04.44:437][251]LogModuleManager: Shutting down and abandoning module StreamingFile (3)
[2015.06.03-18.04.44:437][251]LogModuleManager: Shutting down and abandoning module SandboxFile (2)
[2015.06.03-18.04.44:437][251]LogModuleManager: Shutting down and abandoning module PakFile (1)
[2015.06.03-18.04.44:439][251]LogExit: Exiting.
[2015.06.03-18.04.44:471][251]Log file closed, 06/03/15 14:04:44
