Log file open, 06/13/15 21:41:57
LogInit:Display: Running engine for game: MyProject2
LogInit: Version: 4.7.6-2513093+++depot+UE4-Releases+4.7
LogInit: API Version: 2455222
LogInit: Compiled (64-bit): Apr 15 2015 12:09:54
LogInit: Compiled with Visual C++: 18.00.21005.01
LogInit: Build Configuration: Development
LogInit: Branch Name: ++depot+UE4-Releases+4.7
LogInit: Command line: 
LogInit: Base directory: C:/Program Files/Epic Games/4.7/Engine/Binaries/Win64/
LogInit: Rocket: 1
[2015.06.14-01.41.57:833][  0]LogTaskGraph: Started task graph with 3 named threads and 6 total threads.
[2015.06.14-01.41.57:890][  0]LogOnline:Warning: No default platform service specified for OnlineSubsystem
[2015.06.14-01.41.57:907][  0]LogInit: Presizing for 0 objects not considered by GC, pre-allocating 0 bytes.
[2015.06.14-01.41.57:920][  0]LogInit: Object subsystem initialized
[2015.06.14-01.41.57:922][  0]LogConsoleResponse:Warning: Skipping Unknown console variable: 'TranslucentSortAxis = (X=0.000000,Y=-1.000000,Z=0.000000)'
[2015.06.14-01.41.57:922][  0]LogConsoleResponse:Warning:   Found in ini file 'C:/Users/Carlos/Documents/GitHub/SugarRushRampage/UNREAL/MyProject2/Saved/Config/Windows/Engine.ini', in section '[/Script/Engine.RendererSettings]'
[2015.06.14-01.41.57:922][  0]LogConsoleResponse:Warning: Skipping Unknown console variable: 'UIScaleRule = ShortestSide'
[2015.06.14-01.41.57:922][  0]LogConsoleResponse:Warning:   Found in ini file 'C:/Users/Carlos/Documents/GitHub/SugarRushRampage/UNREAL/MyProject2/Saved/Config/Windows/Engine.ini', in section '[/Script/Engine.RendererSettings]'
[2015.06.14-01.41.57:922][  0]LogConsoleResponse:Warning: Skipping Unknown console variable: 'UIScaleCurve = (EditorCurveData=(Keys=),ExternalCurve=None)'
[2015.06.14-01.41.57:922][  0]LogConsoleResponse:Warning:   Found in ini file 'C:/Users/Carlos/Documents/GitHub/SugarRushRampage/UNREAL/MyProject2/Saved/Config/Windows/Engine.ini', in section '[/Script/Engine.RendererSettings]'
[2015.06.14-01.41.57:923][  0]LogInit: Selected Device Profile: [Windows]
[2015.06.14-01.41.57:923][  0]LogInit: Applying CVar settings loaded from the selected device profile: [Windows]
[2015.06.14-01.41.57:930][  0]LogInit: Computer: ENRIQUE-VAIO
[2015.06.14-01.41.57:930][  0]LogInit: User: Carlos
[2015.06.14-01.41.57:930][  0]LogInit: CPU Page size=4096, Cores=4
[2015.06.14-01.41.57:930][  0]LogInit: High frequency timer resolution =1.948730 MHz
[2015.06.14-01.41.57:931][  0]LogMemory: Memory total: Physical=8.0GB (8GB approx) Virtual=8192.0GB
[2015.06.14-01.41.57:931][  0]LogMemory: Platform Memory Stats for Windows
[2015.06.14-01.41.57:931][  0]LogMemory: Process Physical Memory: 48.75 MB used, 48.75 MB peak
[2015.06.14-01.41.57:931][  0]LogMemory: Process Virtual Memory: 28.36 MB used, 28.36 MB peak
[2015.06.14-01.41.57:931][  0]LogMemory: Physical Memory: 3963.45 MB used, 8173.22 MB total
[2015.06.14-01.41.57:931][  0]LogMemory: Virtual Memory: 280.75 MB used, 8388608.00 MB total
[2015.06.14-01.41.57:965][  0]LogD3D11RHI: Found D3D11 adapter 0: NVIDIA GeForce GT 540M   (Feature Level 11_0)
[2015.06.14-01.41.57:965][  0]LogD3D11RHI: Adapter has 977MB of dedicated video memory, 0MB of dedicated system memory, and 3071MB of shared system memory, 1 output[s]
[2015.06.14-01.41.57:965][  0]LogD3D11RHI: Chosen D3D11 Adapter Id = 0
[2015.06.14-01.41.57:974][  0]LogRHI: Texture pool is 684 MB (70% of 977 MB)
[2015.06.14-01.41.57:984][  0]LogD3D11RHI: Async texture creation enabled
[2015.06.14-01.41.58:045][  0]LogTextLocalizationManager: The requested culture ('en_US') has no localization data; parent culture's ('en') localization data will be used.
[2015.06.14-01.41.58:130][  0]LogTextLocalizationManager:Warning: Loading localization resources contain conflicting entries for (Namespace:UICommands, Key:Save_ToolTip):
Resource: (C:/Program Files/Epic Games/4.7/Engine/Content/Localization/Editor/en/Editor.locres) Hash: (-29098895) String: (Saves the current level to disk)
Resource: (C:/Program Files/Epic Games/4.7/Engine/Content/Localization/Engine/en/Engine.locres) Hash: (-1280300587) String: (Save selected data to vlog file)
[2015.06.14-01.41.58:130][  0]LogTextLocalizationManager:Warning: Loading localization resources contain conflicting entries for (Namespace:ContentBrowser, Key:ImportAssetToolTip):
Resource: (C:/Program Files/Epic Games/4.7/Engine/Content/Localization/Editor/en/Editor.locres) Hash: (-630476809) String: (Import to {0}...)
Resource: (C:/Program Files/Epic Games/4.7/Engine/Content/Localization/Editor/en/Editor.locres) Hash: (1271782899) String: (Imports an asset from file to this folder.)
[2015.06.14-01.41.58:235][  0]LogContentStreaming: Texture pool size is 0.000000MB
[2015.06.14-01.42.01:361][  0]LogTargetPlatformManager:Display: Building Assets For Windows
[2015.06.14-01.42.01:993][  0]LogTargetPlatformManager:Display: Building Assets For Windows
[2015.06.14-01.42.02:072][  0]LogDerivedDataCache:Display: Max Cache Size: 512 MB
[2015.06.14-01.42.02:116][  0]LogDerivedDataCache: Loaded boot cache 0.04s 39MB C:/Users/Carlos/AppData/Local/UnrealEngine/4.7/DerivedDataCache/Boot.ddc.
[2015.06.14-01.42.02:116][  0]LogDerivedDataCache:Display: Loaded Boot cache: C:/Users/Carlos/AppData/Local/UnrealEngine/4.7/DerivedDataCache/Boot.ddc
[2015.06.14-01.42.02:116][  0]LogDerivedDataCache: FDerivedDataBackendGraph:  Pak pak cache file ../../../../../../Users/Carlos/Documents/GitHub/SugarRushRampage/UNREAL/MyProject2/DerivedDataCache/DDC.ddp not found, will not use a pak cache.
[2015.06.14-01.42.02:116][  0]LogDerivedDataCache: Unable to find inner node Pak for hierarchical cache Hierarchy.
[2015.06.14-01.42.02:280][  0]LogDerivedDataCache:Display: Pak cache opened for reading ../../../Engine/DerivedDataCache/Compressed.ddp.
[2015.06.14-01.42.02:292][  0]LogDerivedDataCache: Using Local data cache path C:/Users/Carlos/AppData/Local/UnrealEngine/Common/DerivedDataCache: Writable
[2015.06.14-01.42.02:690][  0]LogMeshUtilities: No automatic mesh reduction module available
[2015.06.14-01.42.02:690][  0]LogMeshUtilities: No automatic mesh merging module available
[2015.06.14-01.42.03:138][  0]LogInit: WinSock: version 1.1 (2.2), MaxSocks=32767, MaxUdp=65467
[2015.06.14-01.42.03:232][  0]LogSlate:Warning: Failed to load font data from '../../../Engine/Content/Slate/Fonts/Roboto-Italic.ttf'
[2015.06.14-01.42.04:169][  0]UdpMessaging: Initializing bridge on interface 0.0.0.0:0 to multicast group 230.0.0.1:6666.
[2015.06.14-01.42.04:399][  0]SourceControl: Info Source control is disabled
[2015.06.14-01.42.04:399][  0]SourceControl: Info Source control is disabled
[2015.06.14-01.42.04:399][  0]SourceControl: Info Source control is disabled
[2015.06.14-01.42.04:411][  0]LogSourceControl: RunCommandInternalRaw: 'git version'
[2015.06.14-01.42.04:411][  0]LogSourceControl: RunCommandInternalRaw: ExecProcess ReturnCode=2 OutResults=''
[2015.06.14-01.42.04:635][  0]LogObj: 24232 objects as part of root set at end of initial load.
[2015.06.14-01.42.04:635][  0]LogUObjectAllocator: 5137176 out of 0 bytes used by permanent object pool.
[2015.06.14-01.42.04:736][  0]LogEngine: Initializing Engine...
[2015.06.14-01.42.06:981][  0]LogInit: XAudio2 using 'Speaker/HP (Realtek High Definition Audio)' : 2 channels at 44.1 kHz using 16 bits per sample (channel mask 0x3)
[2015.06.14-01.42.07:249][  0]LogInit: FAudioDevice initialized.
[2015.06.14-01.42.07:298][  0]LogAIModule: Creating AISystem for world NewWorld
[2015.06.14-01.42.07:321][  0]LogDerivedDataCache: Saved boot cache 0.02s 39MB C:/Users/Carlos/AppData/Local/UnrealEngine/4.7/DerivedDataCache/Boot.ddc.
[2015.06.14-01.42.07:326][  0]LogInit: Texture streaming: Enabled
[2015.06.14-01.42.07:443][  0]LogAnalytics: Creating configured Analytics provider AnalyticsET
[2015.06.14-01.42.07:443][  0]LogAnalytics: ET APIKey = Rocket.Release. APIServer = http://et2.epicgames.com/ET2/. AppVersion = 4.7.6-2513093+++depot+UE4-Releases+4.7
[2015.06.14-01.42.07:443][  0]LogAnalytics: ET APIKey = Rocket.Release. DataRouterUploadURL = https://datarouter-public-service-gamedev.ol.epicgames.net/datarouter/api/v1/public/data. AppVersion = 4.7.6-2513093+++depot+UE4-Releases+4.7
[2015.06.14-01.42.07:443][  0]LogAnalytics: SetUserId 6aaf54be499587619b19c09b2da3310a|656f284bf5d54f8f9452234d119bf9d4|01f9fe1b-f0f7-4463-ad58-b4af02ddd4b9
[2015.06.14-01.42.07:443][  0]LogAnalytics: AnalyticsET::StartSession [Rocket.Release]
[2015.06.14-01.42.07:479][  0]LogInit: Transaction tracking system initialized
[2015.06.14-01.42.07:696][  0]BlueprintLog: New page: Editor Load
[2015.06.14-01.42.07:736][  0]LogAssetRegistry: FAssetRegistry took 0.0097 seconds to start up
[2015.06.14-01.42.07:736][  0]LogDirectoryWatcher:Warning: Failed to begin reading directory changes for ../../../Engine/Plugins/Experimental/CharacterAI/Content/. Error: 0
[2015.06.14-01.42.08:500][  0]LogTargetPlatformManager:Display: Building Assets For Windows
[2015.06.14-01.42.08:982][  0]LogTargetPlatformManager:Display: Building Assets For Windows
[2015.06.14-01.42.09:309][  0]LogSlate:Warning: Failed to load font data from '../../../Engine/Content/Editor/Slate/Fonts/Roboto-Regular.ttf'
[2015.06.14-01.42.09:309][  0]LogSlate:Warning: Failed to load font data from '../../../Engine/Content/Editor/Slate/Fonts/Roboto-Bold.ttf'
[2015.06.14-01.42.09:315][  0]LogConsoleResponse:Display: 
[2015.06.14-01.42.09:477][  0]LogCook:Display: Done creating registry. It took  0.00s.
[2015.06.14-01.42.09:654][  0]LogSourceControl: RunCommandInternalRaw: 'git version'
[2015.06.14-01.42.09:654][  0]LogSourceControl: RunCommandInternalRaw: ExecProcess ReturnCode=2 OutResults=''
[2015.06.14-01.42.09:655][  0]Cmd: MAP LOAD FILE="../../../../../../Users/Carlos/Documents/GitHub/SugarRushRampage/UNREAL/MyProject2/Content/TopDownBP/Maps/TopDownExampleMap.umap" TEMPLATE=0 SHOWPROGRESS=1 FEATURELEVEL=3
[2015.06.14-01.42.09:655][  0]LightingResults: New page: Lighting Build
[2015.06.14-01.42.09:671][  0]MapCheck: New page: Map Check
[2015.06.14-01.42.09:671][  0]LightingResults: New page: Lighting Build
[2015.06.14-01.42.09:680][  0]LogParticles: Destroying 0 GPU particle simulations for FXSystem 0x0000000016C70680
[2015.06.14-01.42.11:993][  0]LogEditorServer: Finished looking for orphan Actors (0.000 secs)
[2015.06.14-01.42.11:994][  0]LogAIModule: Creating AISystem for world TopDownExampleMap
[2015.06.14-01.42.11:994][  0]Cmd: MAP CHECKDEP
[2015.06.14-01.42.11:995][  0]MapCheck: New page: TopDownExampleMap - Jun 13, 2015, 5:42:11 PM
[2015.06.14-01.42.12:098][  0]MapCheck: Info Map check complete: 0 Error(s), 0 Warning(s), took 103.047ms to complete.
[2015.06.14-01.42.12:098][  0]LogFileHelpers: Loading map 'TopDownExampleMap' took 2.443
[2015.06.14-01.42.12:253][  0]LogCollectionManager: Loaded 0 collections in 0.002001 seconds
[2015.06.14-01.42.12:269][  0]LogContentBrowser: Native class hierarchy populated in 0.0160 seconds. Added 1696 classes and 261 folders.
[2015.06.14-01.42.12:308][  0]LogContentBrowser: Native class hierarchy updated for 'SceneOutliner' in 0.0026 seconds. Added 1 classes and 2 folders.
[2015.06.14-01.42.12:399][  0]LogCrashTracker: Crashtracker disabled due to settings.
[2015.06.14-01.42.12:400][  0]LogSlate:Warning: Failed to load font data from 'Veranda'
[2015.06.14-01.42.12:405][  0]LogUObjectGlobals:Warning: Failed to find object 'Class None.'
[2015.06.14-01.42.12:429][  0]LogLoad: Full Startup: 16.63 seconds (BP compile: 0.89 seconds)
[2015.06.14-01.42.12:922][  0]LogContentBrowser:Verbose: The content browser source was changed by the sources view to '/Game/TopDownBP/Blueprints'
[2015.06.14-01.42.13:066][  0]LogRenderer:Warning: Reallocating scene render targets to support 32x32 (Frame:2).
[2015.06.14-01.42.13:134][  0]LogRenderer:Warning: Reallocating scene render targets to support 1040x480 (Frame:3).
[2015.06.14-01.42.16:305][ 10]LogAssetRegistry: Asset discovery search completed in 8.5796 seconds
[2015.06.14-01.42.33:905][438]Cmd: SELECT NONE
[2015.06.14-01.42.45:407][868]LogEditorViewport: Clicking on Actor (LMB): StaticMeshActor (Floor)
[2015.06.14-01.42.49:990][ 49]Cmd: SELECT NONE
[2015.06.14-01.43.07:583][747]Cmd: SELECT NONE
[2015.06.14-01.44.39:052][509]LogRenderer:Warning: Reallocating scene render targets to support 1216x608 (Frame:1480).
[2015.06.14-01.44.46:619][955]LogRenderer:Warning: Reallocating scene render targets to support 1240x608 (Frame:1483).
[2015.06.14-01.44.53:339][281]LogRenderer:Warning: Reallocating scene render targets to support 1240x656 (Frame:1537).
[2015.06.14-01.46.18:667][275]LogContentBrowser:Verbose: The content browser source was changed by the sources view to '/Game/TopDownBP/Maps'
[2015.06.14-01.46.30:793][977]LogActorComponent: UnregisterComponent: (/Engine/Transient.ProjectileMovementComponent_1) Not registered. Aborting.
[2015.06.14-01.46.30:793][977]LogActorComponent: UnregisterComponent: (/Engine/Transient.CharMoveComp) Not registered. Aborting.
[2015.06.14-01.46.30:793][977]LogActorComponent: UnregisterComponent: (/Engine/Transient.CharacterMovementComponent_0) Not registered. Aborting.
[2015.06.14-01.46.30:793][977]LogActorComponent: UnregisterComponent: (/Engine/Transient.CharacterMovementComponent_1) Not registered. Aborting.
[2015.06.14-01.46.33:264][977]LogSavePackage: Save=563.824646ms
[2015.06.14-01.46.33:264][977]LogSavePackage: Moving '../../../../../../Users/Carlos/Documents/GitHub/SugarRushRampage/UNREAL/MyProject2/Saved/Player24AAEE6694EF3D243EAB9918FA6CBE088.tmp' to '../../../../../../Users/Carlos/Documents/GitHub/SugarRushRampage/UNREAL/MyProject2/Content/TopDownBP/Blueprints/Player2.uasset'
[2015.06.14-01.46.33:270][977]Cmd: MAP LOAD FILE="../../../../../../Users/Carlos/Documents/GitHub/SugarRushRampage/UNREAL/MyProject2/Content/TopDownBP/Maps/Menu.umap" TEMPLATE=0 SHOWPROGRESS=1 FEATURELEVEL=3
[2015.06.14-01.46.33:270][977]LightingResults: New page: Lighting Build
[2015.06.14-01.46.33:302][977]LoadErrors: New page: Loading map: Menu.umap
[2015.06.14-01.46.33:304][977]MapCheck: New page: Map Check
[2015.06.14-01.46.33:304][977]LightingResults: New page: Lighting Build
[2015.06.14-01.46.33:304][977]LogActorComponent: UnregisterComponent: (/Engine/Transient.CharMoveComp) Not registered. Aborting.
[2015.06.14-01.46.33:323][977]LogParticles: Destroying 0 GPU particle simulations for FXSystem 0x000000000D86E980
[2015.06.14-01.46.33:370][977]LogEditorServer: Finished looking for orphan Actors (0.000 secs)
[2015.06.14-01.46.33:371][977]LogAIModule: Creating AISystem for world Menu
[2015.06.14-01.46.33:418][977]Cmd: MAP CHECKDEP
[2015.06.14-01.46.33:419][977]MapCheck: New page: Menu - Jun 13, 2015, 5:46:33 PM
[2015.06.14-01.46.33:533][977]MapCheck: Info Map check complete: 0 Error(s), 0 Warning(s), took 114.59ms to complete.
[2015.06.14-01.46.33:564][977]LogFileHelpers: Loading map 'Menu' took 0.297
[2015.06.14-01.46.37:873][210]LogActorComponent: UnregisterComponent: (/Engine/Transient.ProjectileMovementComponent_1) Not registered. Aborting.
[2015.06.14-01.46.37:899][210]Cmd: MAP LOAD FILE="../../../../../../Users/Carlos/Documents/GitHub/SugarRushRampage/UNREAL/MyProject2/Content/TopDownBP/Maps/TopDownExampleMap.umap" TEMPLATE=0 SHOWPROGRESS=1 FEATURELEVEL=3
[2015.06.14-01.46.37:899][210]LightingResults: New page: Lighting Build
[2015.06.14-01.46.37:930][210]LoadErrors: New page: Loading map: TopDownExampleMap.umap
[2015.06.14-01.46.37:931][210]MapCheck: New page: Map Check
[2015.06.14-01.46.37:931][210]LightingResults: New page: Lighting Build
[2015.06.14-01.46.37:950][210]LogParticles: Destroying 0 GPU particle simulations for FXSystem 0x000000000D9DF4C0
[2015.06.14-01.46.38:003][210]LogEditorServer: Finished looking for orphan Actors (0.000 secs)
[2015.06.14-01.46.38:004][210]LogAIModule: Creating AISystem for world TopDownExampleMap
[2015.06.14-01.46.38:051][210]Cmd: MAP CHECKDEP
[2015.06.14-01.46.38:052][210]MapCheck: New page: TopDownExampleMap - Jun 13, 2015, 5:46:38 PM
[2015.06.14-01.46.38:167][210]MapCheck: Info Map check complete: 0 Error(s), 0 Warning(s), took 114.93ms to complete.
[2015.06.14-01.46.38:168][210]LogFileHelpers: Loading map 'TopDownExampleMap' took 0.272
[2015.06.14-01.46.50:531][840]LogEditorViewport: Clicking on Actor (LMB): StaticMeshActor (Floor)
[2015.06.14-01.46.52:252][935]LogContentBrowser:Verbose: The content browser source was changed by the sources view to '/Game/TopDownBP/Blueprints'
[2015.06.14-01.46.57:501][ 80]Cmd: DELETE
[2015.06.14-01.46.57:501][ 80]Cmd: ACTOR DELETE
[2015.06.14-01.46.57:556][ 80]LogEditorActor: Deleted Actor: Player2_C
[2015.06.14-01.46.57:587][ 80]LogActorComponent: UnregisterComponent: (/Engine/Transient.ProjectileMovementComponent_1) Not registered. Aborting.
[2015.06.14-01.46.57:587][ 80]LogActorComponent: UnregisterComponent: (/Engine/Transient.CharMoveComp) Not registered. Aborting.
[2015.06.14-01.46.57:589][ 80]LogActorComponent: UnregisterComponent: (/Engine/Transient.CharacterMovementComponent_2) Not registered. Aborting.
[2015.06.14-01.46.57:590][ 80]LogActorComponent: UnregisterComponent: (/Engine/Transient.CharacterMovementComponent_3) Not registered. Aborting.
[2015.06.14-01.46.57:634][ 80]LogEditorActor: Deleted 1 Actors (0.120 secs)
[2015.06.14-01.47.41:520][221]LogContentBrowser:Verbose: The content browser source was changed by the sources view to '/Game/TopDownBP/Maps'
[2015.06.14-01.47.43:682][337]LogActorComponent: UnregisterComponent: (/Engine/Transient.ProjectileMovementComponent_1) Not registered. Aborting.
[2015.06.14-01.47.43:682][337]LogActorComponent: UnregisterComponent: (/Engine/Transient.CharMoveComp) Not registered. Aborting.
[2015.06.14-01.47.43:683][337]LogActorComponent: UnregisterComponent: (/Engine/Transient.CharacterMovementComponent_4) Not registered. Aborting.
[2015.06.14-01.47.43:683][337]LogActorComponent: UnregisterComponent: (/Engine/Transient.CharacterMovementComponent_5) Not registered. Aborting.
[2015.06.14-01.47.47:303][337]LogSavePackage: Save=2209.554443ms
[2015.06.14-01.47.47:303][337]LogSavePackage: Moving '../../../../../../Users/Carlos/Documents/GitHub/SugarRushRampage/UNREAL/MyProject2/Saved/TopDownExampleMapBC5099FC432F2F21465C27BBE3A35C5D.tmp' to '../../../../../../Users/Carlos/Documents/GitHub/SugarRushRampage/UNREAL/MyProject2/Content/TopDownBP/Maps/TopDownExampleMap.umap'
[2015.06.14-01.47.47:542][337]LogFileHelpers: Saving map 'TopDownExampleMap' took 2.615
[2015.06.14-01.47.47:563][337]Cmd: MAP LOAD FILE="../../../../../../Users/Carlos/Documents/GitHub/SugarRushRampage/UNREAL/MyProject2/Content/TopDownBP/Maps/Menu.umap" TEMPLATE=0 SHOWPROGRESS=1 FEATURELEVEL=3
[2015.06.14-01.47.47:564][337]LightingResults: New page: Lighting Build
[2015.06.14-01.47.47:606][337]LoadErrors: New page: Loading map: Menu.umap
[2015.06.14-01.47.47:608][337]MapCheck: New page: Map Check
[2015.06.14-01.47.47:608][337]LightingResults: New page: Lighting Build
[2015.06.14-01.47.47:628][337]LogParticles: Destroying 0 GPU particle simulations for FXSystem 0x0000000018F23100
[2015.06.14-01.47.47:779][337]LogEditorServer: Finished looking for orphan Actors (0.000 secs)
[2015.06.14-01.47.47:781][337]LogAIModule: Creating AISystem for world Menu
[2015.06.14-01.47.47:829][337]Cmd: MAP CHECKDEP
[2015.06.14-01.47.47:829][337]MapCheck: New page: Menu - Jun 13, 2015, 5:47:47 PM
[2015.06.14-01.47.47:941][337]MapCheck: Info Map check complete: 0 Error(s), 0 Warning(s), took 111.906ms to complete.
[2015.06.14-01.47.47:941][337]LogFileHelpers: Loading map 'Menu' took 0.399
[2015.06.14-01.47.55:519][780]LogContentBrowser:Verbose: The content browser source was changed by the sources view to '/Game/TopDownBP/Blueprints'
[2015.06.14-01.48.10:485][424]LogActorComponent: UnregisterComponent: (/Engine/Transient.ProjectileMovementComponent_1) Not registered. Aborting.
[2015.06.14-01.48.10:485][424]LogActorComponent: UnregisterComponent: (/Engine/Transient.CharMoveComp) Not registered. Aborting.
[2015.06.14-01.48.10:485][424]LogActorComponent: UnregisterComponent: (/Engine/Transient.CharacterMovementComponent_6) Not registered. Aborting.
[2015.06.14-01.48.10:486][424]LogActorComponent: UnregisterComponent: (/Engine/Transient.CharacterMovementComponent_7) Not registered. Aborting.
[2015.06.14-01.48.10:513][424]LogParticles: Destroying 0 GPU particle simulations for FXSystem 0x000000000B87E2A0
[2015.06.14-01.48.10:514][424]LogParticles: Destroying 0 GPU particle simulations for FXSystem 0x0000000028016020
[2015.06.14-01.49.53:603][286]LogEditorTransaction: Undo Move Widget
[2015.06.14-01.54.51:908][988]BlueprintLog: New page: Compile MainMenu
[2015.06.14-01.54.52:075][988]LogActorComponent: UnregisterComponent: (/Engine/Transient.ProjectileMovementComponent_1) Not registered. Aborting.
[2015.06.14-01.54.52:076][988]LogActorComponent: UnregisterComponent: (/Engine/Transient.CharMoveComp) Not registered. Aborting.
[2015.06.14-01.54.52:076][988]LogActorComponent: UnregisterComponent: (/Engine/Transient.CharacterMovementComponent_8) Not registered. Aborting.
[2015.06.14-01.54.52:076][988]LogActorComponent: UnregisterComponent: (/Engine/Transient.CharacterMovementComponent_9) Not registered. Aborting.
[2015.06.14-01.54.52:135][988]BlueprintEditorCompileResults: Info [0776.33] Compile of MainMenu successful! [in 226 ms]
[2015.06.14-01.56.14:048][734]BlueprintLog: New page: Compile MainMenu
[2015.06.14-01.56.14:179][734]BlueprintEditorCompileResults: Info [0858.37] Compile of MainMenu successful! [in 130 ms]
[2015.06.14-01.56.15:213][793]BlueprintLog: New page: Pre-PIE auto-recompile
[2015.06.14-01.56.15:213][793]LogPlayLevel: [PIE] Compiling Menu before PIE...
[2015.06.14-01.56.15:295][793]LogPlayLevel: PIE:  Blueprint regeneration took 81 ms (1 blueprints)
[2015.06.14-01.56.15:295][793]PIE: New page: PIE session: Menu (Jun 13, 2015, 5:56:15 PM)
[2015.06.14-01.56.15:300][793]LogPlayLevel: PIE: StaticDuplicateObject took: (0.004281s)
[2015.06.14-01.56.15:301][793]LogPlayLevel: PIE: World Init took: (0.000757s)
[2015.06.14-01.56.15:301][793]LogPlayLevel: PIE: Created PIE world by copying editor world from /Game/TopDownBP/Maps/Menu.Menu to /Game/TopDownBP/Maps/UEDPIE_0_Menu.Menu (0.005232s)
[2015.06.14-01.56.15:347][793]LogWorld: Game class is 'TopDownGameMode_C'
[2015.06.14-01.56.15:349][793]LogAIModule: Creating AISystem for world Menu
[2015.06.14-01.56.15:351][793]LogWorld: Bringing World /Game/TopDownBP/Maps/UEDPIE_0_Menu.Menu up for play (max tick rate 60) at 2015.06.13-21.56.15
[2015.06.14-01.56.15:351][793]LogWorld: Bringing up level for play took: 0.001336
[2015.06.14-01.56.15:352][793]LogGameMode: Warning - PATHS NOT DEFINED or NO PLAYERSTART with positive rating
[2015.06.14-01.56.15:370][793]PIE: Info Play in editor start time for /Game/TopDownBP/Maps/UEDPIE_0_Menu 0.653
[2015.06.14-01.56.15:385][793]LogRenderer:Warning: Reallocating scene render targets to support 1296x760 (Frame:2917).
[2015.06.14-01.56.16:497][818]LogPackageName: SearchForPackageOnDisk took   0.093s to resolve TopDownExampleMap.umap
[2015.06.14-01.56.16:583][818]LogPackageName: SearchForPackageOnDisk took   0.084s to resolve TopDownExampleMap.umap
[2015.06.14-01.56.16:583][818]LogNet: Browse: /Game/TopDownBP/Maps/TopDownExampleMap
[2015.06.14-01.56.16:583][818]LogLoad: LoadMap: /Game/TopDownBP/Maps/TopDownExampleMap
[2015.06.14-01.56.16:615][818]LogParticles: Destroying 0 GPU particle simulations for FXSystem 0x000000001CFA16C0
[2015.06.14-01.56.16:615][818]Cmd: MEM
[2015.06.14-01.56.16:639][818]LogMemory: Platform Memory Stats for Windows
[2015.06.14-01.56.16:639][818]LogMemory: Process Physical Memory: 661.34 MB used, 1253.13 MB peak
[2015.06.14-01.56.16:639][818]LogMemory: Process Virtual Memory: 552.37 MB used, 1152.54 MB peak
[2015.06.14-01.56.16:639][818]LogMemory: Physical Memory: 4359.05 MB used, 8173.22 MB total
[2015.06.14-01.56.16:639][818]LogMemory: Virtual Memory: 1103.14 MB used, 8388608.00 MB total
[2015.06.14-01.56.16:639][818]LogMemory: 
[2015.06.14-01.56.16:639][818]Allocator Stats for TBB: (not implemented)
[2015.06.14-01.56.17:829][818]LogWorld: Game class is 'TopDownGameMode_C'
[2015.06.14-01.56.17:831][818]LogAIModule: Creating AISystem for world TopDownExampleMap
[2015.06.14-01.56.17:845][818]LogWorld:Warning: *** WARNING - PATHS MAY NOT BE VALID ***
[2015.06.14-01.56.17:845][818]LogWorld: Bringing World /Game/TopDownBP/Maps/UEDPIE_0_TopDownExampleMap.TopDownExampleMap up for play (max tick rate 60) at 2015.06.13-21.56.17
[2015.06.14-01.56.17:847][818]LogWorld: Bringing up level for play took: 0.015602
[2015.06.14-01.56.20:038][851]LogParticles: Destroying 0 GPU particle simulations for FXSystem 0x000000001F29F740
[2015.06.14-01.57.52:725][241]LogActorComponent: UnregisterComponent: (/Engine/Transient.CharMoveComp) Not registered. Aborting.
[2015.06.14-01.57.52:725][241]LogActorComponent: UnregisterComponent: (/Engine/Transient.ProjectileMovementComponent_1) Not registered. Aborting.
[2015.06.14-01.57.52:725][241]LogActorComponent: UnregisterComponent: (/Engine/Transient.CharacterMovementComponent_10) Not registered. Aborting.
[2015.06.14-01.57.52:726][241]LogActorComponent: UnregisterComponent: (/Engine/Transient.CharacterMovementComponent_11) Not registered. Aborting.
[2015.06.14-01.57.52:751][241]LogFileHelpers: Editor autosave (incl. sublevels) for '/Game/TopDownBP/Maps/Menu' took 0.026
[2015.06.14-01.57.52:792][241]OBJ SavePackage: Generating thumbnails for [0] asset(s) in package [/Game/TopDownBP/Blueprints/MainMenu] ([1] browsable assets)...
[2015.06.14-01.57.52:821][241]OBJ SavePackage: Finished generating thumbnails for package [/Game/TopDownBP/Blueprints/MainMenu]
[2015.06.14-01.57.53:009][241]LogSavePackage: Save=175.977173ms
[2015.06.14-01.57.53:010][241]LogSavePackage: Moving '../../../../../../Users/Carlos/Documents/GitHub/SugarRushRampage/UNREAL/MyProject2/Saved/MainMenu_Auto1009D67E94A8DC3A40AB335987CCCCA4E.tmp' to '../../../../../../Users/Carlos/Documents/GitHub/SugarRushRampage/UNREAL/MyProject2/Saved/Autosaves/Game/TopDownBP/Blueprints/MainMenu_Auto1.uasset'
[2015.06.14-01.57.53:017][241]LogFileHelpers: Auto-saving content packages took 0.265
[2015.06.14-02.00.11:795][545]LogEditorTransaction: Undo Move Node
[2015.06.14-02.00.13:110][606]LogEditorTransaction: Undo Delete current selection
[2015.06.14-02.00.36:301][987]BlueprintLog: New page: Compile MainMenu
[2015.06.14-02.00.36:472][987]BlueprintEditorCompileResults: Info [1120.66] Compile of MainMenu successful! [in 170 ms]
[2015.06.14-02.00.38:576][111]BlueprintLog: New page: Pre-PIE auto-recompile
[2015.06.14-02.00.38:576][111]LogPlayLevel: [PIE] Compiling Menu before PIE...
[2015.06.14-02.00.38:654][111]LogPlayLevel: PIE:  Blueprint regeneration took 77 ms (1 blueprints)
[2015.06.14-02.00.38:654][111]PIE: New page: PIE session: Menu (Jun 13, 2015, 6:00:38 PM)
[2015.06.14-02.00.38:659][111]LogPlayLevel: PIE: StaticDuplicateObject took: (0.004328s)
[2015.06.14-02.00.38:659][111]LogPlayLevel: PIE: World Init took: (0.000735s)
[2015.06.14-02.00.38:660][111]LogPlayLevel: PIE: Created PIE world by copying editor world from /Game/TopDownBP/Maps/Menu.Menu to /Game/TopDownBP/Maps/UEDPIE_0_Menu.Menu (0.005251s)
[2015.06.14-02.00.38:698][111]LogWorld: Game class is 'TopDownGameMode_C'
[2015.06.14-02.00.38:700][111]LogAIModule: Creating AISystem for world Menu
[2015.06.14-02.00.38:701][111]LogWorld: Bringing World /Game/TopDownBP/Maps/UEDPIE_0_Menu.Menu up for play (max tick rate 60) at 2015.06.13-22.00.38
[2015.06.14-02.00.38:702][111]LogWorld: Bringing up level for play took: 0.001234
[2015.06.14-02.00.38:703][111]LogGameMode: Warning - PATHS NOT DEFINED or NO PLAYERSTART with positive rating
[2015.06.14-02.00.38:719][111]PIE: Info Play in editor start time for /Game/TopDownBP/Maps/UEDPIE_0_Menu -0.001
[2015.06.14-02.00.41:146][172]LogPackageName: SearchForPackageOnDisk took   0.084s to resolve TopDownExampleMap.umap
[2015.06.14-02.00.41:231][172]LogPackageName: SearchForPackageOnDisk took   0.083s to resolve TopDownExampleMap.umap
[2015.06.14-02.00.41:231][172]LogNet: Browse: /Game/TopDownBP/Maps/TopDownExampleMap
[2015.06.14-02.00.41:231][172]LogLoad: LoadMap: /Game/TopDownBP/Maps/TopDownExampleMap
[2015.06.14-02.00.41:260][172]LogParticles: Destroying 0 GPU particle simulations for FXSystem 0x0000000018F20EA0
[2015.06.14-02.00.41:260][172]Cmd: MEM
[2015.06.14-02.00.41:284][172]LogMemory: Platform Memory Stats for Windows
[2015.06.14-02.00.41:284][172]LogMemory: Process Physical Memory: 1103.18 MB used, 1387.57 MB peak
[2015.06.14-02.00.41:284][172]LogMemory: Process Virtual Memory: 992.91 MB used, 1282.45 MB peak
[2015.06.14-02.00.41:284][172]LogMemory: Physical Memory: 4820.90 MB used, 8173.22 MB total
[2015.06.14-02.00.41:284][172]LogMemory: Virtual Memory: 1545.46 MB used, 8388608.00 MB total
[2015.06.14-02.00.41:284][172]LogMemory: 
[2015.06.14-02.00.41:284][172]Allocator Stats for TBB: (not implemented)
[2015.06.14-02.00.42:519][172]LogWorld: Game class is 'TopDownGameMode_C'
[2015.06.14-02.00.42:521][172]LogAIModule: Creating AISystem for world TopDownExampleMap
[2015.06.14-02.00.42:535][172]LogWorld:Warning: *** WARNING - PATHS MAY NOT BE VALID ***
[2015.06.14-02.00.42:535][172]LogWorld: Bringing World /Game/TopDownBP/Maps/UEDPIE_0_TopDownExampleMap.TopDownExampleMap up for play (max tick rate 60) at 2015.06.13-22.00.42
[2015.06.14-02.00.42:537][172]LogWorld: Bringing up level for play took: 0.015381
[2015.06.14-02.00.49:555][291]LogParticles: Destroying 0 GPU particle simulations for FXSystem 0x000000001F83B880
[2015.06.14-02.01.16:105][686]LogContentBrowser:Verbose: The content browser source was changed by the sources view to '/Game/TopDownBP/Maps'
[2015.06.14-02.01.21:596][986]LogActorComponent: UnregisterComponent: (/Engine/Transient.CharMoveComp) Not registered. Aborting.
[2015.06.14-02.01.21:597][986]LogActorComponent: UnregisterComponent: (/Engine/Transient.ProjectileMovementComponent_1) Not registered. Aborting.
[2015.06.14-02.01.21:597][986]LogActorComponent: UnregisterComponent: (/Engine/Transient.CharacterMovementComponent_12) Not registered. Aborting.
[2015.06.14-02.01.21:597][986]LogActorComponent: UnregisterComponent: (/Engine/Transient.CharacterMovementComponent_13) Not registered. Aborting.
[2015.06.14-02.01.24:235][986]LogSavePackage: Save=98.332764ms
[2015.06.14-02.01.24:235][986]LogSavePackage: Moving '../../../../../../Users/Carlos/Documents/GitHub/SugarRushRampage/UNREAL/MyProject2/Saved/MainMenuA87146E24E17EA4B3F9639AC4402C1C2.tmp' to '../../../../../../Users/Carlos/Documents/GitHub/SugarRushRampage/UNREAL/MyProject2/Content/TopDownBP/Blueprints/MainMenu.uasset'
[2015.06.14-02.01.24:241][986]Cmd: MAP LOAD FILE="../../../../../../Users/Carlos/Documents/GitHub/SugarRushRampage/UNREAL/MyProject2/Content/TopDownBP/Maps/TopDownExampleMap.umap" TEMPLATE=0 SHOWPROGRESS=1 FEATURELEVEL=3
[2015.06.14-02.01.24:241][986]LightingResults: New page: Lighting Build
[2015.06.14-02.01.24:281][986]LoadErrors: New page: Loading map: TopDownExampleMap.umap
[2015.06.14-02.01.24:282][986]MapCheck: New page: Map Check
[2015.06.14-02.01.24:282][986]LightingResults: New page: Lighting Build
[2015.06.14-02.01.24:352][986]LogParticles: Destroying 0 GPU particle simulations for FXSystem 0x0000000016886160
[2015.06.14-02.01.24:357][986]LogEditorServer: Finished looking for orphan Actors (0.000 secs)
[2015.06.14-02.01.24:357][986]LogAIModule: Creating AISystem for world TopDownExampleMap
[2015.06.14-02.01.24:451][986]Cmd: MAP CHECKDEP
[2015.06.14-02.01.24:451][986]MapCheck: New page: TopDownExampleMap - Jun 13, 2015, 6:01:24 PM
[2015.06.14-02.01.24:604][986]MapCheck: Info Map check complete: 0 Error(s), 0 Warning(s), took 152.552ms to complete.
[2015.06.14-02.01.24:631][986]LogFileHelpers: Loading map 'TopDownExampleMap' took 0.393
[2015.06.14-02.01.30:311][311]LogEditorViewport: Clicking on Actor (LMB): TargetPoint (PlayerSpawn)
[2015.06.14-02.08.17:333][773]LogEditorViewport: Clicking on Actor (LMB): TargetPoint (PlayerSpawn)
[2015.06.14-02.08.18:785][848]LogEditorActor: Deleted Actor: TargetPoint
[2015.06.14-02.08.18:787][848]LogActorComponent: UnregisterComponent: (/Engine/Transient.ProjectileMovementComponent_1) Not registered. Aborting.
[2015.06.14-02.08.18:787][848]LogActorComponent: UnregisterComponent: (/Engine/Transient.CharMoveComp) Not registered. Aborting.
[2015.06.14-02.08.18:813][848]LogEditorActor: Deleted 1 Actors (0.029 secs)
[2015.06.14-02.09.20:719][997]LogContentBrowser:Verbose: The content browser source was changed by the sources view to '/Game/TopDownBP/Blueprints'
[2015.06.14-02.10.06:444][591]BlueprintLog: New page: Compile MainMenu
[2015.06.14-02.10.06:543][591]LogActorComponent: UnregisterComponent: (/Engine/Transient.CharMoveComp) Not registered. Aborting.
[2015.06.14-02.10.06:543][591]LogActorComponent: UnregisterComponent: (/Engine/Transient.CharacterMovementComponent_14) Not registered. Aborting.
[2015.06.14-02.10.06:543][591]LogActorComponent: UnregisterComponent: (/Engine/Transient.ProjectileMovementComponent_1) Not registered. Aborting.
[2015.06.14-02.10.06:543][591]LogActorComponent: UnregisterComponent: (/Engine/Transient.CharacterMovementComponent_15) Not registered. Aborting.
[2015.06.14-02.10.06:563][591]LogParticles: Destroying 0 GPU particle simulations for FXSystem 0x0000000025B4A5C0
[2015.06.14-02.10.06:580][591]BlueprintEditorCompileResults: Info [1690.76] Compile of MainMenu successful! [in 135 ms]
[2015.06.14-02.11.21:923][897]LogActorComponent: UnregisterComponent: (/Engine/Transient.CharMoveComp) Not registered. Aborting.
[2015.06.14-02.11.24:386][897]LogSavePackage: Save=2334.474365ms
[2015.06.14-02.11.24:386][897]LogSavePackage: Moving '../../../../../../Users/Carlos/Documents/GitHub/SugarRushRampage/UNREAL/MyProject2/Saved/TopDownExampleMap_Auto2A1319EF84D6952B58418F48CDD439390.tmp' to '../../../../../../Users/Carlos/Documents/GitHub/SugarRushRampage/UNREAL/MyProject2/Saved/Autosaves/Game/TopDownBP/Maps/TopDownExampleMap_Auto2.umap'
[2015.06.14-02.11.24:439][897]LogFileHelpers: Editor autosave (incl. sublevels) for '/Game/TopDownBP/Maps/TopDownExampleMap' took 2.516
[2015.06.14-02.11.24:439][897]LogFileHelpers: Editor autosave (incl. sublevels) for all levels took 2.516
[2015.06.14-02.11.24:471][897]OBJ SavePackage: Generating thumbnails for [0] asset(s) in package [/Game/TopDownBP/Blueprints/Player2] ([1] browsable assets)...
[2015.06.14-02.11.24:471][897]OBJ SavePackage: Finished generating thumbnails for package [/Game/TopDownBP/Blueprints/Player2]
[2015.06.14-02.11.24:793][897]LogSavePackage: Save=299.086578ms
[2015.06.14-02.11.24:794][897]LogSavePackage: Moving '../../../../../../Users/Carlos/Documents/GitHub/SugarRushRampage/UNREAL/MyProject2/Saved/Player2_Auto2CDE9D46F46DE165BB0EC0085E245BF92.tmp' to '../../../../../../Users/Carlos/Documents/GitHub/SugarRushRampage/UNREAL/MyProject2/Saved/Autosaves/Game/TopDownBP/Blueprints/Player2_Auto2.uasset'
[2015.06.14-02.11.24:840][897]OBJ SavePackage: Generating thumbnails for [0] asset(s) in package [/Game/TopDownBP/Blueprints/MainMenu] ([1] browsable assets)...
[2015.06.14-02.11.24:840][897]OBJ SavePackage: Finished generating thumbnails for package [/Game/TopDownBP/Blueprints/MainMenu]
[2015.06.14-02.11.25:094][897]LogSavePackage: Save=211.422821ms
[2015.06.14-02.11.25:095][897]LogSavePackage: Moving '../../../../../../Users/Carlos/Documents/GitHub/SugarRushRampage/UNREAL/MyProject2/Saved/MainMenu_Auto2546F343E465F82051FB8DAAFEC058B7C.tmp' to '../../../../../../Users/Carlos/Documents/GitHub/SugarRushRampage/UNREAL/MyProject2/Saved/Autosaves/Game/TopDownBP/Blueprints/MainMenu_Auto2.uasset'
[2015.06.14-02.11.25:102][897]LogFileHelpers: Auto-saving content packages took 0.663
[2015.06.14-02.14.31:106][683]BlueprintLog: New page: Compile MainMenu
[2015.06.14-02.14.31:241][683]BlueprintEditorCompileResults: Info [1955.41] Compile of MainMenu successful! [in 134 ms]
[2015.06.14-02.21.25:475][304]LogActorComponent: UnregisterComponent: (/Engine/Transient.CharMoveComp) Not registered. Aborting.
[2015.06.14-02.21.25:475][304]LogActorComponent: UnregisterComponent: (/Engine/Transient.CharacterMovementComponent_16) Not registered. Aborting.
[2015.06.14-02.21.25:475][304]LogActorComponent: UnregisterComponent: (/Engine/Transient.ProjectileMovementComponent_1) Not registered. Aborting.
[2015.06.14-02.21.25:475][304]LogActorComponent: UnregisterComponent: (/Engine/Transient.CharacterMovementComponent_17) Not registered. Aborting.
[2015.06.14-02.21.25:498][304]LogParticles: Destroying 0 GPU particle simulations for FXSystem 0x00000000348709A0
[2015.06.14-02.21.25:499][304]LogParticles: Destroying 0 GPU particle simulations for FXSystem 0x0000000045F59940
[2015.06.14-02.21.25:504][304]LogFileHelpers: Editor autosave (incl. sublevels) for '/Game/TopDownBP/Maps/TopDownExampleMap' took 0.030
[2015.06.14-02.21.25:538][304]OBJ SavePackage: Generating thumbnails for [0] asset(s) in package [/Game/TopDownBP/Blueprints/MainMenu] ([1] browsable assets)...
[2015.06.14-02.21.25:572][304]OBJ SavePackage: Finished generating thumbnails for package [/Game/TopDownBP/Blueprints/MainMenu]
[2015.06.14-02.21.25:785][304]LogSavePackage: Save=196.608047ms
[2015.06.14-02.21.25:786][304]LogSavePackage: Moving '../../../../../../Users/Carlos/Documents/GitHub/SugarRushRampage/UNREAL/MyProject2/Saved/MainMenu_Auto36BE2F9CC47DE56F8FF80FABE4FFEBA1F.tmp' to '../../../../../../Users/Carlos/Documents/GitHub/SugarRushRampage/UNREAL/MyProject2/Saved/Autosaves/Game/TopDownBP/Blueprints/MainMenu_Auto3.uasset'
[2015.06.14-02.21.25:794][304]LogFileHelpers: Auto-saving content packages took 0.290
[2015.06.14-02.35.18:615][221]LogEditorActor: Deleted Actor: PlayerStart
[2015.06.14-02.35.18:643][221]LogEditorActor: Deleted 1 Actors (0.029 secs)
[2015.06.14-02.35.28:047][689]LogActorComponent: UnregisterComponent: (/Engine/Transient.ProjectileMovementComponent_1) Not registered. Aborting.
[2015.06.14-02.35.28:047][689]LogActorComponent: UnregisterComponent: (/Engine/Transient.CharMoveComp) Not registered. Aborting.
[2015.06.14-02.35.28:048][689]LogActorComponent: UnregisterComponent: (/Engine/Transient.MovementComponent0) Not registered. Aborting.
[2015.06.14-02.35.30:559][689]LogSavePackage: Save=2390.779541ms
[2015.06.14-02.35.30:559][689]LogSavePackage: Moving '../../../../../../Users/Carlos/Documents/GitHub/SugarRushRampage/UNREAL/MyProject2/Saved/TopDownExampleMap_Auto477F8E2D142F2640DCEC2FB9A307F0ED5.tmp' to '../../../../../../Users/Carlos/Documents/GitHub/SugarRushRampage/UNREAL/MyProject2/Saved/Autosaves/Game/TopDownBP/Maps/TopDownExampleMap_Auto4.umap'
[2015.06.14-02.35.30:569][689]LogFileHelpers: Editor autosave (incl. sublevels) for '/Game/TopDownBP/Maps/TopDownExampleMap' took 2.522
[2015.06.14-02.35.30:569][689]LogFileHelpers: Editor autosave (incl. sublevels) for all levels took 2.522
[2015.06.14-02.36.49:683][683]BlueprintLog: New page: Compile MainMenu
[2015.06.14-02.36.49:817][683]BlueprintEditorCompileResults: Info [3293.97] Compile of MainMenu successful! [in 133 ms]
[2015.06.14-02.36.54:186][794]LogSavePackage: Save=2221.599121ms
[2015.06.14-02.36.54:186][794]LogSavePackage: Moving '../../../../../../Users/Carlos/Documents/GitHub/SugarRushRampage/UNREAL/MyProject2/Saved/TopDownExampleMap7200F0684912E186162B6D8DB40E83B1.tmp' to '../../../../../../Users/Carlos/Documents/GitHub/SugarRushRampage/UNREAL/MyProject2/Content/TopDownBP/Maps/TopDownExampleMap.umap'
[2015.06.14-02.36.54:239][794]LogFileHelpers: Saving map 'TopDownExampleMap' took 2.426
[2015.06.14-02.36.54:422][794]LogSavePackage: Save=166.971817ms
[2015.06.14-02.36.54:422][794]LogSavePackage: Moving '../../../../../../Users/Carlos/Documents/GitHub/SugarRushRampage/UNREAL/MyProject2/Saved/Player29C74849F496D0EED338BD98833D5A092.tmp' to '../../../../../../Users/Carlos/Documents/GitHub/SugarRushRampage/UNREAL/MyProject2/Content/TopDownBP/Blueprints/Player2.uasset'
[2015.06.14-02.36.54:543][794]LogSavePackage: Save=99.144058ms
[2015.06.14-02.36.54:543][794]LogSavePackage: Moving '../../../../../../Users/Carlos/Documents/GitHub/SugarRushRampage/UNREAL/MyProject2/Saved/MainMenuE3E253474555CE9C202A1695BF2AC47F.tmp' to '../../../../../../Users/Carlos/Documents/GitHub/SugarRushRampage/UNREAL/MyProject2/Content/TopDownBP/Blueprints/MainMenu.uasset'
[2015.06.14-02.43.18:110][959]BlueprintLog: New page: Compile TopDownExampleMap
[2015.06.14-02.43.18:177][959]LogActorComponent: UnregisterComponent: (/Engine/Transient.CharMoveComp) Not registered. Aborting.
[2015.06.14-02.43.18:177][959]LogActorComponent: UnregisterComponent: (/Engine/Transient.ProjectileMovementComponent_1) Not registered. Aborting.
[2015.06.14-02.43.18:178][959]LogActorComponent: UnregisterComponent: (/Engine/Transient.CharacterMovementComponent_18) Not registered. Aborting.
[2015.06.14-02.43.18:178][959]LogActorComponent: UnregisterComponent: (/Engine/Transient.CharacterMovementComponent_19) Not registered. Aborting.
[2015.06.14-02.43.18:205][959]BlueprintEditorCompileResults: Info [3682.35] Compile of TopDownExampleMap successful! [in 94 ms]
[2015.06.14-02.46.51:878][235]LogActorComponent: UnregisterComponent: (/Engine/Transient.CharMoveComp) Not registered. Aborting.
[2015.06.14-02.46.51:878][235]LogActorComponent: UnregisterComponent: (/Engine/Transient.CharacterMovementComponent_20) Not registered. Aborting.
[2015.06.14-02.46.51:878][235]LogActorComponent: UnregisterComponent: (/Engine/Transient.ProjectileMovementComponent_1) Not registered. Aborting.
[2015.06.14-02.46.51:878][235]LogActorComponent: UnregisterComponent: (/Engine/Transient.CharacterMovementComponent_21) Not registered. Aborting.
[2015.06.14-02.46.51:916][235]LogParticles: Destroying 0 GPU particle simulations for FXSystem 0x000000004621C400
[2015.06.14-02.46.54:230][235]LogSavePackage: Save=2215.119141ms
[2015.06.14-02.46.54:230][235]LogSavePackage: Moving '../../../../../../Users/Carlos/Documents/GitHub/SugarRushRampage/UNREAL/MyProject2/Saved/TopDownExampleMap_Auto50ECDF09B40E731C3204595A8D3D78253.tmp' to '../../../../../../Users/Carlos/Documents/GitHub/SugarRushRampage/UNREAL/MyProject2/Saved/Autosaves/Game/TopDownBP/Maps/TopDownExampleMap_Auto5.umap'
[2015.06.14-02.46.54:239][235]LogFileHelpers: Editor autosave (incl. sublevels) for '/Game/TopDownBP/Maps/TopDownExampleMap' took 2.362
[2015.06.14-02.46.54:239][235]LogFileHelpers: Editor autosave (incl. sublevels) for all levels took 2.362
[2015.06.14-02.46.54:272][235]OBJ SavePackage: Generating thumbnails for [0] asset(s) in package [/Game/TopDownBP/Blueprints/MainMenu] ([1] browsable assets)...
[2015.06.14-02.46.54:272][235]OBJ SavePackage: Finished generating thumbnails for package [/Game/TopDownBP/Blueprints/MainMenu]
[2015.06.14-02.46.54:489][235]LogSavePackage: Save=188.864548ms
[2015.06.14-02.46.54:490][235]LogSavePackage: Moving '../../../../../../Users/Carlos/Documents/GitHub/SugarRushRampage/UNREAL/MyProject2/Saved/MainMenu_Auto5EFC48320486D5E34EA538DB2C2E4D6B2.tmp' to '../../../../../../Users/Carlos/Documents/GitHub/SugarRushRampage/UNREAL/MyProject2/Saved/Autosaves/Game/TopDownBP/Blueprints/MainMenu_Auto5.uasset'
[2015.06.14-02.46.54:498][235]LogFileHelpers: Auto-saving content packages took 0.258
[2015.06.14-02.50.21:254][ 67]BlueprintLog: New page: Compile TopDownExampleMap
[2015.06.14-02.50.21:286][ 67]LogBlueprint:Error: [compiler] Error This blueprint (self) is not a MainMenu_C, therefore ' Target ' must have a connection.
[2015.06.14-02.50.21:287][ 67]LogBlueprint:Error: [compiler] Error Variable node  Get PlayerSpawnNum  uses an invalid target.  It may depend on a node that is not connected to the execution chain, and got purged.
[2015.06.14-02.50.21:462][ 67]LogBlueprint:Warning: [compiler] Warning [4105.60] Compile of TopDownExampleMap failed. 2 Fatal Issue(s) 0 Warning(s) [in 207 ms]
[2015.06.14-02.50.21:462][ 67]BlueprintEditorCompileResults:Error: Error This blueprint (self) is not a MainMenu_C, therefore ' Target ' must have a connection.
[2015.06.14-02.50.21:462][ 67]BlueprintEditorCompileResults:Error: Error Variable node  Get PlayerSpawnNum  uses an invalid target.  It may depend on a node that is not connected to the execution chain, and got purged.
[2015.06.14-02.50.21:462][ 67]BlueprintEditorCompileResults:Warning: Warning [4105.60] Compile of TopDownExampleMap failed. 2 Fatal Issue(s) 0 Warning(s) [in 207 ms]
[2015.06.14-02.50.58:254][264]BlueprintLog: New page: Compile TopDownExampleMap
[2015.06.14-02.50.58:347][264]BlueprintEditorCompileResults: Info [4142.49] Compile of TopDownExampleMap successful! [in 92 ms]
[2015.06.14-02.51.01:572][456]BlueprintLog: New page: Pre-PIE auto-recompile
[2015.06.14-02.51.01:576][456]LogPlayLevel: [PIE] Compiling TopDownExampleMap before PIE...
[2015.06.14-02.51.01:674][456]LogPlayLevel: [PIE] Compiling MainMenu before PIE...
[2015.06.14-02.51.01:848][456]LogPlayLevel: PIE:  Blueprint regeneration took 276 ms (2 blueprints)
[2015.06.14-02.51.01:848][456]PIE: New page: PIE session: TopDownExampleMap (Jun 13, 2015, 6:51:01 PM)
[2015.06.14-02.51.01:883][456]LogBlueprint:Warning: FMemberReference::ResolveMember (K2_GetActorLocation) bSelfContext == true, but no scope supplied!
[2015.06.14-02.51.01:883][456]LogBlueprint:Warning: FMemberReference::ResolveMember (K2_GetActorLocation) bSelfContext == true, but no scope supplied!
[2015.06.14-02.51.01:883][456]LogBlueprint:Warning: FMemberReference::ResolveMember (K2_GetActorLocation) bSelfContext == true, but no scope supplied!
[2015.06.14-02.51.01:883][456]LogBlueprint:Warning: FMemberReference::ResolveMember (K2_GetActorLocation) bSelfContext == true, but no scope supplied!
[2015.06.14-02.51.01:884][456]LogBlueprint:Warning: FMemberReference::ResolveMember (K2_GetActorLocation) bSelfContext == true, but no scope supplied!
[2015.06.14-02.51.01:884][456]LogBlueprint:Warning: FMemberReference::ResolveMember (K2_GetActorLocation) bSelfContext == true, but no scope supplied!
[2015.06.14-02.51.01:889][456]LogPlayLevel: PIE: StaticDuplicateObject took: (0.040126s)
[2015.06.14-02.51.01:890][456]LogPlayLevel: PIE: World Init took: (0.000958s)
[2015.06.14-02.51.01:890][456]LogPlayLevel: PIE: Created PIE world by copying editor world from /Game/TopDownBP/Maps/TopDownExampleMap.TopDownExampleMap to /Game/TopDownBP/Maps/UEDPIE_0_TopDownExampleMap.TopDownExampleMap (0.041334s)
[2015.06.14-02.51.01:923][456]LogWorld: Game class is 'TopDownGameMode_C'
[2015.06.14-02.51.01:925][456]LogAIModule: Creating AISystem for world TopDownExampleMap
[2015.06.14-02.51.01:938][456]LogWorld:Warning: *** WARNING - PATHS MAY NOT BE VALID ***
[2015.06.14-02.51.01:938][456]LogWorld: Bringing World /Game/TopDownBP/Maps/UEDPIE_0_TopDownExampleMap.TopDownExampleMap up for play (max tick rate 60) at 2015.06.13-22.51.01
[2015.06.14-02.51.01:940][456]LogWorld: Bringing up level for play took: 0.014476
[2015.06.14-02.51.01:951][456]PIE: Info Play in editor start time for /Game/TopDownBP/Maps/UEDPIE_0_TopDownExampleMap 1.184
[2015.06.14-02.51.05:450][515]LogParticles: Destroying 0 GPU particle simulations for FXSystem 0x000000005256D8A0
[2015.06.14-02.51.17:513][ 90]LogSavePackage: Save=2177.653076ms
[2015.06.14-02.51.17:513][ 90]LogSavePackage: Moving '../../../../../../Users/Carlos/Documents/GitHub/SugarRushRampage/UNREAL/MyProject2/Saved/TopDownExampleMap6C170CB043B3F29737FD2F95D9251273.tmp' to '../../../../../../Users/Carlos/Documents/GitHub/SugarRushRampage/UNREAL/MyProject2/Content/TopDownBP/Maps/TopDownExampleMap.umap'
[2015.06.14-02.51.17:650][ 90]LogFileHelpers: Saving map 'TopDownExampleMap' took 2.468
[2015.06.14-02.51.17:782][ 90]LogSavePackage: Save=107.824585ms
[2015.06.14-02.51.17:782][ 90]LogSavePackage: Moving '../../../../../../Users/Carlos/Documents/GitHub/SugarRushRampage/UNREAL/MyProject2/Saved/MainMenu41CB33934D00F8242C07E29299847C2F.tmp' to '../../../../../../Users/Carlos/Documents/GitHub/SugarRushRampage/UNREAL/MyProject2/Content/TopDownBP/Blueprints/MainMenu.uasset'
[2015.06.14-02.52.43:986][571]LogActorComponent: UnregisterComponent: (/Engine/Transient.CharMoveComp) Not registered. Aborting.
[2015.06.14-02.52.43:987][571]LogActorComponent: UnregisterComponent: (/Engine/Transient.ProjectileMovementComponent_1) Not registered. Aborting.
[2015.06.14-02.52.43:987][571]LogActorComponent: UnregisterComponent: (/Engine/Transient.CharacterMovementComponent_22) Not registered. Aborting.
[2015.06.14-02.52.43:987][571]LogActorComponent: UnregisterComponent: (/Engine/Transient.CharacterMovementComponent_23) Not registered. Aborting.
[2015.06.14-02.52.46:426][675]Cmd: QUIT_EDITOR
[2015.06.14-02.52.46:745][675]LogExit: Preparing to exit.
[2015.06.14-02.52.47:543][675]LogExit: Editor shut down
[2015.06.14-02.52.47:544][675]LogExit: Transaction tracking system shut down
[2015.06.14-02.52.47:545][675]LogParticles: Destroying 0 GPU particle simulations for FXSystem 0x00000000257D0D60
[2015.06.14-02.52.47:545][675]LogParticles: Destroying 0 GPU particle simulations for FXSystem 0x000000001F4860C0
[2015.06.14-02.52.47:545][675]LogParticles: Destroying 0 GPU particle simulations for FXSystem 0x00000000168C67A0
[2015.06.14-02.52.47:545][675]LogParticles: Destroying 0 GPU particle simulations for FXSystem 0x00000000171A79C0
[2015.06.14-02.52.47:545][675]LogParticles: Destroying 0 GPU particle simulations for FXSystem 0x00000000129C9B20
[2015.06.14-02.52.47:546][675]LogParticles: Destroying 0 GPU particle simulations for FXSystem 0x0000000012911440
[2015.06.14-02.52.47:548][675]LogParticles: Destroying 0 GPU particle simulations for FXSystem 0x000000001F4868E0
[2015.06.14-02.52.47:548][675]LogParticles: Destroying 0 GPU particle simulations for FXSystem 0x00000000168C68E0
[2015.06.14-02.52.47:548][675]LogParticles: Destroying 0 GPU particle simulations for FXSystem 0x00000000258CA980
[2015.06.14-02.52.47:548][675]LogParticles: Destroying 0 GPU particle simulations for FXSystem 0x00000000258CB420
[2015.06.14-02.52.47:787][675]LogExit: Object subsystem successfully closed.
[2015.06.14-02.52.47:845][675]LogModuleManager: Shutting down and abandoning module SequencerWidgets (178)
[2015.06.14-02.52.47:845][675]LogModuleManager: Shutting down and abandoning module CrashTracker (177)
[2015.06.14-02.52.47:845][675]LogModuleManager: Shutting down and abandoning module SuperSearch (176)
[2015.06.14-02.52.47:845][675]LogModuleManager: Shutting down and abandoning module SceneOutliner (175)
[2015.06.14-02.52.47:845][675]LogModuleManager: Shutting down and abandoning module EditorWidgets (174)
[2015.06.14-02.52.47:845][675]LogModuleManager: Shutting down and abandoning module CollectionManager (173)
[2015.06.14-02.52.47:845][675]LogModuleManager: Shutting down and abandoning module StatsViewer (172)
[2015.06.14-02.52.47:845][675]LogModuleManager: Shutting down and abandoning module FoliageEdit (171)
[2015.06.14-02.52.47:845][675]LogModuleManager: Shutting down and abandoning module LandscapeEditor (170)
[2015.06.14-02.52.47:845][675]LogModuleManager: Shutting down and abandoning module MeshPaint (169)
[2015.06.14-02.52.47:845][675]LogModuleManager: Shutting down and abandoning module ActorPickerMode (168)
[2015.06.14-02.52.47:845][675]LogModuleManager: Shutting down and abandoning module GeometryMode (167)
[2015.06.14-02.52.47:845][675]LogModuleManager: Shutting down and abandoning module TextureAlignMode (166)
[2015.06.14-02.52.47:845][675]LogModuleManager: Shutting down and abandoning module BspMode (165)
[2015.06.14-02.52.47:845][675]LogModuleManager: Shutting down and abandoning module PlacementMode (164)
[2015.06.14-02.52.47:846][675]LogModuleManager: Shutting down and abandoning module AutomationWorker (163)
[2015.06.14-02.52.47:846][675]LogModuleManager: Shutting down and abandoning module CharacterAI (162)
[2015.06.14-02.52.47:846][675]LogModuleManager: Shutting down and abandoning module SmartSnapping (161)
[2015.06.14-02.52.47:846][675]LogModuleManager: Shutting down and abandoning module ViewportSnapping (160)
[2015.06.14-02.52.47:846][675]LogModuleManager: Shutting down and abandoning module LogVisualizer (159)
[2015.06.14-02.52.47:846][675]LogModuleManager: Shutting down and abandoning module GameProjectGeneration (158)
[2015.06.14-02.52.47:846][675]LogModuleManager: Shutting down and abandoning module IntroTutorials (157)
[2015.06.14-02.52.47:846][675]LogModuleManager: Shutting down and abandoning module EditorLiveStreaming (156)
[2015.06.14-02.52.47:846][675]LogModuleManager: Shutting down and abandoning module HardwareTargeting (155)
[2015.06.14-02.52.47:846][675]LogModuleManager: Shutting down and abandoning module DeviceProfileEditor (154)
[2015.06.14-02.52.47:846][675]LogModuleManager: Shutting down and abandoning module UndoHistory (153)
[2015.06.14-02.52.47:846][675]LogModuleManager: Shutting down and abandoning module GameplayTagsEditor (152)
[2015.06.14-02.52.47:846][675]LogModuleManager: Shutting down and abandoning module UserFeedback (151)
[2015.06.14-02.52.47:846][675]LogModuleManager: Shutting down and abandoning module XmlParser (150)
[2015.06.14-02.52.47:846][675]LogModuleManager: Shutting down and abandoning module Blutility (149)
[2015.06.14-02.52.47:846][675]LogModuleManager: Shutting down and abandoning module IOSPlatformEditor (148)
[2015.06.14-02.52.47:846][675]LogModuleManager: Shutting down and abandoning module IOSRuntimeSettings (147)
[2015.06.14-02.52.47:846][675]LogModuleManager: Shutting down and abandoning module AndroidDeviceDetection (146)
[2015.06.14-02.52.48:327][675]LogModuleManager: Shutting down and abandoning module AndroidPlatformEditor (145)
[2015.06.14-02.52.48:327][675]LogModuleManager: Shutting down and abandoning module AndroidRuntimeSettings (144)
[2015.06.14-02.52.48:327][675]LogModuleManager: Shutting down and abandoning module ProjectTargetPlatformEditor (143)
[2015.06.14-02.52.48:327][675]LogModuleManager: Shutting down and abandoning module ProjectSettingsViewer (142)
[2015.06.14-02.52.48:327][675]LogModuleManager: Shutting down and abandoning module InputBindingEditor (141)
[2015.06.14-02.52.48:327][675]LogModuleManager: Shutting down and abandoning module EditorSettingsViewer (140)
[2015.06.14-02.52.48:327][675]LogModuleManager: Shutting down and abandoning module SettingsEditor (139)
[2015.06.14-02.52.48:327][675]LogModuleManager: Shutting down and abandoning module ProjectLauncher (138)
[2015.06.14-02.52.48:327][675]LogModuleManager: Shutting down and abandoning module SessionFrontend (137)
[2015.06.14-02.52.48:327][675]LogModuleManager: Shutting down and abandoning module ProfilerClient (136)
[2015.06.14-02.52.48:327][675]LogModuleManager: Shutting down and abandoning module TargetDeviceServices (135)
[2015.06.14-02.52.48:327][675]LogModuleManager: Shutting down and abandoning module DeviceManager (134)
[2015.06.14-02.52.48:327][675]LogModuleManager: Shutting down and abandoning module AutomationController (133)
[2015.06.14-02.52.48:327][675]LogModuleManager: Shutting down and abandoning module AutomationWindow (132)
[2015.06.14-02.52.48:327][675]LogModuleManager: Shutting down and abandoning module Layers (131)
[2015.06.14-02.52.48:328][675]LogModuleManager: Shutting down and abandoning module ComponentVisualizers (130)
[2015.06.14-02.52.48:328][675]LogModuleManager: Shutting down and abandoning module DetailCustomizations (129)
[2015.06.14-02.52.48:328][675]LogModuleManager: Shutting down and abandoning module PackagesDialog (128)
[2015.06.14-02.52.48:328][675]LogModuleManager: Shutting down and abandoning module AssetRegistry (127)
[2015.06.14-02.52.48:390][675]LogModuleManager: Shutting down and abandoning module Persona (126)
[2015.06.14-02.52.48:390][675]LogModuleManager: Shutting down and abandoning module SlateReflector (125)
[2015.06.14-02.52.48:390][675]LogModuleManager: Shutting down and abandoning module LevelEditor (124)
[2015.06.14-02.52.48:391][675]LogModuleManager: Shutting down and abandoning module Kismet (123)
[2015.06.14-02.52.48:391][675]LogModuleManager: Shutting down and abandoning module GraphEditor (122)
[2015.06.14-02.52.48:391][675]LogModuleManager: Shutting down and abandoning module ClassViewer (121)
[2015.06.14-02.52.48:391][675]LogModuleManager: Shutting down and abandoning module Toolbox (120)
[2015.06.14-02.52.48:391][675]LogModuleManager: Shutting down and abandoning module ModuleUI (119)
[2015.06.14-02.52.48:391][675]LogModuleManager: Shutting down and abandoning module MovieSceneTools (118)
[2015.06.14-02.52.48:391][675]LogModuleManager: Shutting down and abandoning module OutputLog (117)
[2015.06.14-02.52.48:391][675]LogModuleManager: Shutting down and abandoning module GammaUI (116)
[2015.06.14-02.52.48:392][675]LogModuleManager: Shutting down and abandoning module Documentation (115)
[2015.06.14-02.52.48:392][675]LogModuleManager: Shutting down and abandoning module GameLiveStreaming (114)
[2015.06.14-02.52.48:392][675]LogModuleManager: Shutting down and abandoning module StreamingPauseRendering (113)
[2015.06.14-02.52.48:392][675]LogModuleManager: Shutting down and abandoning module HTTP (112)
[2015.06.14-02.52.48:392][675]LogModuleManager: Shutting down and abandoning module AnalyticsET (111)
[2015.06.14-02.52.48:392][675]LogModuleManager: Shutting down and abandoning module Analytics (110)
[2015.06.14-02.52.48:392][675]LogModuleManager: Shutting down and abandoning module AITestSuite (109)
[2015.06.14-02.52.48:392][675]LogModuleManager: Shutting down and abandoning module GameplayDebugger (108)
[2015.06.14-02.52.48:392][675]LogModuleManager: Shutting down and abandoning module AIModule (107)
[2015.06.14-02.52.48:392][675]LogModuleManager: Shutting down and abandoning module ProfilerService (106)
[2015.06.14-02.52.48:511][675]LogModuleManager: Shutting down and abandoning module TaskGraph (105)
[2015.06.14-02.52.48:511][675]LogModuleManager: Shutting down and abandoning module SlateRemote (104)
[2015.06.14-02.52.48:511][675]LogModuleManager: Shutting down and abandoning module ScriptEditorPlugin (103)
[2015.06.14-02.52.48:511][675]LogModuleManager: Shutting down and abandoning module CustomMeshComponent (102)
[2015.06.14-02.52.48:511][675]LogModuleManager: Shutting down and abandoning module CableComponent (101)
[2015.06.14-02.52.48:511][675]LogModuleManager: Shutting down and abandoning module MessagingDebugger (100)
[2015.06.14-02.52.48:512][675]LogModuleManager: Shutting down and abandoning module MediaPlayerEditor (99)
[2015.06.14-02.52.48:512][675]LogModuleManager: Shutting down and abandoning module SpeedTreeImporter (98)
[2015.06.14-02.52.48:512][675]LogModuleManager: Shutting down and abandoning module PluginsEditor (97)
[2015.06.14-02.52.48:512][675]LogModuleManager: Shutting down and abandoning module MainFrame (96)
[2015.06.14-02.52.48:512][675]LogModuleManager: Shutting down and abandoning module EpicSurvey (95)
[2015.06.14-02.52.48:512][675]LogModuleManager: Shutting down and abandoning module DesktopPlatform (94)
[2015.06.14-02.52.48:512][675]LogModuleManager: Shutting down and abandoning module DirectoryWatcher (93)
[2015.06.14-02.52.48:513][675]LogModuleManager: Shutting down and abandoning module HotReload (92)
[2015.06.14-02.52.48:513][675]LogModuleManager: Shutting down and abandoning module VisualStudioSourceCodeAccess (91)
[2015.06.14-02.52.48:513][675]LogModuleManager: Shutting down and abandoning module UObjectPlugin (90)
[2015.06.14-02.52.48:513][675]LogModuleManager: Shutting down and abandoning module SubversionSourceControl (89)
[2015.06.14-02.52.48:513][675]LogModuleManager: Shutting down and abandoning module PerforceSourceControl (88)
[2015.06.14-02.52.48:513][675]LogModuleManager: Shutting down and abandoning module SourceControl (87)
[2015.06.14-02.52.48:513][675]LogModuleManager: Shutting down and abandoning module GitSourceControl (86)
[2015.06.14-02.52.48:514][675]LogModuleManager: Shutting down and abandoning module BlankPlugin (85)
[2015.06.14-02.52.48:514][675]LogModuleManager: Shutting down and abandoning module PaperTiledImporter (84)
[2015.06.14-02.52.48:514][675]LogModuleManager: Shutting down and abandoning module PaperJsonImporter (83)
[2015.06.14-02.52.48:514][675]LogModuleManager: Shutting down and abandoning module ContentBrowser (82)
[2015.06.14-02.52.48:516][675]LogModuleManager: Shutting down and abandoning module Paper2DEditor (81)
[2015.06.14-02.52.48:516][675]LogModuleManager: Shutting down and abandoning module ScriptPlugin (80)
[2015.06.14-02.52.48:516][675]LogModuleManager: Shutting down and abandoning module UdpMessaging (79)
[2015.06.14-02.52.48:616][675]LogModuleManager: Shutting down and abandoning module Paper2D (78)
[2015.06.14-02.52.48:616][675]LogModuleManager: Shutting down and abandoning module WindowsMoviePlayer (77)
[2015.06.14-02.52.48:619][675]LogModuleManager: Shutting down and abandoning module Media (76)
[2015.06.14-02.52.48:619][675]LogModuleManager: Shutting down and abandoning module WmfMedia (75)
[2015.06.14-02.52.48:620][675]LogModuleManager: Shutting down and abandoning module OnlineBlueprintSupport (74)
[2015.06.14-02.52.48:620][675]LogModuleManager: Shutting down and abandoning module PropertyEditor (73)
[2015.06.14-02.52.48:620][675]LogModuleManager: Shutting down and abandoning module BehaviorTreeEditor (72)
[2015.06.14-02.52.48:620][675]LogModuleManager: Shutting down and abandoning module FunctionalTesting (71)
[2015.06.14-02.52.48:620][675]LogModuleManager: Shutting down and abandoning module CollisionAnalyzer (70)
[2015.06.14-02.52.48:620][675]LogModuleManager: Shutting down and abandoning module WorkspaceMenuStructure (69)
[2015.06.14-02.52.48:620][675]LogModuleManager: Shutting down and abandoning module MessageLog (68)
[2015.06.14-02.52.48:620][675]LogModuleManager: Shutting down and abandoning module Sequencer (67)
[2015.06.14-02.52.48:620][675]LogModuleManager: Shutting down and abandoning module AssetTools (66)
[2015.06.14-02.52.48:620][675]LogModuleManager: Shutting down and abandoning module UMGEditor (65)
[2015.06.14-02.52.48:620][675]LogModuleManager: Shutting down and abandoning module UMG (64)
[2015.06.14-02.52.48:620][675]LogModuleManager: Shutting down and abandoning module Slate (63)
[2015.06.14-02.52.48:620][675]LogModuleManager: Shutting down and abandoning module EditorStyle (62)
[2015.06.14-02.52.48:626][675]LogModuleManager: Shutting down and abandoning module SessionServices (61)
[2015.06.14-02.52.48:626][675]LogModuleManager: Shutting down and abandoning module SourceCodeAccess (60)
[2015.06.14-02.52.48:626][675]LogModuleManager: Shutting down and abandoning module HeadMountedDisplay (59)
[2015.06.14-02.52.48:626][675]LogModuleManager: Shutting down and abandoning module XAudio2 (58)
[2015.06.14-02.52.48:626][675]LogModuleManager: Shutting down and abandoning module Networking (56)
[2015.06.14-02.52.48:626][675]LogModuleManager: Shutting down and abandoning module Core (55)
[2015.06.14-02.52.48:626][675]LogModuleManager: Shutting down and abandoning module KismetCompiler (54)
[2015.06.14-02.52.48:626][675]LogModuleManager: Shutting down and abandoning module PhysXFormats (53)
[2015.06.14-02.52.48:626][675]LogModuleManager: Shutting down and abandoning module MeshUtilities (52)
[2015.06.14-02.52.48:626][675]LogModuleManager: Shutting down and abandoning module DerivedDataCache (51)
[2015.06.14-02.52.48:656][675]LogDerivedDataCache: Shutdown
[2015.06.14-02.52.48:656][675]LogModuleManager: Shutting down and abandoning module ShaderFormatOpenGL (50)
[2015.06.14-02.52.48:656][675]LogModuleManager: Shutting down and abandoning module ShaderFormatD3D (49)
[2015.06.14-02.52.48:656][675]LogModuleManager: Shutting down and abandoning module MetalShaderFormat (48)
[2015.06.14-02.52.48:656][675]LogModuleManager: Shutting down and abandoning module TextureFormatUncompressed (47)
[2015.06.14-02.52.48:656][675]LogModuleManager: Shutting down and abandoning module TextureFormatPVR (46)
[2015.06.14-02.52.48:656][675]LogModuleManager: Shutting down and abandoning module TextureFormatIntelISPCTexComp (45)
[2015.06.14-02.52.48:656][675]LogModuleManager: Shutting down and abandoning module TextureFormatDXT (44)
[2015.06.14-02.52.48:656][675]LogModuleManager: Shutting down and abandoning module ImageWrapper (43)
[2015.06.14-02.52.48:656][675]LogModuleManager: Shutting down and abandoning module TextureFormatASTC (42)
[2015.06.14-02.52.48:656][675]LogModuleManager: Shutting down and abandoning module TextureFormatAndroid (41)
[2015.06.14-02.52.48:656][675]LogModuleManager: Shutting down and abandoning module AudioFormatOpus (40)
[2015.06.14-02.52.48:656][675]LogModuleManager: Shutting down and abandoning module AudioFormatOgg (39)
[2015.06.14-02.52.48:656][675]LogModuleManager: Shutting down and abandoning module AudioFormatADPCM (38)
[2015.06.14-02.52.48:656][675]LogModuleManager: Shutting down and abandoning module LinuxTargetPlatform (37)
[2015.06.14-02.52.48:656][675]LogModuleManager: Shutting down and abandoning module LinuxServerTargetPlatform (36)
[2015.06.14-02.52.48:656][675]LogModuleManager: Shutting down and abandoning module LinuxNoEditorTargetPlatform (35)
[2015.06.14-02.52.48:656][675]LogModuleManager: Shutting down and abandoning module Messaging (34)
[2015.06.14-02.52.48:656][675]LogModuleManager: Shutting down and abandoning module IOSTargetPlatform (33)
[2015.06.14-02.52.48:656][675]LogModuleManager: Shutting down and abandoning module HTML5TargetPlatform (32)
[2015.06.14-02.52.48:656][675]LogModuleManager: Shutting down and abandoning module Android_PVRTCTargetPlatform (31)
[2015.06.14-02.52.48:656][675]LogModuleManager: Shutting down and abandoning module Android_ETC2TargetPlatform (30)
[2015.06.14-02.52.48:656][675]LogModuleManager: Shutting down and abandoning module Android_ETC1TargetPlatform (29)
[2015.06.14-02.52.48:656][675]LogModuleManager: Shutting down and abandoning module Android_ES31TargetPlatform (28)
[2015.06.14-02.52.48:656][675]LogModuleManager: Shutting down and abandoning module Android_DXTTargetPlatform (27)
[2015.06.14-02.52.48:656][675]LogModuleManager: Shutting down and abandoning module Android_ATCTargetPlatform (26)
[2015.06.14-02.52.48:656][675]LogModuleManager: Shutting down and abandoning module AndroidTargetPlatform (25)
[2015.06.14-02.52.48:656][675]LogModuleManager: Shutting down and abandoning module WindowsTargetPlatform (24)
[2015.06.14-02.52.48:656][675]LogModuleManager: Shutting down and abandoning module WindowsServerTargetPlatform (23)
[2015.06.14-02.52.48:656][675]LogModuleManager: Shutting down and abandoning module WindowsNoEditorTargetPlatform (22)
[2015.06.14-02.52.48:657][675]LogModuleManager: Shutting down and abandoning module WindowsClientTargetPlatform (21)
[2015.06.14-02.52.48:657][675]LogModuleManager: Shutting down and abandoning module TargetPlatform (20)
[2015.06.14-02.52.48:657][675]LogModuleManager: Shutting down and abandoning module InputCore (19)
[2015.06.14-02.52.48:657][675]LogModuleManager: Shutting down and abandoning module Settings (18)
[2015.06.14-02.52.48:657][675]LogModuleManager: Shutting down and abandoning module OnlineSubsystem (16)
[2015.06.14-02.52.48:657][675]LogModuleManager: Shutting down and abandoning module OculusRift (15)
[2015.06.14-02.52.48:657][675]LogModuleManager: Shutting down and abandoning module ExampleDeviceProfileSelector (14)
[2015.06.14-02.52.48:657][675]LogModuleManager: Shutting down and abandoning module TextureCompressor (13)
[2015.06.14-02.52.48:657][675]LogModuleManager: Shutting down and abandoning module ShaderCore (12)
[2015.06.14-02.52.48:657][675]LogModuleManager: Shutting down and abandoning module Landscape (11)
[2015.06.14-02.52.48:657][675]LogModuleManager: Shutting down and abandoning module SlateRHIRenderer (10)
[2015.06.14-02.52.48:662][675]LogModuleManager: Shutting down and abandoning module OpenGLDrv (9)
[2015.06.14-02.52.48:662][675]LogModuleManager: Shutting down and abandoning module D3D11RHI (8)
[2015.06.14-02.52.48:662][675]LogModuleManager: Shutting down and abandoning module Renderer (7)
[2015.06.14-02.52.48:662][675]LogModuleManager: Shutting down and abandoning module Engine (6)
[2015.06.14-02.52.48:662][675]LogModuleManager: Shutting down and abandoning module CoreUObject (5)
[2015.06.14-02.52.48:662][675]LogModuleManager: Shutting down and abandoning module NetworkFile (4)
[2015.06.14-02.52.48:662][675]LogModuleManager: Shutting down and abandoning module StreamingFile (3)
[2015.06.14-02.52.48:662][675]LogModuleManager: Shutting down and abandoning module SandboxFile (2)
[2015.06.14-02.52.48:662][675]LogModuleManager: Shutting down and abandoning module PakFile (1)
[2015.06.14-02.52.48:663][675]LogExit: Exiting.
[2015.06.14-02.52.48:671][675]Log file closed, 06/13/15 22:52:48
