Log file open, 06/08/15 12:44:54
LogInit:Display: Running engine for game: MyProject2
LogInit: Version: 4.7.6-2513093+++depot+UE4-Releases+4.7
LogInit: API Version: 2455222
LogInit: Compiled (64-bit): Apr 15 2015 12:09:54
LogInit: Compiled with Visual C++: 18.00.21005.01
LogInit: Build Configuration: Development
LogInit: Branch Name: ++depot+UE4-Releases+4.7
LogInit: Command line: 
LogInit: Base directory: C:/Program Files/Epic Games/4.7/Engine/Binaries/Win64/
LogInit: Rocket: 1
[2015.06.08-16.44.54:114][  0]LogTaskGraph: Started task graph with 3 named threads and 6 total threads.
[2015.06.08-16.44.54:169][  0]LogOnline:Warning: No default platform service specified for OnlineSubsystem
[2015.06.08-16.44.54:182][  0]LogInit: Presizing for 0 objects not considered by GC, pre-allocating 0 bytes.
[2015.06.08-16.44.54:192][  0]LogInit: Object subsystem initialized
[2015.06.08-16.44.54:193][  0]LogConsoleResponse:Warning: Skipping Unknown console variable: 'TranslucentSortAxis = (X=0.000000,Y=-1.000000,Z=0.000000)'
[2015.06.08-16.44.54:193][  0]LogConsoleResponse:Warning:   Found in ini file 'C:/Users/merli_000/Documents/GitHub/SugarRushRampage/UNREAL/MyProject2/Saved/Config/Windows/Engine.ini', in section '[/Script/Engine.RendererSettings]'
[2015.06.08-16.44.54:194][  0]LogConsoleResponse:Warning: Skipping Unknown console variable: 'UIScaleRule = ShortestSide'
[2015.06.08-16.44.54:194][  0]LogConsoleResponse:Warning:   Found in ini file 'C:/Users/merli_000/Documents/GitHub/SugarRushRampage/UNREAL/MyProject2/Saved/Config/Windows/Engine.ini', in section '[/Script/Engine.RendererSettings]'
[2015.06.08-16.44.54:194][  0]LogConsoleResponse:Warning: Skipping Unknown console variable: 'UIScaleCurve = (EditorCurveData=(Keys=),ExternalCurve=None)'
[2015.06.08-16.44.54:194][  0]LogConsoleResponse:Warning:   Found in ini file 'C:/Users/merli_000/Documents/GitHub/SugarRushRampage/UNREAL/MyProject2/Saved/Config/Windows/Engine.ini', in section '[/Script/Engine.RendererSettings]'
[2015.06.08-16.44.54:194][  0]LogInit: Selected Device Profile: [Windows]
[2015.06.08-16.44.54:194][  0]LogInit: Applying CVar settings loaded from the selected device profile: [Windows]
[2015.06.08-16.44.54:201][  0]LogInit: Computer: MARKLAPTOP
[2015.06.08-16.44.54:201][  0]LogInit: User: merli000
[2015.06.08-16.44.54:201][  0]LogInit: CPU Page size=4096, Cores=4
[2015.06.08-16.44.54:201][  0]LogInit: High frequency timer resolution =2.143576 MHz
[2015.06.08-16.44.54:201][  0]LogMemory: Memory total: Physical=7.9GB (8GB approx) Virtual=131072.0GB
[2015.06.08-16.44.54:201][  0]LogMemory: Platform Memory Stats for Windows
[2015.06.08-16.44.54:201][  0]LogMemory: Process Physical Memory: 46.22 MB used, 46.22 MB peak
[2015.06.08-16.44.54:201][  0]LogMemory: Process Virtual Memory: 26.48 MB used, 26.48 MB peak
[2015.06.08-16.44.54:201][  0]LogMemory: Physical Memory: 1849.80 MB used, 8047.77 MB total
[2015.06.08-16.44.54:201][  0]LogMemory: Virtual Memory: 292.98 MB used, 134217728.00 MB total
[2015.06.08-16.44.54:214][  0]LogD3D11RHI: Found D3D11 adapter 0: Intel(R) HD Graphics 4000 (Feature Level 11_0)
[2015.06.08-16.44.54:214][  0]LogD3D11RHI: Adapter has 2062MB of dedicated video memory, 0MB of dedicated system memory, and 4023MB of shared system memory, 1 output[s]
[2015.06.08-16.44.54:215][  0]LogD3D11RHI: Found D3D11 adapter 1: Microsoft Basic Render Driver (Feature Level 11_0)
[2015.06.08-16.44.54:215][  0]LogD3D11RHI: Adapter has 0MB of dedicated video memory, 0MB of dedicated system memory, and 256MB of shared system memory, 0 output[s]
[2015.06.08-16.44.54:215][  0]LogD3D11RHI: Chosen D3D11 Adapter Id = 0
[2015.06.08-16.44.54:219][  0]LogRHI: Texture pool is 1361 MB (70% of 1945 MB)
[2015.06.08-16.44.54:225][  0]LogD3D11RHI: Async texture creation enabled
[2015.06.08-16.44.54:271][  0]LogTextLocalizationManager: The requested culture ('en_US') has no localization data; parent culture's ('en') localization data will be used.
[2015.06.08-16.44.54:332][  0]LogTextLocalizationManager:Warning: Loading localization resources contain conflicting entries for (Namespace:UICommands, Key:Save_ToolTip):
Resource: (C:/Program Files/Epic Games/4.7/Engine/Content/Localization/Editor/en/Editor.locres) Hash: (-29098895) String: (Saves the current level to disk)
Resource: (C:/Program Files/Epic Games/4.7/Engine/Content/Localization/Engine/en/Engine.locres) Hash: (-1280300587) String: (Save selected data to vlog file)
[2015.06.08-16.44.54:332][  0]LogTextLocalizationManager:Warning: Loading localization resources contain conflicting entries for (Namespace:ContentBrowser, Key:ImportAssetToolTip):
Resource: (C:/Program Files/Epic Games/4.7/Engine/Content/Localization/Editor/en/Editor.locres) Hash: (-630476809) String: (Import to {0}...)
Resource: (C:/Program Files/Epic Games/4.7/Engine/Content/Localization/Editor/en/Editor.locres) Hash: (1271782899) String: (Imports an asset from file to this folder.)
[2015.06.08-16.44.54:412][  0]LogContentStreaming: Texture pool size is 0.000000MB
[2015.06.08-16.44.56:890][  0]LogTargetPlatformManager:Display: Building Assets For Windows
[2015.06.08-16.44.57:452][  0]LogTargetPlatformManager:Display: Building Assets For Windows
[2015.06.08-16.44.57:519][  0]LogDerivedDataCache:Display: Max Cache Size: 512 MB
[2015.06.08-16.44.57:555][  0]LogDerivedDataCache: Loaded boot cache 0.04s 39MB C:/Users/merli_000/AppData/Local/UnrealEngine/4.7/DerivedDataCache/Boot.ddc.
[2015.06.08-16.44.57:555][  0]LogDerivedDataCache:Display: Loaded Boot cache: C:/Users/merli_000/AppData/Local/UnrealEngine/4.7/DerivedDataCache/Boot.ddc
[2015.06.08-16.44.57:556][  0]LogDerivedDataCache: FDerivedDataBackendGraph:  Pak pak cache file ../../../../../../Users/merli_000/Documents/GitHub/SugarRushRampage/UNREAL/MyProject2/DerivedDataCache/DDC.ddp not found, will not use a pak cache.
[2015.06.08-16.44.57:556][  0]LogDerivedDataCache: Unable to find inner node Pak for hierarchical cache Hierarchy.
[2015.06.08-16.44.57:686][  0]LogDerivedDataCache:Display: Pak cache opened for reading ../../../Engine/DerivedDataCache/Compressed.ddp.
[2015.06.08-16.44.57:699][  0]LogDerivedDataCache: Using Local data cache path C:/Users/merli_000/AppData/Local/UnrealEngine/Common/DerivedDataCache: Writable
[2015.06.08-16.44.58:007][  0]LogMeshUtilities: No automatic mesh reduction module available
[2015.06.08-16.44.58:007][  0]LogMeshUtilities: No automatic mesh merging module available
[2015.06.08-16.44.58:474][  0]LogInit: WinSock: version 1.1 (2.2), MaxSocks=32767, MaxUdp=65467
[2015.06.08-16.44.58:557][  0]LogSlate:Warning: Failed to load font data from '../../../Engine/Content/Slate/Fonts/Roboto-Italic.ttf'
[2015.06.08-16.44.59:375][  0]UdpMessaging: Initializing bridge on interface 0.0.0.0:0 to multicast group 230.0.0.1:6666.
[2015.06.08-16.44.59:581][  0]SourceControl: Info Source control is disabled
[2015.06.08-16.44.59:581][  0]SourceControl: Info Source control is disabled
[2015.06.08-16.44.59:581][  0]SourceControl: Info Source control is disabled
[2015.06.08-16.44.59:591][  0]LogSourceControl: RunCommandInternalRaw: 'git version'
[2015.06.08-16.44.59:598][  0]LogSourceControl: RunCommandInternalRaw: ExecProcess ReturnCode=0 OutResults='git version 1.9.5.github.0
'
[2015.06.08-16.44.59:796][  0]LogObj: 24232 objects as part of root set at end of initial load.
[2015.06.08-16.44.59:796][  0]LogUObjectAllocator: 5137176 out of 0 bytes used by permanent object pool.
[2015.06.08-16.44.59:885][  0]LogEngine: Initializing Engine...
[2015.06.08-16.45.02:056][  0]LogInit: XAudio2 using 'Speakers (High Definition Audio Device)' : 2 channels at 44.1 kHz using 16 bits per sample (channel mask 0x3)
[2015.06.08-16.45.02:066][  0]LogInit: FAudioDevice initialized.
[2015.06.08-16.45.02:107][  0]LogAIModule: Creating AISystem for world NewWorld
[2015.06.08-16.45.02:126][  0]LogDerivedDataCache: Saved boot cache 0.02s 39MB C:/Users/merli_000/AppData/Local/UnrealEngine/4.7/DerivedDataCache/Boot.ddc.
[2015.06.08-16.45.02:131][  0]LogInit: Texture streaming: Enabled
[2015.06.08-16.45.02:230][  0]LogAnalytics: Creating configured Analytics provider AnalyticsET
[2015.06.08-16.45.02:230][  0]LogAnalytics: ET APIKey = Rocket.Release. APIServer = http://et2.epicgames.com/ET2/. AppVersion = 4.7.6-2513093+++depot+UE4-Releases+4.7
[2015.06.08-16.45.02:230][  0]LogAnalytics: ET APIKey = Rocket.Release. DataRouterUploadURL = https://datarouter-public-service-gamedev.ol.epicgames.net/datarouter/api/v1/public/data. AppVersion = 4.7.6-2513093+++depot+UE4-Releases+4.7
[2015.06.08-16.45.02:231][  0]LogAnalytics: SetUserId 0cee193e45cd42522f6bddbfb67599cf|b7c49468110a42379aa5e2a98db34ec9|b817a7bb-3d94-4ef5-b46f-64c8ee7bd98d
[2015.06.08-16.45.02:231][  0]LogAnalytics: AnalyticsET::StartSession [Rocket.Release]
[2015.06.08-16.45.02:252][  0]LogInit: Transaction tracking system initialized
[2015.06.08-16.45.02:432][  0]BlueprintLog: New page: Editor Load
[2015.06.08-16.45.02:470][  0]LogAssetRegistry: FAssetRegistry took 0.0112 seconds to start up
[2015.06.08-16.45.02:470][  0]LogDirectoryWatcher:Warning: Failed to begin reading directory changes for ../../../Engine/Plugins/Experimental/CharacterAI/Content/. Error: 0
[2015.06.08-16.45.03:087][  0]LogTargetPlatformManager:Display: Building Assets For Windows
[2015.06.08-16.45.03:488][  0]LogTargetPlatformManager:Display: Building Assets For Windows
[2015.06.08-16.45.03:732][  0]LogLinker:Warning: Can't find file '/Game/TwinStickBP/TwinStickOverview'
[2015.06.08-16.45.03:732][  0]LogLinker:Warning: Can't find file '/Game/TwinStickBP/TwinStickOverview'
[2015.06.08-16.45.03:732][  0]LogUObjectGlobals:Warning: Failed to find object 'Class /Game/TwinStickBP/TwinStickOverview.TwinStickOverview_C'
[2015.06.08-16.45.03:767][  0]LogSlate:Warning: Failed to load font data from '../../../Engine/Content/Editor/Slate/Fonts/Roboto-Regular.ttf'
[2015.06.08-16.45.03:767][  0]LogSlate:Warning: Failed to load font data from '../../../Engine/Content/Editor/Slate/Fonts/Roboto-Bold.ttf'
[2015.06.08-16.45.03:817][  0]LogConsoleResponse:Display: 
[2015.06.08-16.45.03:970][  0]LogCook:Display: Done creating registry. It took  0.00s.
[2015.06.08-16.45.04:142][  0]LogSourceControl: RunCommandInternalRaw: 'git version'
[2015.06.08-16.45.04:151][  0]LogSourceControl: RunCommandInternalRaw: ExecProcess ReturnCode=0 OutResults='git version 1.9.5.github.0
'
[2015.06.08-16.45.04:151][  0]Cmd: MAP LOAD FILE="../../../../../../Users/merli_000/Documents/GitHub/SugarRushRampage/UNREAL/MyProject2/Content/TopDownBP/Maps/TopDownExampleMap.umap" TEMPLATE=0 SHOWPROGRESS=1 FEATURELEVEL=3
[2015.06.08-16.45.04:151][  0]LightingResults: New page: Lighting Build
[2015.06.08-16.45.04:166][  0]MapCheck: New page: Map Check
[2015.06.08-16.45.04:166][  0]LightingResults: New page: Lighting Build
[2015.06.08-16.45.04:178][  0]LogParticles: Destroying 0 GPU particle simulations for FXSystem 0x0000008AF7000680
[2015.06.08-16.45.05:783][  0]LogEditorServer: Finished looking for orphan Actors (0.000 secs)
[2015.06.08-16.45.05:783][  0]LogAIModule: Creating AISystem for world TopDownExampleMap
[2015.06.08-16.45.05:784][  0]Cmd: MAP CHECKDEP
[2015.06.08-16.45.05:784][  0]MapCheck: New page: TopDownExampleMap - Jun 8, 2015, 8:45:05 AM
[2015.06.08-16.45.05:879][  0]MapCheck: Info Map check complete: 0 Error(s), 0 Warning(s), took 95.4ms to complete.
[2015.06.08-16.45.05:879][  0]LogFileHelpers: Loading map 'TopDownExampleMap' took 1.729
[2015.06.08-16.45.06:031][  0]LogSourceControl: RunCommandInternalRaw: 'git status'
[2015.06.08-16.45.06:031][  0]LogCollectionManager: Loaded 0 collections in 0.001855 seconds
[2015.06.08-16.45.06:043][  0]LogContentBrowser: Native class hierarchy populated in 0.0113 seconds. Added 1696 classes and 261 folders.
[2015.06.08-16.45.06:061][  0]LogContentBrowser:Verbose: The content browser source was changed by the sources view to '/Game'
[2015.06.08-16.45.06:078][  0]LogContentBrowser: Native class hierarchy updated for 'SceneOutliner' in 0.0023 seconds. Added 1 classes and 2 folders.
[2015.06.08-16.45.06:132][  0]LogCrashTracker: Crashtracker disabled due to settings.
[2015.06.08-16.45.06:133][  0]LogSlate:Warning: Failed to load font data from 'Veranda'
[2015.06.08-16.45.06:140][  0]LogUObjectGlobals:Warning: Failed to find object 'Class None.'
[2015.06.08-16.45.06:165][  0]LogLoad: Full Startup: 13.95 seconds (BP compile: 0.55 seconds)
[2015.06.08-16.45.06:392][  0]LogRenderer:Warning: Reallocating scene render targets to support 928x448 (Frame:2).
[2015.06.08-16.45.07:068][  6]LogAssetRegistry: Asset discovery search completed in 4.6104 seconds
[2015.06.08-16.45.10:421][376]LogSourceControl: RunCommandInternalRaw: ExecProcess ReturnCode=0 OutResults='On branch master
Your branch and 'origin/master' have diverged,
and have 1 and 1 different commit each, respectively.
  (use "git pull" to merge the remote branch into yours)

Changes to be committed:
  (use "git reset HEAD <file>..." to unstage)

	modified:   UNREAL/MyProject2/Config/DefaultInput.ini
	deleted:    UNREAL/MyProject2/Content/StarterContent/Materials/ProjectileMaterial.uasset
	new file:   UNREAL/MyProject2/Content/TopDownBP/Blueprints/GameHUD.uasset
	new file:   UNREAL/MyProject2/Content/TopDownBP/Blueprints/HUD.uasset
	new file:   UNREAL/MyProject2/Content/TopDownBP/Blueprints/MainMenu.uasset
	deleted:    UNREAL/MyProject2/Content/TopDownBP/Blueprints/Projectile.uasset
	modified:   UNREAL/MyProject2/Content/TopDownBP/Blueprints/TopDownCharacter.uasset
	modified:   UNREAL/MyProject2/Content/TopDownBP/Blueprints/TopDownGameMode.uasset
	new file:   UNREAL/MyProject2/Content/TopDownBP/Maps/GameLevel.umap
	new file:   UNREAL/MyProject2/Content/TopDownBP/Maps/Menu.umap
	modified:   UNREAL/MyProject2/Intermediate/CachedAssetRegistry.bin
	modified:   UNREAL/MyProject2/Intermediate/Config/CoalescedSourceConfigs/Engine.ini
	modified:   UNREAL/MyProject2/Intermediate/Config/CoalescedSourceConfigs/Game.ini
	modified:   UNREAL/MyProject2/Intermediate/Config/CoalescedSourceConfigs/Input.ini
	modified:   UNREAL/MyProject2/Saved/AutoScreenshot.png
	deleted:    UNREAL/MyProject2/Saved/Autosaves/Game/StarterContent/Materials/ProjectileMaterial_Auto4.uasset
	new file:   UNREAL/MyProject2/Saved/Autosaves/Game/TopDownBP/Blueprints/HUD_Auto5.uasset
	new file:   UNREAL/MyProject2/Saved/Autosaves/Game/TopDownBP/Blueprints/MainMenu_Auto1.uasset
	new file:   UNREAL/MyProject2/Saved/Autosaves/Game/TopDownBP/Blueprints/MainMenu_Auto2.uasset
	new file:   UNREAL/MyProject2/Saved/Autosaves/Game/TopDownBP/Blueprints/MainMenu_Auto3.uasset
	deleted:    UNREAL/MyProject2/Saved/Autosaves/Game/TopDownBP/Blueprints/Projectile_Auto3.uasset
	modified:   UNREAL/MyProject2/Saved/Autosaves/Game/TopDownBP/Blueprints/TopDownCharacter_Auto1.uasset
	renamed:    UNREAL/MyProject2/Saved/Backup/TopDownCharacter_2015-06-07-11-37-55.uasset -> UNREAL/MyProject2/Saved/Autosaves/Game/TopDownBP/Blueprints/TopDownCharacter_Auto2.uasset
	new file:   UNREAL/MyProject2/Saved/Autosaves/Game/TopDownBP/Maps/Menu_Auto4.umap
	modified:   UNREAL/MyProject2/Saved/Autosaves/PackageRestoreData.json
	new file:   UNREAL/MyProject2/Saved/Backup/GameHUD_2015-06-06-14-10-43.uasset
	new file:   UNREAL/MyProject2/Saved/Backup/GameLevel_2015-06-06-14-21-45.umap
	new file:   UNREAL/MyProject2/Saved/Backup/MainMenu_2015-06-06-13-26-30.uasset
	new file:   UNREAL/MyProject2/Saved/Backup/MainMenu_2015-06-06-13-36-30.uasset
	new file:   UNREAL/MyProject2/Saved/Backup/MainMenu_2015-06-06-13-46-31.uasset
	new file:   UNREAL/MyProject2/Saved/Backup/MainMenu_2015-06-06-14-21-33.uasset
	new file:   UNREAL/MyProject2/Saved/Backup/Menu_2015-06-06-14-01-27.umap
	new file:   UNREAL/MyProject2/Saved/Backup/Menu_2015-06-06-14-19-36.umap
	new file:   UNREAL/MyProject2/Saved/Backup/NPC_Movement_2015-05-27-00-28-23.uasset
	deleted:    UNREAL/MyProject2/Saved/Backup/ProjectileMaterial_2015-06-07-18-13-12.uasset
	deleted:    UNREAL/MyProject2/Saved/Backup/Projectile_2015-06-07-12-14-49.uasset
	deleted:    UNREAL/MyProject2/Saved/Backup/Projectile_2015-06-07-12-21-11.uasset
	new file:   UNREAL/MyProject2/Saved/Backup/TopDownCharacter_2015-05-27-14-53-09.uasset
	new file:   UNREAL/MyProject2/Saved/Backup/TopDownCharacter_2015-05-27-15-16-33.uasset
	new file:   UNREAL/MyProject2/Saved/Backup/TopDownCharacter_2015-06-03-15-38-14.uasset
	renamed:    UNREAL/MyProject2/Saved/Backup/TopDownCharacter_2015-06-07-11-27-56.uasset -> UNREAL/MyProject2/Saved/Backup/TopDownCharacter_2015-06-06-14-10-29.uasset
	new file:   UNREAL/MyProject2/Saved/Backup/TopDownCharacter_2015-06-06-14-17-44.uasset
	deleted:    UNREAL/MyProject2/Saved/Backup/TopDownCharacter_2015-06-07-11-48-46.uasset
	deleted:    UNREAL/MyProject2/Saved/Backup/TopDownCharacter_2015-06-07-12-21-11.uasset
	renamed:    UNREAL/MyProject2/Saved/Backup/TopDownExampleMap_2015-06-03-17-27-27.umap -> UNREAL/MyProject2/Saved/Backup/TopDownExampleMap_2015-05-27-00-28-46.umap
	renamed:    UNREAL/MyProject2/Saved/Backup/TopDownExampleMap_2015-06-07-11-37-52.umap -> UNREAL/MyProject2/Saved/Backup/TopDownExampleMap_2015-05-27-01-09-27.umap
	renamed:    UNREAL/MyProject2/Content/TopDownBP/Maps/TopDownExampleMap.umap -> UNREAL/MyProject2/Saved/Backup/TopDownExampleMap_2015-05-27-14-34-52.umap
	renamed:    UNREAL/MyProject2/Saved/Backup/TopDownExampleMap_2015-06-03-17-17-02.umap -> UNREAL/MyProject2/Saved/Backup/TopDownExampleMap_2015-05-27-15-04-06.umap
	deleted:    UNREAL/MyProject2/Saved/Backup/TopDownExampleMap_2015-06-03-17-40-46.umap
	deleted:    UNREAL/MyProject2/Saved/Backup/TopDownExampleMap_2015-06-07-18-13-09.umap
	renamed:    UNREAL/MyProject2/Content/TopDownBP/Blueprints/TopDownGameMode.uasset -> UNREAL/MyProject2/Saved/Backup/TopDownGameMode_2015-06-06-14-21-45.uasset
	modified:   UNREAL/MyProject2/Saved/Config/Windows/Editor.ini
	modified:   UNREAL/MyProject2/Saved/Config/Windows/EditorLayout.ini
	modified:   UNREAL/MyProject2/Saved/Config/Windows/EditorUserSettings.ini
	modified:   UNREAL/MyProject2/Saved/Config/Windows/Engine.ini
	modified:   UNREAL/MyProject2/Saved/Config/Windows/GameUserSettings.ini
	new file:   UNREAL/MyProject2/Saved/Config/WorldState/1215036782.json
	deleted:    UNREAL/MyProject2/Saved/Logs/MyProject2-backup-2015.06.03-16.22.22.log
	deleted:    UNREAL/MyProject2/Saved/Logs/MyProject2-backup-2015.06.03-17.15.42.log
	renamed:    UNREAL/MyProject2/Saved/Logs/MyProject2-backup-2015.06.03-16.21.16.log -> UNREAL/MyProject2/Saved/Logs/MyProject2-backup-2015.06.06-13.10.14.log
	deleted:    UNREAL/MyProject2/Saved/Logs/MyProject2-backup-2015.06.06-18.42.28.log
	modified:   UNREAL/MyProject2/Saved/Logs/MyProject2.log

Changes not staged for commit:
  (use "git add/rm <file>..." to update what will be committed)
  (use "git checkout -- <file>..." to discard changes in working directory)

	modified:   UNREAL/MyProject2/Config/DefaultInput.ini
	deleted:    UNREAL/MyProject2/Content/TopDownBP/Blueprints/GameHUD.uasset
	deleted:    UNREAL/MyProject2/Content/TopDownBP/Blueprints/HUD.uasset
	deleted:    UNREAL/MyProject2/Content/TopDownBP/Blueprints/MainMenu.uasset
	modified:   UNREAL/MyProject2/Content/TopDownBP/Blueprints/TopDownCharacter.uasset
	modified:   UNREAL/MyProject2/Content/TopDownBP/Blueprints/TopDownGameMode.uasset
	deleted:    UNREAL/MyProject2/Content/TopDownBP/Maps/GameLevel.umap
	deleted:    UNREAL/MyProject2/Content/TopDownBP/Maps/Menu.umap
	modified:   UNREAL/MyProject2/Intermediate/CachedAssetRegistry.bin
	modified:   UNREAL/MyProject2/Intermediate/Config/CoalescedSourceConfigs/Engine.ini
	modified:   UNREAL/MyProject2/Intermediate/Config/CoalescedSourceConfigs/Game.ini
	modified:   UNREAL/MyProject2/Intermediate/Config/CoalescedSourceConfigs/Input.ini
	modified:   UNREAL/MyProject2/Saved/AutoScreenshot.png
	deleted:    UNREAL/MyProject2/Saved/Autosaves/Game/TopDownBP/Blueprints/HUD_Auto5.uasset
	deleted:    UNREAL/MyProject2/Saved/Autosaves/Game/TopDownBP/Blueprints/MainMenu_Auto1.uasset
	deleted:    UNREAL/MyProject2/Saved/Autosaves/Game/TopDownBP/Blueprints/MainMenu_Auto2.uasset
	deleted:    UNREAL/MyProject2/Saved/Autosaves/Game/TopDownBP/Blueprints/MainMenu_Auto3.uasset
	modified:   UNREAL/MyProject2/Saved/Autosaves/Game/TopDownBP/Blueprints/TopDownCharacter_Auto1.uasset
	modified:   UNREAL/MyProject2/Saved/Autosaves/Game/TopDownBP/Blueprints/TopDownCharacter_Auto2.uasset
	deleted:    UNREAL/MyProject2/Saved/Autosaves/Game/TopDownBP/Maps/Menu_Auto4.umap
	modified:   UNREAL/MyProject2/Saved/Autosaves/Game/TopDownBP/Maps/TopDownExampleMap_Auto3.umap
	modified:   UNREAL/MyProject2/Saved/Autosaves/PackageRestoreData.json
	deleted:    UNREAL/MyProject2/Saved/Backup/GameHUD_2015-06-06-14-10-43.uasset
	deleted:    UNREAL/MyProject2/Saved/Backup/GameLevel_2015-06-06-14-21-45.umap
	deleted:    UNREAL/MyProject2/Saved/Backup/MainMenu_2015-06-06-13-26-30.uasset
	deleted:    UNREAL/MyProject2/Saved/Backup/MainMenu_2015-06-06-13-36-30.uasset
	deleted:    UNREAL/MyProject2/Saved/Backup/MainMenu_2015-06-06-13-46-31.uasset
	deleted:    UNREAL/MyProject2/Saved/Backup/MainMenu_2015-06-06-14-21-33.uasset
	deleted:    UNREAL/MyProject2/Saved/Backup/Menu_2015-06-06-14-01-27.umap
	deleted:    UNREAL/MyProject2/Saved/Backup/Menu_2015-06-06-14-19-36.umap
	deleted:    UNREAL/MyProject2/Saved/Backup/NPC_Movement_2015-05-27-00-28-23.uasset
	deleted:    UNREAL/MyProject2/Saved/Backup/TopDownCharacter_2015-05-27-14-53-09.uasset
	deleted:    UNREAL/MyProject2/Saved/Backup/TopDownCharacter_2015-05-27-15-16-33.uasset
	deleted:    UNREAL/MyProject2/Saved/Backup/TopDownCharacter_2015-06-03-15-38-14.uasset
	deleted:    UNREAL/MyProject2/Saved/Backup/TopDownCharacter_2015-06-06-14-10-29.uasset
	deleted:    UNREAL/MyProject2/Saved/Backup/TopDownCharacter_2015-06-06-14-17-44.uasset
	deleted:    UNREAL/MyProject2/Saved/Backup/TopDownExampleMap_2015-05-27-00-28-46.umap
	deleted:    UNREAL/MyProject2/Saved/Backup/TopDownExampleMap_2015-05-27-01-09-27.umap
	deleted:    UNREAL/MyProject2/Saved/Backup/TopDownExampleMap_2015-05-27-14-34-52.umap
	deleted:    UNREAL/MyProject2/Saved/Backup/TopDownExampleMap_2015-05-27-14-53-07.umap
	deleted:    UNREAL/MyProject2/Saved/Backup/TopDownExampleMap_2015-05-27-15-04-06.umap
	deleted:    UNREAL/MyProject2/Saved/Backup/TopDownExampleMap_2015-05-27-15-14-16.umap
	deleted:    UNREAL/MyProject2/Saved/Backup/TopDownExampleMap_2015-05-29-20-48-17.umap
	deleted:    UNREAL/MyProject2/Saved/Backup/TopDownExampleMap_2015-06-03-13-45-40.umap
	deleted:    UNREAL/MyProject2/Saved/Backup/TopDownExampleMap_2015-06-03-14-00-00.umap
	deleted:    UNREAL/MyProject2/Saved/Backup/TopDownExampleMap_2015-06-03-14-39-32.umap
	deleted:    UNREAL/MyProject2/Saved/Backup/TopDownExampleMap_2015-06-03-15-38-12.umap
	deleted:    UNREAL/MyProject2/Saved/Backup/TopDownGameMode_2015-06-03-14-00-02.uasset
	deleted:    UNREAL/MyProject2/Saved/Backup/TopDownGameMode_2015-06-06-14-21-45.uasset
	deleted:    UNREAL/MyProject2/Saved/Backup/Wander_2015-05-27-00-28-56.uasset
	deleted:    UNREAL/MyProject2/Saved/Backup/Wander_2015-05-27-14-06-43.uasset
	deleted:    UNREAL/MyProject2/Saved/Backup/Wander_2015-05-27-15-14-18.uasset
	deleted:    UNREAL/MyProject2/Saved/Backup/Wander_2015-05-27-15-27-29.uasset
	deleted:    UNREAL/MyProject2/Saved/Backup/Wander_2015-05-27-15-37-23.uasset
	modified:   UNREAL/MyProject2/Saved/Config/Windows/Editor.ini
	modified:   UNREAL/MyProject2/Saved/Config/Windows/EditorLayout.ini
	modified:   UNREAL/MyProject2/Saved/Config/Windows/EditorUserSettings.ini
	modified:   UNREAL/MyProject2/Saved/Config/Windows/Engine.ini
	modified:   UNREAL/MyProject2/Saved/Config/Windows/GameUserSettings.ini
	deleted:    UNREAL/MyProject2/Saved/Config/WorldState/1215036782.json
	deleted:    UNREAL/MyProject2/Saved/Logs/MyProject2-backup-2015.06.06-13.10.14.log
	modified:   UNREAL/MyProject2/Saved/Logs/MyProject2.log

Untracked files:
  (use "git add <file>..." to include in what will be committed)

	UNREAL/MyProject2/Content/StarterContent/Materials/ProjectileMaterial.uasset
	UNREAL/MyProject2/Content/TopDownBP/Blueprints/Projectile.uasset
	UNREAL/MyProject2/Content/TopDownBP/Maps/TopDownExampleMap.umap
	UNREAL/MyProject2/Saved/Autosaves/Game/StarterContent/
	UNREAL/MyProject2/Saved/Autosaves/Game/TopDownBP/Blueprints/Projectile_Auto1.uasset
	UNREAL/MyProject2/Saved/Autosaves/Game/TopDownBP/Blueprints/Projectile_Auto3.uasset
	UNREAL/MyProject2/Saved/Autosaves/Game/TopDownBP/Blueprints/Projectile_Auto5.uasset
	UNREAL/MyProject2/Saved/Backup/ProjectileMaterial_2015-06-07-18-13-12.uasset
	UNREAL/MyProject2/Saved/Backup/Projectile_2015-06-07-18-32-35.uasset
	UNREAL/MyProject2/Saved/Backup/Projectile_2015-06-07-18-58-02.uasset
	UNREAL/MyProject2/Saved/Backup/Projectile_2015-06-07-19-04-49.uasset
	UNREAL/MyProject2/Saved/Backup/TopDownCharacter_2015-06-07-19-04-49.uasset
	UNREAL/MyProject2/Saved/Backup/TopDownCharacter_2015-06-07-19-15-43.uasset
	UNREAL/MyProject2/Saved/Backup/TopDownCharacter_2015-06-08-10-17-06.uasset
	UNREAL/MyProject2/Saved/Backup/TopDownCharacter_2015-06-08-10-31-24.uasset
	UNREAL/MyProject2/Saved/Backup/TopDownCharacter_2015-06-08-10-36-56.uasset
	UNREAL/MyProject2/Saved/Backup/TopDownCharacter_2015-06-08-10-54-30.uasset
	UNREAL/MyProject2/Saved/Backup/TopDownCharacter_2015-06-08-11-01-24.uasset
	UNREAL/MyProject2/Saved/Backup/TopDownExampleMap_2015-06-03-17-17-02.umap
	UNREAL/MyProject2/Saved/Backup/TopDownExampleMap_2015-06-03-17-40-46.umap
	UNREAL/MyProject2/Saved/Backup/TopDownExampleMap_2015-06-07-11-37-52.umap
	UNREAL/MyProject2/Saved/Backup/TopDownExampleMap_2015-06-07-18-13-09.umap
	UNREAL/MyProject2/Saved/Backup/TopDownExampleMap_2015-06-07-18-32-33.umap
	UNREAL/MyProject2/Saved/Backup/TopDownExampleMap_2015-06-07-19-04-47.umap
	UNREAL/MyProject2/Saved/Backup/TopDownExampleMap_2015-06-07-19-15-41.umap
	UNREAL/MyProject2/Saved/Backup/TopDownExampleMap_2015-06-08-10-21-24.umap
	UNREAL/MyProject2/Saved/Backup/TopDownExampleMap_2015-06-08-10-36-54.umap
	UNREAL/MyProject2/Saved/Backup/TopDownExampleMap_2015-06-08-10-47-44.umap
	UNREAL/MyProject2/Saved/Backup/TopDownExampleMap_2015-06-08-10-54-28.umap
	UNREAL/MyProject2/Saved/Backup/TopDownExampleMap_2015-06-08-11-01-22.umap
	UNREAL/MyProject2/Saved/Logs/MyProject2-backup-2015.06.03-16.21.16.log
	UNREAL/MyProject2/Saved/Logs/MyProject2-backup-2015.06.03-16.22.22.log
	UNREAL/MyProject2/Saved/Logs/MyProject2-backup-2015.06.03-17.15.42.log
	UNREAL/MyProject2/Saved/Logs/MyProject2-backup-2015.06.06-18.42.28.log
	UNREAL/MyProject2/Saved/Logs/MyProject2-backup-2015.06.07-18.47.36.log
	UNREAL/MyProject2/Saved/Logs/MyProject2-backup-2015.06.08-12.36.28.log
	UNREAL/MyProject2/Saved/Logs/MyProject2-backup-2015.06.08-12.44.54.log

'
[2015.06.08-16.45.10:422][376]LogSourceControl: RunCommandInternalRaw: 'git symbolic-ref --short HEAD'
[2015.06.08-16.45.10:442][378]LogSourceControl: RunCommandInternalRaw: ExecProcess ReturnCode=0 OutResults='master
'
[2015.06.08-16.45.10:443][378]SourceControl: Info master
[2015.06.08-16.45.15:816][842]LogSourceControl: RunCommandInternalRaw: 'git status --porcelain --ignored "C:/Users/merli_000/Documents/GitHub/SugarRushRampage/UNREAL/MyProject2/Content/TopDownBP/Blueprints/Projectile.uasset"'
[2015.06.08-16.45.15:850][845]LogSourceControl: RunCommandInternalRaw: ExecProcess ReturnCode=0 OutResults='D  UNREAL/MyProject2/Content/TopDownBP/Blueprints/Projectile.uasset
?? UNREAL/MyProject2/Content/TopDownBP/Blueprints/Projectile.uasset
'
[2015.06.08-16.45.15:851][845]LogSourceControl: RunCommandInternalRaw: 'git status --porcelain --ignored "C:/Users/merli_000/Documents/GitHub/SugarRushRampage/UNREAL/MyProject2/Content/StarterContent/Materials/ProjectileMaterial.uasset"'
[2015.06.08-16.45.15:876][847]LogSourceControl: RunCommandInternalRaw: ExecProcess ReturnCode=0 OutResults='D  UNREAL/MyProject2/Content/StarterContent/Materials/ProjectileMaterial.uasset
?? UNREAL/MyProject2/Content/StarterContent/Materials/ProjectileMaterial.uasset
'
[2015.06.08-16.45.21:121][260]LogRenderer:Warning: Reallocating scene render targets to support 928x560 (Frame:246).
[2015.06.08-16.45.44:761][873]LogEditorTransaction: Undo Modify Component(s)
[2015.06.08-16.45.44:795][873]LogActorComponent: UnregisterComponent: (/Engine/Transient.ProjectileMovementComponent_0) Not registered. Aborting.
[2015.06.08-16.46.10:328][610]LogEditorTransaction: Undo Modify Component(s)
[2015.06.08-16.46.33:658][362]LogEditorTransaction: Undo Remove Components
[2015.06.08-16.46.44:174][ 93]LogEditorTransaction: Undo Modify Component(s)
[2015.06.08-16.47.26:081][ 70]LogSourceControl: RunCommandInternalRaw: 'git status --porcelain --ignored "C:/Users/merli_000/Documents/GitHub/SugarRushRampage/UNREAL/MyProject2/Content/TopDownBP/Blueprints/Projectile.uasset"'
[2015.06.08-16.47.26:109][ 70]LogSourceControl: RunCommandInternalRaw: ExecProcess ReturnCode=0 OutResults='D  UNREAL/MyProject2/Content/TopDownBP/Blueprints/Projectile.uasset
?? UNREAL/MyProject2/Content/TopDownBP/Blueprints/Projectile.uasset
'
[2015.06.08-16.47.26:459][ 70]LogSavePackage: Save=226.993591ms
[2015.06.08-16.47.26:459][ 70]LogSavePackage: Moving '../../../../../../Users/merli_000/Documents/GitHub/SugarRushRampage/UNREAL/MyProject2/Saved/Projectile1F801BB842AC59300202B29DA8431B4B.tmp' to '../../../../../../Users/merli_000/Documents/GitHub/SugarRushRampage/UNREAL/MyProject2/Content/TopDownBP/Blueprints/Projectile.uasset'
[2015.06.08-16.47.26:478][ 71]LogSourceControl: RunCommandInternalRaw: 'git status --porcelain --ignored "C:/Users/merli_000/Documents/GitHub/SugarRushRampage/UNREAL/MyProject2/Content/TopDownBP/Blueprints/Projectile.uasset"'
[2015.06.08-16.47.26:489][ 72]LogSourceControl: RunCommandInternalRaw: ExecProcess ReturnCode=0 OutResults='D  UNREAL/MyProject2/Content/TopDownBP/Blueprints/Projectile.uasset
?? UNREAL/MyProject2/Content/TopDownBP/Blueprints/Projectile.uasset
'
[2015.06.08-16.47.28:496][271]BlueprintLog: New page: Pre-PIE auto-recompile
[2015.06.08-16.47.28:501][271]LogActorComponent: UnregisterComponent: (/Engine/Transient.ProjectileMovementComponent_0) Not registered. Aborting.
[2015.06.08-16.47.28:502][271]LogPlayLevel: [PIE] Compiling Projectile before PIE...
[2015.06.08-16.47.28:567][271]LogPlayLevel: [PIE] Compiling TopDownCharacter before PIE...
[2015.06.08-16.47.28:685][271]LogPlayLevel: PIE:  Blueprint regeneration took 188 ms (2 blueprints)
[2015.06.08-16.47.28:685][271]PIE: New page: PIE session: TopDownExampleMap (Jun 8, 2015, 8:47:28 AM)
[2015.06.08-16.47.28:732][271]LogPlayLevel: PIE: StaticDuplicateObject took: (0.045947s)
[2015.06.08-16.47.28:733][271]LogPlayLevel: PIE: World Init took: (0.000768s)
[2015.06.08-16.47.28:733][271]LogPlayLevel: PIE: Created PIE world by copying editor world from /Game/TopDownBP/Maps/TopDownExampleMap.TopDownExampleMap to /Game/TopDownBP/Maps/UEDPIE_0_TopDownExampleMap.TopDownExampleMap (0.046988s)
[2015.06.08-16.47.28:814][271]LogWorld: Game class is 'TopDownGameMode_C'
[2015.06.08-16.47.28:817][271]LogAIModule: Creating AISystem for world TopDownExampleMap
[2015.06.08-16.47.28:831][271]LogWorld:Warning: *** WARNING - PATHS MAY NOT BE VALID ***
[2015.06.08-16.47.28:831][271]LogWorld: Bringing World /Game/TopDownBP/Maps/UEDPIE_0_TopDownExampleMap.TopDownExampleMap up for play (max tick rate 0) at 2015.06.08-12.47.28
[2015.06.08-16.47.28:834][271]LogWorld: Bringing up level for play took: 0.016308
[2015.06.08-16.47.28:837][271]PIE: Info Play in editor start time for /Game/TopDownBP/Maps/UEDPIE_0_TopDownExampleMap 0.769
[2015.06.08-16.47.33:360][456]LogActorComponent: UnregisterComponent: (/Engine/Transient.ProjectileMovementComponent_0) Not registered. Aborting.
[2015.06.08-16.47.33:397][457]LogParticles: Destroying 0 GPU particle simulations for FXSystem 0x0000008A88E56160
[2015.06.08-16.47.49:636][735]LogEditorTransaction: Undo Modify Component(s)
[2015.06.08-16.47.49:661][735]LogActorComponent: UnregisterComponent: (/Engine/Transient.ProjectileMovementComponent_0) Not registered. Aborting.
[2015.06.08-16.48.10:926][207]LogEditorTransaction: Undo Set actor scale
[2015.06.08-16.48.57:244][386]BlueprintLog: New page: Compile Projectile
[2015.06.08-16.48.57:394][386]BlueprintEditorCompileResults: Info [0245.17] Compile of Projectile successful! [in 149 ms]
[2015.06.08-16.49.01:370][787]BlueprintLog: New page: Pre-PIE auto-recompile
[2015.06.08-16.49.01:374][787]LogPlayLevel: [PIE] Compiling TopDownCharacter before PIE...
[2015.06.08-16.49.01:470][787]LogActorComponent: UnregisterComponent: (/Engine/Transient.ProjectileMovementComponent_0) Not registered. Aborting.
[2015.06.08-16.49.01:490][787]LogPlayLevel: PIE:  Blueprint regeneration took 120 ms (1 blueprints)
[2015.06.08-16.49.01:490][787]PIE: New page: PIE session: TopDownExampleMap (Jun 8, 2015, 8:49:01 AM)
[2015.06.08-16.49.01:527][787]LogPlayLevel: PIE: StaticDuplicateObject took: (0.036070s)
[2015.06.08-16.49.01:528][787]LogPlayLevel: PIE: World Init took: (0.001351s)
[2015.06.08-16.49.01:529][787]LogPlayLevel: PIE: Created PIE world by copying editor world from /Game/TopDownBP/Maps/TopDownExampleMap.TopDownExampleMap to /Game/TopDownBP/Maps/UEDPIE_0_TopDownExampleMap.TopDownExampleMap (0.037827s)
[2015.06.08-16.49.01:587][787]LogWorld: Game class is 'TopDownGameMode_C'
[2015.06.08-16.49.01:591][787]LogAIModule: Creating AISystem for world TopDownExampleMap
[2015.06.08-16.49.01:616][787]LogWorld:Warning: *** WARNING - PATHS MAY NOT BE VALID ***
[2015.06.08-16.49.01:616][787]LogWorld: Bringing World /Game/TopDownBP/Maps/UEDPIE_0_TopDownExampleMap.TopDownExampleMap up for play (max tick rate 0) at 2015.06.08-12.49.01
[2015.06.08-16.49.01:620][787]LogWorld: Bringing up level for play took: 0.027033
[2015.06.08-16.49.01:624][787]PIE: Info Play in editor start time for /Game/TopDownBP/Maps/UEDPIE_0_TopDownExampleMap -0.444
[2015.06.08-16.49.18:054][108]LogParticles: Destroying 0 GPU particle simulations for FXSystem 0x0000008AEDF51D00
[2015.06.08-16.49.22:359][440]BlueprintLog: New page: Compile Projectile
[2015.06.08-16.49.22:460][440]BlueprintEditorCompileResults: Info [0270.24] Compile of Projectile successful! [in 101 ms]
[2015.06.08-16.49.25:232][701]LogActorComponent: UnregisterComponent: (/Engine/Transient.ProjectileMovementComponent_0) Not registered. Aborting.
[2015.06.08-16.49.25:288][701]LogSourceControl: RunCommandInternalRaw: 'git status --porcelain --ignored "C:/Users/merli_000/Documents/GitHub/SugarRushRampage/UNREAL/MyProject2/Content/TopDownBP/Maps/TopDownExampleMap.umap"'
[2015.06.08-16.49.25:310][701]LogSourceControl: RunCommandInternalRaw: ExecProcess ReturnCode=0 OutResults='D  UNREAL/MyProject2/Content/TopDownBP/Maps/TopDownExampleMap.umap
?? UNREAL/MyProject2/Content/TopDownBP/Maps/TopDownExampleMap.umap
'
[2015.06.08-16.49.25:310][701]LogSourceControl: RunCommandInternalRaw: 'git status --porcelain --ignored "C:/Users/merli_000/Documents/GitHub/SugarRushRampage/UNREAL/MyProject2/Content/TopDownBP/Blueprints/Projectile.uasset"'
[2015.06.08-16.49.25:332][701]LogSourceControl: RunCommandInternalRaw: ExecProcess ReturnCode=0 OutResults='D  UNREAL/MyProject2/Content/TopDownBP/Blueprints/Projectile.uasset
?? UNREAL/MyProject2/Content/TopDownBP/Blueprints/Projectile.uasset
'
[2015.06.08-16.49.28:149][701]LogSavePackage: Save=2572.814209ms
[2015.06.08-16.49.28:149][701]LogSavePackage: Moving '../../../../../../Users/merli_000/Documents/GitHub/SugarRushRampage/UNREAL/MyProject2/Saved/TopDownExampleMap2EE34B6B422239FA856B6C80E7AF6190.tmp' to '../../../../../../Users/merli_000/Documents/GitHub/SugarRushRampage/UNREAL/MyProject2/Content/TopDownBP/Maps/TopDownExampleMap.umap'
[2015.06.08-16.49.28:197][701]LogFileHelpers: Saving map 'TopDownExampleMap' took 2.808
[2015.06.08-16.49.28:432][701]LogSavePackage: Save=206.826355ms
[2015.06.08-16.49.28:432][701]LogSavePackage: Moving '../../../../../../Users/merli_000/Documents/GitHub/SugarRushRampage/UNREAL/MyProject2/Saved/Projectile579D617944DC390357396D8F91849F44.tmp' to '../../../../../../Users/merli_000/Documents/GitHub/SugarRushRampage/UNREAL/MyProject2/Content/TopDownBP/Blueprints/Projectile.uasset'
[2015.06.08-16.49.28:448][702]LogSourceControl: RunCommandInternalRaw: 'git status --porcelain --ignored "C:/Users/merli_000/Documents/GitHub/SugarRushRampage/UNREAL/MyProject2/Content/TopDownBP/Maps/TopDownExampleMap.umap"'
[2015.06.08-16.49.28:469][704]LogSourceControl: RunCommandInternalRaw: ExecProcess ReturnCode=0 OutResults='D  UNREAL/MyProject2/Content/TopDownBP/Maps/TopDownExampleMap.umap
?? UNREAL/MyProject2/Content/TopDownBP/Maps/TopDownExampleMap.umap
'
[2015.06.08-16.49.28:469][704]LogSourceControl: RunCommandInternalRaw: 'git status --porcelain --ignored "C:/Users/merli_000/Documents/GitHub/SugarRushRampage/UNREAL/MyProject2/Content/TopDownBP/Blueprints/Projectile.uasset"'
[2015.06.08-16.49.28:481][705]LogSourceControl: RunCommandInternalRaw: ExecProcess ReturnCode=0 OutResults='D  UNREAL/MyProject2/Content/TopDownBP/Blueprints/Projectile.uasset
?? UNREAL/MyProject2/Content/TopDownBP/Blueprints/Projectile.uasset
'
[2015.06.08-16.49.28:916][745]BlueprintLog: New page: Pre-PIE auto-recompile
[2015.06.08-16.49.28:920][745]LogPlayLevel: [PIE] Compiling TopDownCharacter before PIE...
[2015.06.08-16.49.29:017][745]LogActorComponent: UnregisterComponent: (/Engine/Transient.ProjectileMovementComponent_0) Not registered. Aborting.
[2015.06.08-16.49.29:036][745]LogPlayLevel: PIE:  Blueprint regeneration took 120 ms (1 blueprints)
[2015.06.08-16.49.29:037][745]PIE: New page: PIE session: TopDownExampleMap (Jun 8, 2015, 8:49:29 AM)
[2015.06.08-16.49.29:074][745]LogPlayLevel: PIE: StaticDuplicateObject took: (0.036815s)
[2015.06.08-16.49.29:075][745]LogPlayLevel: PIE: World Init took: (0.000749s)
[2015.06.08-16.49.29:075][745]LogPlayLevel: PIE: Created PIE world by copying editor world from /Game/TopDownBP/Maps/TopDownExampleMap.TopDownExampleMap to /Game/TopDownBP/Maps/UEDPIE_0_TopDownExampleMap.TopDownExampleMap (0.037808s)
[2015.06.08-16.49.29:112][745]LogWorld: Game class is 'TopDownGameMode_C'
[2015.06.08-16.49.29:115][745]LogAIModule: Creating AISystem for world TopDownExampleMap
[2015.06.08-16.49.29:125][745]LogWorld:Warning: *** WARNING - PATHS MAY NOT BE VALID ***
[2015.06.08-16.49.29:125][745]LogWorld: Bringing World /Game/TopDownBP/Maps/UEDPIE_0_TopDownExampleMap.TopDownExampleMap up for play (max tick rate 0) at 2015.06.08-12.49.29
[2015.06.08-16.49.29:126][745]LogWorld: Bringing up level for play took: 0.011139
[2015.06.08-16.49.29:130][745]PIE: Info Play in editor start time for /Game/TopDownBP/Maps/UEDPIE_0_TopDownExampleMap 1.061
[2015.06.08-16.49.32:710][910]LogParticles: Destroying 0 GPU particle simulations for FXSystem 0x0000008AEDF53600
[2015.06.08-16.51.15:559][441]LogSourceControl: RunCommandInternalRaw: 'git status --porcelain --ignored "C:/Users/merli_000/Documents/GitHub/SugarRushRampage/UNREAL/MyProject2/Content/TopDownBP/Meshes/CubeMesh.uasset"'
[2015.06.08-16.51.15:574][442]LogSourceControl: RunCommandInternalRaw: ExecProcess ReturnCode=0 OutResults=''
[2015.06.08-16.51.15:574][442]LogSourceControl: RunCommandInternalRaw: 'git status --porcelain --ignored "C:/Users/merli_000/Documents/GitHub/SugarRushRampage/UNREAL/MyProject2/Content/StarterContent/Architecture/Floor_400x400.uasset" "C:/Users/merli_000/Documents/GitHub/SugarRushRampage/UNREAL/MyProject2/Content/StarterContent/Architecture/Pillar_50x500.uasset"'
[2015.06.08-16.51.15:602][444]LogSourceControl: RunCommandInternalRaw: ExecProcess ReturnCode=0 OutResults=''
[2015.06.08-16.51.15:602][444]LogSourceControl: RunCommandInternalRaw: 'git status --porcelain --ignored "C:/Users/merli_000/Documents/GitHub/SugarRushRampage/UNREAL/MyProject2/Content/StarterContent/Props/MaterialSphere.uasset"'
[2015.06.08-16.51.15:622][445]LogSourceControl: RunCommandInternalRaw: ExecProcess ReturnCode=0 OutResults=''
[2015.06.08-16.51.15:622][445]LogSourceControl: RunCommandInternalRaw: 'git status --porcelain --ignored "C:/Users/merli_000/Documents/GitHub/SugarRushRampage/UNREAL/MyProject2/Content/StarterContent/Shapes/Shape_Cone.uasset" "C:/Users/merli_000/Documents/GitHub/SugarRushRampage/UNREAL/MyProject2/Content/StarterContent/Shapes/Shape_Cube.uasset" "C:/Users/merli_000/Documents/GitHub/SugarRushRampage/UNREAL/MyProject2/Content/StarterContent/Shapes/Shape_Cylinder.uasset" "C:/Users/merli_000/Documents/GitHub/SugarRushRampage/UNREAL/MyProject2/Content/StarterContent/Shapes/Shape_NarrowCapsule.uasset"'
[2015.06.08-16.51.15:654][447]LogSourceControl: RunCommandInternalRaw: ExecProcess ReturnCode=0 OutResults=''
[2015.06.08-16.56.56:797][131]BlueprintLog: New page: Compile Projectile
[2015.06.08-16.56.56:854][131]LogActorComponent: UnregisterComponent: (/Engine/Transient.ProjectileMovementComponent_0) Not registered. Aborting.
[2015.06.08-16.56.56:883][131]BlueprintEditorCompileResults: Info [0724.68] Compile of Projectile successful! [in 85 ms]
[2015.06.08-16.57.01:428][665]LogActorComponent: UnregisterComponent: (/Engine/Transient.ProjectileMovementComponent_0) Not registered. Aborting.
[2015.06.08-16.57.01:484][665]LogSourceControl: RunCommandInternalRaw: 'git status --porcelain --ignored "C:/Users/merli_000/Documents/GitHub/SugarRushRampage/UNREAL/MyProject2/Content/TopDownBP/Maps/TopDownExampleMap.umap"'
[2015.06.08-16.57.01:510][665]LogSourceControl: RunCommandInternalRaw: ExecProcess ReturnCode=0 OutResults='D  UNREAL/MyProject2/Content/TopDownBP/Maps/TopDownExampleMap.umap
?? UNREAL/MyProject2/Content/TopDownBP/Maps/TopDownExampleMap.umap
'
[2015.06.08-16.57.01:510][665]LogSourceControl: RunCommandInternalRaw: 'git status --porcelain --ignored "C:/Users/merli_000/Documents/GitHub/SugarRushRampage/UNREAL/MyProject2/Content/TopDownBP/Blueprints/Projectile.uasset"'
[2015.06.08-16.57.01:521][665]LogSourceControl: RunCommandInternalRaw: ExecProcess ReturnCode=0 OutResults='D  UNREAL/MyProject2/Content/TopDownBP/Blueprints/Projectile.uasset
?? UNREAL/MyProject2/Content/TopDownBP/Blueprints/Projectile.uasset
'
[2015.06.08-16.57.03:467][665]LogSavePackage: Save=1725.721924ms
[2015.06.08-16.57.03:467][665]LogSavePackage: Moving '../../../../../../Users/merli_000/Documents/GitHub/SugarRushRampage/UNREAL/MyProject2/Saved/TopDownExampleMap50641EA94A1263ECF40F3F885A476556.tmp' to '../../../../../../Users/merli_000/Documents/GitHub/SugarRushRampage/UNREAL/MyProject2/Content/TopDownBP/Maps/TopDownExampleMap.umap'
[2015.06.08-16.57.03:515][665]LogFileHelpers: Saving map 'TopDownExampleMap' took 1.930
[2015.06.08-16.57.03:760][665]LogSavePackage: Save=213.334167ms
[2015.06.08-16.57.03:760][665]LogSavePackage: Moving '../../../../../../Users/merli_000/Documents/GitHub/SugarRushRampage/UNREAL/MyProject2/Saved/Projectile6D6133384E00CC37C1573290C7642121.tmp' to '../../../../../../Users/merli_000/Documents/GitHub/SugarRushRampage/UNREAL/MyProject2/Content/TopDownBP/Blueprints/Projectile.uasset'
[2015.06.08-16.57.03:776][666]LogSourceControl: RunCommandInternalRaw: 'git status --porcelain --ignored "C:/Users/merli_000/Documents/GitHub/SugarRushRampage/UNREAL/MyProject2/Content/TopDownBP/Maps/TopDownExampleMap.umap"'
[2015.06.08-16.57.03:796][668]LogSourceControl: RunCommandInternalRaw: ExecProcess ReturnCode=0 OutResults='D  UNREAL/MyProject2/Content/TopDownBP/Maps/TopDownExampleMap.umap
?? UNREAL/MyProject2/Content/TopDownBP/Maps/TopDownExampleMap.umap
'
[2015.06.08-16.57.03:796][668]LogSourceControl: RunCommandInternalRaw: 'git status --porcelain --ignored "C:/Users/merli_000/Documents/GitHub/SugarRushRampage/UNREAL/MyProject2/Content/TopDownBP/Blueprints/Projectile.uasset"'
[2015.06.08-16.57.03:811][669]LogSourceControl: RunCommandInternalRaw: ExecProcess ReturnCode=0 OutResults='D  UNREAL/MyProject2/Content/TopDownBP/Blueprints/Projectile.uasset
?? UNREAL/MyProject2/Content/TopDownBP/Blueprints/Projectile.uasset
'
[2015.06.08-16.57.04:804][784]BlueprintLog: New page: Pre-PIE auto-recompile
[2015.06.08-16.57.04:808][784]LogPlayLevel: [PIE] Compiling TopDownCharacter before PIE...
[2015.06.08-16.57.04:903][784]LogActorComponent: UnregisterComponent: (/Engine/Transient.ProjectileMovementComponent_0) Not registered. Aborting.
[2015.06.08-16.57.04:923][784]LogPlayLevel: PIE:  Blueprint regeneration took 119 ms (1 blueprints)
[2015.06.08-16.57.04:923][784]PIE: New page: PIE session: TopDownExampleMap (Jun 8, 2015, 8:57:04 AM)
[2015.06.08-16.57.04:954][784]LogPlayLevel: PIE: StaticDuplicateObject took: (0.030541s)
[2015.06.08-16.57.04:961][784]LogPlayLevel: PIE: World Init took: (0.007130s)
[2015.06.08-16.57.04:961][784]LogPlayLevel: PIE: Created PIE world by copying editor world from /Game/TopDownBP/Maps/TopDownExampleMap.TopDownExampleMap to /Game/TopDownBP/Maps/UEDPIE_0_TopDownExampleMap.TopDownExampleMap (0.037945s)
[2015.06.08-16.57.05:000][784]LogWorld: Game class is 'TopDownGameMode_C'
[2015.06.08-16.57.05:002][784]LogAIModule: Creating AISystem for world TopDownExampleMap
[2015.06.08-16.57.05:011][784]LogWorld:Warning: *** WARNING - PATHS MAY NOT BE VALID ***
[2015.06.08-16.57.05:011][784]LogWorld: Bringing World /Game/TopDownBP/Maps/UEDPIE_0_TopDownExampleMap.TopDownExampleMap up for play (max tick rate 0) at 2015.06.08-12.57.05
[2015.06.08-16.57.05:013][784]LogWorld: Bringing up level for play took: 0.010955
[2015.06.08-16.57.05:015][784]PIE: Info Play in editor start time for /Game/TopDownBP/Maps/UEDPIE_0_TopDownExampleMap 0.958
[2015.06.08-16.57.12:990][ 22]LogParticles: Destroying 0 GPU particle simulations for FXSystem 0x0000008AF06209A0
[2015.06.08-16.58.34:701][211]BlueprintLog: New page: Compile Projectile
[2015.06.08-16.58.34:711][211]LogBlueprint:Error: [compiler] Error Variable node  Set Relative Scale 3D  uses an invalid target.  It may depend on a node that is not connected to the execution chain, and got purged.
[2015.06.08-16.58.34:821][211]LogBlueprint:Warning: [compiler] Warning [0822.61] Compile of Projectile failed. 1 Fatal Issue(s) 0 Warning(s) [in 120 ms]
[2015.06.08-16.58.34:822][211]BlueprintEditorCompileResults:Error: Error Variable node  Set Relative Scale 3D  uses an invalid target.  It may depend on a node that is not connected to the execution chain, and got purged.
[2015.06.08-16.58.34:822][211]BlueprintEditorCompileResults:Warning: Warning [0822.61] Compile of Projectile failed. 1 Fatal Issue(s) 0 Warning(s) [in 120 ms]
[2015.06.08-17.01.28:872][270]BlueprintLog: New page: Pre-PIE auto-recompile
[2015.06.08-17.01.28:877][270]LogActorComponent: UnregisterComponent: (/Engine/Transient.ProjectileMovementComponent_0) Not registered. Aborting.
[2015.06.08-17.01.28:879][270]LogPlayLevel: [PIE] Compiling Projectile before PIE...
[2015.06.08-17.01.28:940][270]LogPlayLevel: [PIE] Compiling TopDownCharacter before PIE...
[2015.06.08-17.01.29:061][270]LogPlayLevel: PIE:  Blueprint regeneration took 189 ms (2 blueprints)
[2015.06.08-17.01.29:061][270]PIE: New page: PIE session: TopDownExampleMap (Jun 8, 2015, 9:01:29 AM)
[2015.06.08-17.01.29:097][270]LogPlayLevel: PIE: StaticDuplicateObject took: (0.035683s)
[2015.06.08-17.01.29:098][270]LogPlayLevel: PIE: World Init took: (0.000816s)
[2015.06.08-17.01.29:098][270]LogPlayLevel: PIE: Created PIE world by copying editor world from /Game/TopDownBP/Maps/TopDownExampleMap.TopDownExampleMap to /Game/TopDownBP/Maps/UEDPIE_0_TopDownExampleMap.TopDownExampleMap (0.036805s)
[2015.06.08-17.01.29:136][270]LogWorld: Game class is 'TopDownGameMode_C'
[2015.06.08-17.01.29:138][270]LogAIModule: Creating AISystem for world TopDownExampleMap
[2015.06.08-17.01.29:148][270]LogWorld:Warning: *** WARNING - PATHS MAY NOT BE VALID ***
[2015.06.08-17.01.29:148][270]LogWorld: Bringing World /Game/TopDownBP/Maps/UEDPIE_0_TopDownExampleMap.TopDownExampleMap up for play (max tick rate 0) at 2015.06.08-13.01.29
[2015.06.08-17.01.29:150][270]LogWorld: Bringing up level for play took: 0.011285
[2015.06.08-17.01.29:151][270]PIE: Info Play in editor start time for /Game/TopDownBP/Maps/UEDPIE_0_TopDownExampleMap 1.106
[2015.06.08-17.02.16:181][801]LogActorComponent: UnregisterComponent: (/Engine/Transient.ProjectileMovementComponent_0) Not registered. Aborting.
[2015.06.08-17.02.16:235][802]LogParticles: Destroying 0 GPU particle simulations for FXSystem 0x0000008A88E56160
[2015.06.08-17.02.57:237][993]LogActorComponent: UnregisterComponent: (/Engine/Transient.ProjectileMovementComponent_0) Not registered. Aborting.
[2015.06.08-17.02.57:302][993]LogSourceControl: RunCommandInternalRaw: 'git status --porcelain --ignored "C:/Users/merli_000/Documents/GitHub/SugarRushRampage/UNREAL/MyProject2/Content/TopDownBP/Maps/TopDownExampleMap.umap"'
[2015.06.08-17.02.57:334][993]LogSourceControl: RunCommandInternalRaw: ExecProcess ReturnCode=0 OutResults='D  UNREAL/MyProject2/Content/TopDownBP/Maps/TopDownExampleMap.umap
?? UNREAL/MyProject2/Content/TopDownBP/Maps/TopDownExampleMap.umap
'
[2015.06.08-17.02.57:334][993]LogSourceControl: RunCommandInternalRaw: 'git status --porcelain --ignored "C:/Users/merli_000/Documents/GitHub/SugarRushRampage/UNREAL/MyProject2/Content/TopDownBP/Blueprints/Projectile.uasset"'
[2015.06.08-17.02.57:356][993]LogSourceControl: RunCommandInternalRaw: ExecProcess ReturnCode=0 OutResults='D  UNREAL/MyProject2/Content/TopDownBP/Blueprints/Projectile.uasset
?? UNREAL/MyProject2/Content/TopDownBP/Blueprints/Projectile.uasset
'
[2015.06.08-17.02.59:549][993]LogSavePackage: Save=1931.644165ms
[2015.06.08-17.02.59:550][993]LogSavePackage: Moving '../../../../../../Users/merli_000/Documents/GitHub/SugarRushRampage/UNREAL/MyProject2/Saved/TopDownExampleMap7615CA774A024B17F537CF832C805D37.tmp' to '../../../../../../Users/merli_000/Documents/GitHub/SugarRushRampage/UNREAL/MyProject2/Content/TopDownBP/Maps/TopDownExampleMap.umap'
[2015.06.08-17.02.59:598][993]LogFileHelpers: Saving map 'TopDownExampleMap' took 2.184
[2015.06.08-17.02.59:842][993]LogSavePackage: Save=213.550629ms
[2015.06.08-17.02.59:842][993]LogSavePackage: Moving '../../../../../../Users/merli_000/Documents/GitHub/SugarRushRampage/UNREAL/MyProject2/Saved/Projectile4E1F9FBE4399B28A8D8FB38B60375564.tmp' to '../../../../../../Users/merli_000/Documents/GitHub/SugarRushRampage/UNREAL/MyProject2/Content/TopDownBP/Blueprints/Projectile.uasset'
[2015.06.08-17.02.59:860][994]LogSourceControl: RunCommandInternalRaw: 'git status --porcelain --ignored "C:/Users/merli_000/Documents/GitHub/SugarRushRampage/UNREAL/MyProject2/Content/TopDownBP/Maps/TopDownExampleMap.umap"'
[2015.06.08-17.02.59:878][996]LogSourceControl: RunCommandInternalRaw: ExecProcess ReturnCode=0 OutResults='D  UNREAL/MyProject2/Content/TopDownBP/Maps/TopDownExampleMap.umap
?? UNREAL/MyProject2/Content/TopDownBP/Maps/TopDownExampleMap.umap
'
[2015.06.08-17.02.59:879][996]LogSourceControl: RunCommandInternalRaw: 'git status --porcelain --ignored "C:/Users/merli_000/Documents/GitHub/SugarRushRampage/UNREAL/MyProject2/Content/TopDownBP/Blueprints/Projectile.uasset"'
[2015.06.08-17.02.59:897][998]LogSourceControl: RunCommandInternalRaw: ExecProcess ReturnCode=0 OutResults='D  UNREAL/MyProject2/Content/TopDownBP/Blueprints/Projectile.uasset
?? UNREAL/MyProject2/Content/TopDownBP/Blueprints/Projectile.uasset
'
[2015.06.08-17.03.01:465][157]BlueprintLog: New page: Pre-PIE auto-recompile
[2015.06.08-17.03.01:470][157]LogActorComponent: UnregisterComponent: (/Engine/Transient.ProjectileMovementComponent_0) Not registered. Aborting.
[2015.06.08-17.03.01:471][157]LogPlayLevel: [PIE] Compiling Projectile before PIE...
[2015.06.08-17.03.01:535][157]LogPlayLevel: [PIE] Compiling TopDownCharacter before PIE...
[2015.06.08-17.03.01:651][157]LogPlayLevel: PIE:  Blueprint regeneration took 185 ms (2 blueprints)
[2015.06.08-17.03.01:651][157]PIE: New page: PIE session: TopDownExampleMap (Jun 8, 2015, 9:03:01 AM)
[2015.06.08-17.03.01:681][157]LogPlayLevel: PIE: StaticDuplicateObject took: (0.030307s)
[2015.06.08-17.03.01:689][157]LogPlayLevel: PIE: World Init took: (0.007048s)
[2015.06.08-17.03.01:689][157]LogPlayLevel: PIE: Created PIE world by copying editor world from /Game/TopDownBP/Maps/TopDownExampleMap.TopDownExampleMap to /Game/TopDownBP/Maps/UEDPIE_0_TopDownExampleMap.TopDownExampleMap (0.037596s)
[2015.06.08-17.03.01:750][157]LogWorld: Game class is 'TopDownGameMode_C'
[2015.06.08-17.03.01:754][157]LogAIModule: Creating AISystem for world TopDownExampleMap
[2015.06.08-17.03.01:779][157]LogWorld:Warning: *** WARNING - PATHS MAY NOT BE VALID ***
[2015.06.08-17.03.01:779][157]LogWorld: Bringing World /Game/TopDownBP/Maps/UEDPIE_0_TopDownExampleMap.TopDownExampleMap up for play (max tick rate 0) at 2015.06.08-13.03.01
[2015.06.08-17.03.01:782][157]LogWorld: Bringing up level for play took: 0.026373
[2015.06.08-17.03.01:785][157]PIE: Info Play in editor start time for /Game/TopDownBP/Maps/UEDPIE_0_TopDownExampleMap -0.262
[2015.06.08-17.03.22:341][507]LogActorComponent: UnregisterComponent: (/Engine/Transient.ProjectileMovementComponent_0) Not registered. Aborting.
[2015.06.08-17.03.22:378][507]LogParticles: Destroying 0 GPU particle simulations for FXSystem 0x0000008AF0576340
[2015.06.08-17.03.23:604][637]LogPlayLevel: PIE:  No blueprints needed recompiling
[2015.06.08-17.03.23:604][637]PIE: New page: PIE session: TopDownExampleMap (Jun 8, 2015, 9:03:23 AM)
[2015.06.08-17.03.23:629][637]LogPlayLevel: PIE: StaticDuplicateObject took: (0.025005s)
[2015.06.08-17.03.23:635][637]LogPlayLevel: PIE: World Init took: (0.005688s)
[2015.06.08-17.03.23:635][637]LogPlayLevel: PIE: Created PIE world by copying editor world from /Game/TopDownBP/Maps/TopDownExampleMap.TopDownExampleMap to /Game/TopDownBP/Maps/UEDPIE_0_TopDownExampleMap.TopDownExampleMap (0.030976s)
[2015.06.08-17.03.23:676][637]LogWorld: Game class is 'TopDownGameMode_C'
[2015.06.08-17.03.23:679][637]LogAIModule: Creating AISystem for world TopDownExampleMap
[2015.06.08-17.03.23:700][637]LogWorld:Warning: *** WARNING - PATHS MAY NOT BE VALID ***
[2015.06.08-17.03.23:700][637]LogWorld: Bringing World /Game/TopDownBP/Maps/UEDPIE_0_TopDownExampleMap.TopDownExampleMap up for play (max tick rate 0) at 2015.06.08-13.03.23
[2015.06.08-17.03.23:704][637]LogWorld: Bringing up level for play took: 0.024425
[2015.06.08-17.03.23:708][637]PIE: Info Play in editor start time for /Game/TopDownBP/Maps/UEDPIE_0_TopDownExampleMap -0.338
[2015.06.08-17.03.51:314][ 37]LogParticles: Destroying 0 GPU particle simulations for FXSystem 0x0000008A84D49D00
[2015.06.08-17.05.19:803][342]LogActorComponent: UnregisterComponent: (/Engine/Transient.ProjectileMovementComponent_0) Not registered. Aborting.
[2015.06.08-17.05.19:863][342]LogSourceControl: RunCommandInternalRaw: 'git status --porcelain --ignored "C:/Users/merli_000/Documents/GitHub/SugarRushRampage/UNREAL/MyProject2/Content/TopDownBP/Maps/TopDownExampleMap.umap"'
[2015.06.08-17.05.19:887][342]LogSourceControl: RunCommandInternalRaw: ExecProcess ReturnCode=0 OutResults='D  UNREAL/MyProject2/Content/TopDownBP/Maps/TopDownExampleMap.umap
?? UNREAL/MyProject2/Content/TopDownBP/Maps/TopDownExampleMap.umap
'
[2015.06.08-17.05.21:875][342]LogSavePackage: Save=1760.187622ms
[2015.06.08-17.05.21:875][342]LogSavePackage: Moving '../../../../../../Users/merli_000/Documents/GitHub/SugarRushRampage/UNREAL/MyProject2/Saved/TopDownExampleMap7A4A7BC04090C5D145831AB27924F597.tmp' to '../../../../../../Users/merli_000/Documents/GitHub/SugarRushRampage/UNREAL/MyProject2/Content/TopDownBP/Maps/TopDownExampleMap.umap'
[2015.06.08-17.05.21:921][342]LogFileHelpers: Saving map 'TopDownExampleMap' took 1.971
[2015.06.08-17.05.21:931][343]LogSourceControl: RunCommandInternalRaw: 'git status --porcelain --ignored "C:/Users/merli_000/Documents/GitHub/SugarRushRampage/UNREAL/MyProject2/Content/TopDownBP/Maps/TopDownExampleMap.umap"'
[2015.06.08-17.05.21:958][345]LogSourceControl: RunCommandInternalRaw: ExecProcess ReturnCode=0 OutResults='D  UNREAL/MyProject2/Content/TopDownBP/Maps/TopDownExampleMap.umap
?? UNREAL/MyProject2/Content/TopDownBP/Maps/TopDownExampleMap.umap
'
[2015.06.08-17.05.42:185][474]LogSourceControl: RunCommandInternalRaw: 'git status --porcelain --ignored "C:/Users/merli_000/Documents/GitHub/SugarRushRampage/UNREAL/MyProject2/Content/TopDownBP/Blueprints/Projectile.uasset"'
[2015.06.08-17.05.42:214][474]LogSourceControl: RunCommandInternalRaw: ExecProcess ReturnCode=0 OutResults='D  UNREAL/MyProject2/Content/TopDownBP/Blueprints/Projectile.uasset
?? UNREAL/MyProject2/Content/TopDownBP/Blueprints/Projectile.uasset
'
[2015.06.08-17.05.42:433][474]LogSavePackage: Save=146.443146ms
[2015.06.08-17.05.42:433][474]LogSavePackage: Moving '../../../../../../Users/merli_000/Documents/GitHub/SugarRushRampage/UNREAL/MyProject2/Saved/Projectile2F219E9748B913DB688AD795CA01FA4C.tmp' to '../../../../../../Users/merli_000/Documents/GitHub/SugarRushRampage/UNREAL/MyProject2/Content/TopDownBP/Blueprints/Projectile.uasset'
[2015.06.08-17.05.42:449][475]LogSourceControl: RunCommandInternalRaw: 'git status --porcelain --ignored "C:/Users/merli_000/Documents/GitHub/SugarRushRampage/UNREAL/MyProject2/Content/TopDownBP/Blueprints/Projectile.uasset"'
[2015.06.08-17.05.42:466][476]LogSourceControl: RunCommandInternalRaw: ExecProcess ReturnCode=0 OutResults='D  UNREAL/MyProject2/Content/TopDownBP/Blueprints/Projectile.uasset
?? UNREAL/MyProject2/Content/TopDownBP/Blueprints/Projectile.uasset
'
[2015.06.08-17.05.49:994][897]BlueprintLog: New page: Compile Projectile
[2015.06.08-17.05.50:045][897]LogActorComponent: UnregisterComponent: (/Engine/Transient.ProjectileMovementComponent_0) Not registered. Aborting.
[2015.06.08-17.05.50:075][897]BlueprintEditorCompileResults: Info [1257.88] Compile of Projectile successful! [in 80 ms]
[2015.06.08-17.07.45:810][314]LogActorComponent: UnregisterComponent: (/Engine/Transient.ProjectileMovementComponent_0) Not registered. Aborting.
[2015.06.08-17.07.46:417][315]Cmd: QUIT_EDITOR
[2015.06.08-17.07.46:717][315]LogExit: Preparing to exit.
[2015.06.08-17.07.47:473][315]LogExit: Editor shut down
[2015.06.08-17.07.47:474][315]LogExit: Transaction tracking system shut down
[2015.06.08-17.07.47:474][315]LogParticles: Destroying 0 GPU particle simulations for FXSystem 0x0000008AEDEE20C0
[2015.06.08-17.07.47:475][315]LogParticles: Destroying 0 GPU particle simulations for FXSystem 0x0000008AFB64DE40
[2015.06.08-17.07.47:475][315]LogParticles: Destroying 0 GPU particle simulations for FXSystem 0x0000008A8415D260
[2015.06.08-17.07.47:475][315]LogParticles: Destroying 0 GPU particle simulations for FXSystem 0x0000008AF6DFC860
[2015.06.08-17.07.47:475][315]LogParticles: Destroying 0 GPU particle simulations for FXSystem 0x0000008AEE55C0E0
[2015.06.08-17.07.47:477][315]LogParticles: Destroying 0 GPU particle simulations for FXSystem 0x0000008AEE55DC60
[2015.06.08-17.07.47:617][315]LogExit: Object subsystem successfully closed.
[2015.06.08-17.07.47:668][315]LogModuleManager: Shutting down and abandoning module CrashTracker (177)
[2015.06.08-17.07.47:668][315]LogModuleManager: Shutting down and abandoning module SuperSearch (176)
[2015.06.08-17.07.47:668][315]LogModuleManager: Shutting down and abandoning module SceneOutliner (175)
[2015.06.08-17.07.47:668][315]LogModuleManager: Shutting down and abandoning module EditorWidgets (174)
[2015.06.08-17.07.47:668][315]LogModuleManager: Shutting down and abandoning module CollectionManager (173)
[2015.06.08-17.07.47:668][315]LogModuleManager: Shutting down and abandoning module StatsViewer (172)
[2015.06.08-17.07.47:668][315]LogModuleManager: Shutting down and abandoning module FoliageEdit (171)
[2015.06.08-17.07.47:668][315]LogModuleManager: Shutting down and abandoning module LandscapeEditor (170)
[2015.06.08-17.07.47:669][315]LogModuleManager: Shutting down and abandoning module MeshPaint (169)
[2015.06.08-17.07.47:669][315]LogModuleManager: Shutting down and abandoning module ActorPickerMode (168)
[2015.06.08-17.07.47:669][315]LogModuleManager: Shutting down and abandoning module GeometryMode (167)
[2015.06.08-17.07.47:669][315]LogModuleManager: Shutting down and abandoning module TextureAlignMode (166)
[2015.06.08-17.07.47:669][315]LogModuleManager: Shutting down and abandoning module BspMode (165)
[2015.06.08-17.07.47:669][315]LogModuleManager: Shutting down and abandoning module PlacementMode (164)
[2015.06.08-17.07.47:669][315]LogModuleManager: Shutting down and abandoning module AutomationWorker (163)
[2015.06.08-17.07.47:669][315]LogModuleManager: Shutting down and abandoning module CharacterAI (162)
[2015.06.08-17.07.47:669][315]LogModuleManager: Shutting down and abandoning module SmartSnapping (161)
[2015.06.08-17.07.47:669][315]LogModuleManager: Shutting down and abandoning module ViewportSnapping (160)
[2015.06.08-17.07.47:669][315]LogModuleManager: Shutting down and abandoning module LogVisualizer (159)
[2015.06.08-17.07.47:669][315]LogModuleManager: Shutting down and abandoning module GameProjectGeneration (158)
[2015.06.08-17.07.47:669][315]LogModuleManager: Shutting down and abandoning module IntroTutorials (157)
[2015.06.08-17.07.47:669][315]LogModuleManager: Shutting down and abandoning module EditorLiveStreaming (156)
[2015.06.08-17.07.47:669][315]LogModuleManager: Shutting down and abandoning module HardwareTargeting (155)
[2015.06.08-17.07.47:669][315]LogModuleManager: Shutting down and abandoning module DeviceProfileEditor (154)
[2015.06.08-17.07.47:669][315]LogModuleManager: Shutting down and abandoning module UndoHistory (153)
[2015.06.08-17.07.47:669][315]LogModuleManager: Shutting down and abandoning module GameplayTagsEditor (152)
[2015.06.08-17.07.47:669][315]LogModuleManager: Shutting down and abandoning module UserFeedback (151)
[2015.06.08-17.07.47:669][315]LogModuleManager: Shutting down and abandoning module XmlParser (150)
[2015.06.08-17.07.47:669][315]LogModuleManager: Shutting down and abandoning module Blutility (149)
[2015.06.08-17.07.47:669][315]LogModuleManager: Shutting down and abandoning module IOSPlatformEditor (148)
[2015.06.08-17.07.47:669][315]LogModuleManager: Shutting down and abandoning module IOSRuntimeSettings (147)
[2015.06.08-17.07.47:669][315]LogModuleManager: Shutting down and abandoning module AndroidDeviceDetection (146)
[2015.06.08-17.07.48:668][315]LogModuleManager: Shutting down and abandoning module AndroidPlatformEditor (145)
[2015.06.08-17.07.48:668][315]LogModuleManager: Shutting down and abandoning module AndroidRuntimeSettings (144)
[2015.06.08-17.07.48:668][315]LogModuleManager: Shutting down and abandoning module ProjectTargetPlatformEditor (143)
[2015.06.08-17.07.48:668][315]LogModuleManager: Shutting down and abandoning module ProjectSettingsViewer (142)
[2015.06.08-17.07.48:668][315]LogModuleManager: Shutting down and abandoning module InputBindingEditor (141)
[2015.06.08-17.07.48:668][315]LogModuleManager: Shutting down and abandoning module EditorSettingsViewer (140)
[2015.06.08-17.07.48:668][315]LogModuleManager: Shutting down and abandoning module SettingsEditor (139)
[2015.06.08-17.07.48:668][315]LogModuleManager: Shutting down and abandoning module ProjectLauncher (138)
[2015.06.08-17.07.48:668][315]LogModuleManager: Shutting down and abandoning module SessionFrontend (137)
[2015.06.08-17.07.48:668][315]LogModuleManager: Shutting down and abandoning module ProfilerClient (136)
[2015.06.08-17.07.48:668][315]LogModuleManager: Shutting down and abandoning module TargetDeviceServices (135)
[2015.06.08-17.07.48:668][315]LogModuleManager: Shutting down and abandoning module DeviceManager (134)
[2015.06.08-17.07.48:668][315]LogModuleManager: Shutting down and abandoning module AutomationController (133)
[2015.06.08-17.07.48:668][315]LogModuleManager: Shutting down and abandoning module AutomationWindow (132)
[2015.06.08-17.07.48:669][315]LogModuleManager: Shutting down and abandoning module Layers (131)
[2015.06.08-17.07.48:669][315]LogModuleManager: Shutting down and abandoning module ComponentVisualizers (130)
[2015.06.08-17.07.48:669][315]LogModuleManager: Shutting down and abandoning module DetailCustomizations (129)
[2015.06.08-17.07.48:669][315]LogModuleManager: Shutting down and abandoning module PackagesDialog (128)
[2015.06.08-17.07.48:669][315]LogModuleManager: Shutting down and abandoning module AssetRegistry (127)
[2015.06.08-17.07.48:751][315]LogModuleManager: Shutting down and abandoning module Persona (126)
[2015.06.08-17.07.48:751][315]LogModuleManager: Shutting down and abandoning module SlateReflector (125)
[2015.06.08-17.07.48:751][315]LogModuleManager: Shutting down and abandoning module LevelEditor (124)
[2015.06.08-17.07.48:752][315]LogModuleManager: Shutting down and abandoning module Kismet (123)
[2015.06.08-17.07.48:753][315]LogModuleManager: Shutting down and abandoning module GraphEditor (122)
[2015.06.08-17.07.48:753][315]LogModuleManager: Shutting down and abandoning module ClassViewer (121)
[2015.06.08-17.07.48:753][315]LogModuleManager: Shutting down and abandoning module Toolbox (120)
[2015.06.08-17.07.48:753][315]LogModuleManager: Shutting down and abandoning module ModuleUI (119)
[2015.06.08-17.07.48:753][315]LogModuleManager: Shutting down and abandoning module MovieSceneTools (118)
[2015.06.08-17.07.48:753][315]LogModuleManager: Shutting down and abandoning module OutputLog (117)
[2015.06.08-17.07.48:753][315]LogModuleManager: Shutting down and abandoning module GammaUI (116)
[2015.06.08-17.07.48:753][315]LogModuleManager: Shutting down and abandoning module Documentation (115)
[2015.06.08-17.07.48:753][315]LogModuleManager: Shutting down and abandoning module GameLiveStreaming (114)
[2015.06.08-17.07.48:753][315]LogModuleManager: Shutting down and abandoning module StreamingPauseRendering (113)
[2015.06.08-17.07.48:753][315]LogModuleManager: Shutting down and abandoning module HTTP (112)
[2015.06.08-17.07.48:753][315]LogModuleManager: Shutting down and abandoning module AnalyticsET (111)
[2015.06.08-17.07.48:753][315]LogModuleManager: Shutting down and abandoning module Analytics (110)
[2015.06.08-17.07.48:753][315]LogModuleManager: Shutting down and abandoning module AITestSuite (109)
[2015.06.08-17.07.48:753][315]LogModuleManager: Shutting down and abandoning module GameplayDebugger (108)
[2015.06.08-17.07.48:753][315]LogModuleManager: Shutting down and abandoning module AIModule (107)
[2015.06.08-17.07.48:753][315]LogModuleManager: Shutting down and abandoning module ProfilerService (106)
[2015.06.08-17.07.48:939][315]LogModuleManager: Shutting down and abandoning module TaskGraph (105)
[2015.06.08-17.07.48:939][315]LogModuleManager: Shutting down and abandoning module SlateRemote (104)
[2015.06.08-17.07.48:939][315]LogModuleManager: Shutting down and abandoning module ScriptEditorPlugin (103)
[2015.06.08-17.07.48:939][315]LogModuleManager: Shutting down and abandoning module CustomMeshComponent (102)
[2015.06.08-17.07.48:939][315]LogModuleManager: Shutting down and abandoning module CableComponent (101)
[2015.06.08-17.07.48:939][315]LogModuleManager: Shutting down and abandoning module MessagingDebugger (100)
[2015.06.08-17.07.48:939][315]LogModuleManager: Shutting down and abandoning module MediaPlayerEditor (99)
[2015.06.08-17.07.48:939][315]LogModuleManager: Shutting down and abandoning module SpeedTreeImporter (98)
[2015.06.08-17.07.48:939][315]LogModuleManager: Shutting down and abandoning module PluginsEditor (97)
[2015.06.08-17.07.48:939][315]LogModuleManager: Shutting down and abandoning module MainFrame (96)
[2015.06.08-17.07.48:939][315]LogModuleManager: Shutting down and abandoning module EpicSurvey (95)
[2015.06.08-17.07.48:939][315]LogModuleManager: Shutting down and abandoning module DesktopPlatform (94)
[2015.06.08-17.07.48:939][315]LogModuleManager: Shutting down and abandoning module DirectoryWatcher (93)
[2015.06.08-17.07.48:940][315]LogModuleManager: Shutting down and abandoning module HotReload (92)
[2015.06.08-17.07.48:940][315]LogModuleManager: Shutting down and abandoning module VisualStudioSourceCodeAccess (91)
[2015.06.08-17.07.48:940][315]LogModuleManager: Shutting down and abandoning module UObjectPlugin (90)
[2015.06.08-17.07.48:940][315]LogModuleManager: Shutting down and abandoning module SubversionSourceControl (89)
[2015.06.08-17.07.48:940][315]LogModuleManager: Shutting down and abandoning module PerforceSourceControl (88)
[2015.06.08-17.07.48:940][315]LogModuleManager: Shutting down and abandoning module SourceControl (87)
[2015.06.08-17.07.48:940][315]LogModuleManager: Shutting down and abandoning module GitSourceControl (86)
[2015.06.08-17.07.48:940][315]LogModuleManager: Shutting down and abandoning module BlankPlugin (85)
[2015.06.08-17.07.48:940][315]LogModuleManager: Shutting down and abandoning module PaperTiledImporter (84)
[2015.06.08-17.07.48:940][315]LogModuleManager: Shutting down and abandoning module PaperJsonImporter (83)
[2015.06.08-17.07.48:940][315]LogModuleManager: Shutting down and abandoning module ContentBrowser (82)
[2015.06.08-17.07.48:940][315]LogModuleManager: Shutting down and abandoning module Paper2DEditor (81)
[2015.06.08-17.07.48:940][315]LogModuleManager: Shutting down and abandoning module ScriptPlugin (80)
[2015.06.08-17.07.48:940][315]LogModuleManager: Shutting down and abandoning module UdpMessaging (79)
[2015.06.08-17.07.49:041][315]LogModuleManager: Shutting down and abandoning module Paper2D (78)
[2015.06.08-17.07.49:041][315]LogModuleManager: Shutting down and abandoning module WindowsMoviePlayer (77)
[2015.06.08-17.07.49:043][315]LogModuleManager: Shutting down and abandoning module Media (76)
[2015.06.08-17.07.49:043][315]LogModuleManager: Shutting down and abandoning module WmfMedia (75)
[2015.06.08-17.07.49:044][315]LogModuleManager: Shutting down and abandoning module OnlineBlueprintSupport (74)
[2015.06.08-17.07.49:044][315]LogModuleManager: Shutting down and abandoning module PropertyEditor (73)
[2015.06.08-17.07.49:044][315]LogModuleManager: Shutting down and abandoning module BehaviorTreeEditor (72)
[2015.06.08-17.07.49:044][315]LogModuleManager: Shutting down and abandoning module FunctionalTesting (71)
[2015.06.08-17.07.49:044][315]LogModuleManager: Shutting down and abandoning module CollisionAnalyzer (70)
[2015.06.08-17.07.49:044][315]LogModuleManager: Shutting down and abandoning module WorkspaceMenuStructure (69)
[2015.06.08-17.07.49:044][315]LogModuleManager: Shutting down and abandoning module MessageLog (68)
[2015.06.08-17.07.49:044][315]LogModuleManager: Shutting down and abandoning module Sequencer (67)
[2015.06.08-17.07.49:044][315]LogModuleManager: Shutting down and abandoning module AssetTools (66)
[2015.06.08-17.07.49:044][315]LogModuleManager: Shutting down and abandoning module UMGEditor (65)
[2015.06.08-17.07.49:044][315]LogModuleManager: Shutting down and abandoning module UMG (64)
[2015.06.08-17.07.49:044][315]LogModuleManager: Shutting down and abandoning module Slate (63)
[2015.06.08-17.07.49:044][315]LogModuleManager: Shutting down and abandoning module EditorStyle (62)
[2015.06.08-17.07.49:048][315]LogModuleManager: Shutting down and abandoning module SessionServices (61)
[2015.06.08-17.07.49:048][315]LogModuleManager: Shutting down and abandoning module SourceCodeAccess (60)
[2015.06.08-17.07.49:048][315]LogModuleManager: Shutting down and abandoning module HeadMountedDisplay (59)
[2015.06.08-17.07.49:048][315]LogModuleManager: Shutting down and abandoning module XAudio2 (58)
[2015.06.08-17.07.49:048][315]LogModuleManager: Shutting down and abandoning module Networking (56)
[2015.06.08-17.07.49:048][315]LogModuleManager: Shutting down and abandoning module Core (55)
[2015.06.08-17.07.49:048][315]LogModuleManager: Shutting down and abandoning module KismetCompiler (54)
[2015.06.08-17.07.49:048][315]LogModuleManager: Shutting down and abandoning module PhysXFormats (53)
[2015.06.08-17.07.49:048][315]LogModuleManager: Shutting down and abandoning module MeshUtilities (52)
[2015.06.08-17.07.49:048][315]LogModuleManager: Shutting down and abandoning module DerivedDataCache (51)
[2015.06.08-17.07.49:136][315]LogDerivedDataCache: Shutdown
[2015.06.08-17.07.49:136][315]LogModuleManager: Shutting down and abandoning module ShaderFormatOpenGL (50)
[2015.06.08-17.07.49:136][315]LogModuleManager: Shutting down and abandoning module ShaderFormatD3D (49)
[2015.06.08-17.07.49:136][315]LogModuleManager: Shutting down and abandoning module MetalShaderFormat (48)
[2015.06.08-17.07.49:136][315]LogModuleManager: Shutting down and abandoning module TextureFormatUncompressed (47)
[2015.06.08-17.07.49:136][315]LogModuleManager: Shutting down and abandoning module TextureFormatPVR (46)
[2015.06.08-17.07.49:136][315]LogModuleManager: Shutting down and abandoning module TextureFormatIntelISPCTexComp (45)
[2015.06.08-17.07.49:136][315]LogModuleManager: Shutting down and abandoning module TextureFormatDXT (44)
[2015.06.08-17.07.49:136][315]LogModuleManager: Shutting down and abandoning module ImageWrapper (43)
[2015.06.08-17.07.49:136][315]LogModuleManager: Shutting down and abandoning module TextureFormatASTC (42)
[2015.06.08-17.07.49:136][315]LogModuleManager: Shutting down and abandoning module TextureFormatAndroid (41)
[2015.06.08-17.07.49:136][315]LogModuleManager: Shutting down and abandoning module AudioFormatOpus (40)
[2015.06.08-17.07.49:136][315]LogModuleManager: Shutting down and abandoning module AudioFormatOgg (39)
[2015.06.08-17.07.49:136][315]LogModuleManager: Shutting down and abandoning module AudioFormatADPCM (38)
[2015.06.08-17.07.49:136][315]LogModuleManager: Shutting down and abandoning module LinuxTargetPlatform (37)
[2015.06.08-17.07.49:136][315]LogModuleManager: Shutting down and abandoning module LinuxServerTargetPlatform (36)
[2015.06.08-17.07.49:136][315]LogModuleManager: Shutting down and abandoning module LinuxNoEditorTargetPlatform (35)
[2015.06.08-17.07.49:136][315]LogModuleManager: Shutting down and abandoning module Messaging (34)
[2015.06.08-17.07.49:136][315]LogModuleManager: Shutting down and abandoning module IOSTargetPlatform (33)
[2015.06.08-17.07.49:136][315]LogModuleManager: Shutting down and abandoning module HTML5TargetPlatform (32)
[2015.06.08-17.07.49:136][315]LogModuleManager: Shutting down and abandoning module Android_PVRTCTargetPlatform (31)
[2015.06.08-17.07.49:136][315]LogModuleManager: Shutting down and abandoning module Android_ETC2TargetPlatform (30)
[2015.06.08-17.07.49:136][315]LogModuleManager: Shutting down and abandoning module Android_ETC1TargetPlatform (29)
[2015.06.08-17.07.49:136][315]LogModuleManager: Shutting down and abandoning module Android_ES31TargetPlatform (28)
[2015.06.08-17.07.49:136][315]LogModuleManager: Shutting down and abandoning module Android_DXTTargetPlatform (27)
[2015.06.08-17.07.49:136][315]LogModuleManager: Shutting down and abandoning module Android_ATCTargetPlatform (26)
[2015.06.08-17.07.49:136][315]LogModuleManager: Shutting down and abandoning module AndroidTargetPlatform (25)
[2015.06.08-17.07.49:136][315]LogModuleManager: Shutting down and abandoning module WindowsTargetPlatform (24)
[2015.06.08-17.07.49:136][315]LogModuleManager: Shutting down and abandoning module WindowsServerTargetPlatform (23)
[2015.06.08-17.07.49:136][315]LogModuleManager: Shutting down and abandoning module WindowsNoEditorTargetPlatform (22)
[2015.06.08-17.07.49:136][315]LogModuleManager: Shutting down and abandoning module WindowsClientTargetPlatform (21)
[2015.06.08-17.07.49:136][315]LogModuleManager: Shutting down and abandoning module TargetPlatform (20)
[2015.06.08-17.07.49:136][315]LogModuleManager: Shutting down and abandoning module InputCore (19)
[2015.06.08-17.07.49:136][315]LogModuleManager: Shutting down and abandoning module Settings (18)
[2015.06.08-17.07.49:136][315]LogModuleManager: Shutting down and abandoning module OnlineSubsystem (16)
[2015.06.08-17.07.49:136][315]LogModuleManager: Shutting down and abandoning module OculusRift (15)
[2015.06.08-17.07.49:136][315]LogModuleManager: Shutting down and abandoning module ExampleDeviceProfileSelector (14)
[2015.06.08-17.07.49:136][315]LogModuleManager: Shutting down and abandoning module TextureCompressor (13)
[2015.06.08-17.07.49:136][315]LogModuleManager: Shutting down and abandoning module ShaderCore (12)
[2015.06.08-17.07.49:136][315]LogModuleManager: Shutting down and abandoning module Landscape (11)
[2015.06.08-17.07.49:136][315]LogModuleManager: Shutting down and abandoning module SlateRHIRenderer (10)
[2015.06.08-17.07.49:139][315]LogModuleManager: Shutting down and abandoning module OpenGLDrv (9)
[2015.06.08-17.07.49:139][315]LogModuleManager: Shutting down and abandoning module D3D11RHI (8)
[2015.06.08-17.07.49:139][315]LogModuleManager: Shutting down and abandoning module Renderer (7)
[2015.06.08-17.07.49:139][315]LogModuleManager: Shutting down and abandoning module Engine (6)
[2015.06.08-17.07.49:139][315]LogModuleManager: Shutting down and abandoning module CoreUObject (5)
[2015.06.08-17.07.49:139][315]LogModuleManager: Shutting down and abandoning module NetworkFile (4)
[2015.06.08-17.07.49:139][315]LogModuleManager: Shutting down and abandoning module StreamingFile (3)
[2015.06.08-17.07.49:139][315]LogModuleManager: Shutting down and abandoning module SandboxFile (2)
[2015.06.08-17.07.49:139][315]LogModuleManager: Shutting down and abandoning module PakFile (1)
[2015.06.08-17.07.49:140][315]LogExit: Exiting.
[2015.06.08-17.07.49:144][315]Log file closed, 06/08/15 13:07:49
