Log file open, 06/03/15 14:16:41
LogInit:Display: Running engine for game: MyProject2
LogInit: Version: 4.7.6-2513093+++depot+UE4-Releases+4.7
LogInit: API Version: 2455222
LogInit: Compiled (64-bit): Apr 15 2015 12:09:54
LogInit: Compiled with Visual C++: 18.00.21005.01
LogInit: Build Configuration: Development
LogInit: Branch Name: ++depot+UE4-Releases+4.7
LogInit: Command line: 
LogInit: Base directory: C:/Program Files/Epic Games/4.7/Engine/Binaries/Win64/
LogInit: Rocket: 1
[2015.06.03-18.16.41:071][  0]LogTaskGraph: Started task graph with 3 named threads and 6 total threads.
[2015.06.03-18.16.41:140][  0]LogOnline:Warning: No default platform service specified for OnlineSubsystem
[2015.06.03-18.16.41:159][  0]LogInit: Presizing for 0 objects not considered by GC, pre-allocating 0 bytes.
[2015.06.03-18.16.41:169][  0]LogInit: Object subsystem initialized
[2015.06.03-18.16.41:171][  0]LogConsoleResponse:Warning: Skipping Unknown console variable: 'TranslucentSortAxis = (X=0.000000,Y=-1.000000,Z=0.000000)'
[2015.06.03-18.16.41:171][  0]LogConsoleResponse:Warning:   Found in ini file 'C:/Users/merli_000/Desktop/UNREAL/MyProject2/Saved/Config/Windows/Engine.ini', in section '[/Script/Engine.RendererSettings]'
[2015.06.03-18.16.41:171][  0]LogConsoleResponse:Warning: Skipping Unknown console variable: 'UIScaleRule = ShortestSide'
[2015.06.03-18.16.41:171][  0]LogConsoleResponse:Warning:   Found in ini file 'C:/Users/merli_000/Desktop/UNREAL/MyProject2/Saved/Config/Windows/Engine.ini', in section '[/Script/Engine.RendererSettings]'
[2015.06.03-18.16.41:171][  0]LogConsoleResponse:Warning: Skipping Unknown console variable: 'UIScaleCurve = (EditorCurveData=(Keys=),ExternalCurve=None)'
[2015.06.03-18.16.41:171][  0]LogConsoleResponse:Warning:   Found in ini file 'C:/Users/merli_000/Desktop/UNREAL/MyProject2/Saved/Config/Windows/Engine.ini', in section '[/Script/Engine.RendererSettings]'
[2015.06.03-18.16.41:172][  0]LogInit: Selected Device Profile: [Windows]
[2015.06.03-18.16.41:172][  0]LogInit: Applying CVar settings loaded from the selected device profile: [Windows]
[2015.06.03-18.16.41:178][  0]LogInit: Computer: MARKLAPTOP
[2015.06.03-18.16.41:178][  0]LogInit: User: merli000
[2015.06.03-18.16.41:178][  0]LogInit: CPU Page size=4096, Cores=4
[2015.06.03-18.16.41:178][  0]LogInit: High frequency timer resolution =2.143582 MHz
[2015.06.03-18.16.41:178][  0]LogMemory: Memory total: Physical=7.9GB (8GB approx) Virtual=131072.0GB
[2015.06.03-18.16.41:178][  0]LogMemory: Platform Memory Stats for Windows
[2015.06.03-18.16.41:178][  0]LogMemory: Process Physical Memory: 46.15 MB used, 46.15 MB peak
[2015.06.03-18.16.41:178][  0]LogMemory: Process Virtual Memory: 22.53 MB used, 22.53 MB peak
[2015.06.03-18.16.41:178][  0]LogMemory: Physical Memory: 2486.47 MB used, 8047.77 MB total
[2015.06.03-18.16.41:178][  0]LogMemory: Virtual Memory: 285.13 MB used, 134217728.00 MB total
[2015.06.03-18.16.41:191][  0]LogD3D11RHI: Found D3D11 adapter 0: Intel(R) HD Graphics 4000 (Feature Level 11_0)
[2015.06.03-18.16.41:191][  0]LogD3D11RHI: Adapter has 2062MB of dedicated video memory, 0MB of dedicated system memory, and 4023MB of shared system memory, 1 output[s]
[2015.06.03-18.16.41:192][  0]LogD3D11RHI: Found D3D11 adapter 1: Microsoft Basic Render Driver (Feature Level 11_0)
[2015.06.03-18.16.41:192][  0]LogD3D11RHI: Adapter has 0MB of dedicated video memory, 0MB of dedicated system memory, and 256MB of shared system memory, 0 output[s]
[2015.06.03-18.16.41:192][  0]LogD3D11RHI: Chosen D3D11 Adapter Id = 0
[2015.06.03-18.16.41:195][  0]LogRHI: Texture pool is 1361 MB (70% of 1945 MB)
[2015.06.03-18.16.41:202][  0]LogD3D11RHI: Async texture creation enabled
[2015.06.03-18.16.41:247][  0]LogTextLocalizationManager: The requested culture ('en_US') has no localization data; parent culture's ('en') localization data will be used.
[2015.06.03-18.16.41:307][  0]LogTextLocalizationManager:Warning: Loading localization resources contain conflicting entries for (Namespace:UICommands, Key:Save_ToolTip):
Resource: (C:/Program Files/Epic Games/4.7/Engine/Content/Localization/Editor/en/Editor.locres) Hash: (-29098895) String: (Saves the current level to disk)
Resource: (C:/Program Files/Epic Games/4.7/Engine/Content/Localization/Engine/en/Engine.locres) Hash: (-1280300587) String: (Save selected data to vlog file)
[2015.06.03-18.16.41:307][  0]LogTextLocalizationManager:Warning: Loading localization resources contain conflicting entries for (Namespace:ContentBrowser, Key:ImportAssetToolTip):
Resource: (C:/Program Files/Epic Games/4.7/Engine/Content/Localization/Editor/en/Editor.locres) Hash: (-630476809) String: (Import to {0}...)
Resource: (C:/Program Files/Epic Games/4.7/Engine/Content/Localization/Editor/en/Editor.locres) Hash: (1271782899) String: (Imports an asset from file to this folder.)
[2015.06.03-18.16.41:388][  0]LogContentStreaming: Texture pool size is 0.000000MB
[2015.06.03-18.16.43:885][  0]LogTargetPlatformManager:Display: Building Assets For Windows
[2015.06.03-18.16.44:425][  0]LogTargetPlatformManager:Display: Building Assets For Windows
[2015.06.03-18.16.44:489][  0]LogDerivedDataCache:Display: Max Cache Size: 512 MB
[2015.06.03-18.16.44:525][  0]LogDerivedDataCache: Loaded boot cache 0.04s 39MB C:/Users/merli_000/AppData/Local/UnrealEngine/4.7/DerivedDataCache/Boot.ddc.
[2015.06.03-18.16.44:525][  0]LogDerivedDataCache:Display: Loaded Boot cache: C:/Users/merli_000/AppData/Local/UnrealEngine/4.7/DerivedDataCache/Boot.ddc
[2015.06.03-18.16.44:525][  0]LogDerivedDataCache: FDerivedDataBackendGraph:  Pak pak cache file ../../../../../../Users/merli_000/Desktop/UNREAL/MyProject2/DerivedDataCache/DDC.ddp not found, will not use a pak cache.
[2015.06.03-18.16.44:525][  0]LogDerivedDataCache: Unable to find inner node Pak for hierarchical cache Hierarchy.
[2015.06.03-18.16.44:650][  0]LogDerivedDataCache:Display: Pak cache opened for reading ../../../Engine/DerivedDataCache/Compressed.ddp.
[2015.06.03-18.16.44:662][  0]LogDerivedDataCache: Using Local data cache path C:/Users/merli_000/AppData/Local/UnrealEngine/Common/DerivedDataCache: Writable
[2015.06.03-18.16.44:960][  0]LogMeshUtilities: No automatic mesh reduction module available
[2015.06.03-18.16.44:960][  0]LogMeshUtilities: No automatic mesh merging module available
[2015.06.03-18.16.45:371][  0]LogInit: WinSock: version 1.1 (2.2), MaxSocks=32767, MaxUdp=65467
[2015.06.03-18.16.45:452][  0]LogSlate:Warning: Failed to load font data from '../../../Engine/Content/Slate/Fonts/Roboto-Italic.ttf'
[2015.06.03-18.16.46:247][  0]UdpMessaging: Initializing bridge on interface 0.0.0.0:0 to multicast group 230.0.0.1:6666.
[2015.06.03-18.16.46:474][  0]SourceControl: Info Source control is disabled
[2015.06.03-18.16.46:474][  0]SourceControl: Info Source control is disabled
[2015.06.03-18.16.46:474][  0]SourceControl: Info Source control is disabled
[2015.06.03-18.16.46:474][  0]LogSourceControl: RunCommandInternalRaw: 'git version'
[2015.06.03-18.16.46:474][  0]LogSourceControl: RunCommandInternalRaw: ExecProcess ReturnCode=2 OutResults=''
[2015.06.03-18.16.46:484][  0]SourceControl: Info Source control is disabled
[2015.06.03-18.16.46:673][  0]LogObj: 24232 objects as part of root set at end of initial load.
[2015.06.03-18.16.46:673][  0]LogUObjectAllocator: 5137176 out of 0 bytes used by permanent object pool.
[2015.06.03-18.16.46:760][  0]LogEngine: Initializing Engine...
[2015.06.03-18.16.48:940][  0]LogInit: XAudio2 using 'Speakers (High Definition Audio Device)' : 2 channels at 44.1 kHz using 16 bits per sample (channel mask 0x3)
[2015.06.03-18.16.48:951][  0]LogInit: FAudioDevice initialized.
[2015.06.03-18.16.48:990][  0]LogAIModule: Creating AISystem for world NewWorld
[2015.06.03-18.16.49:009][  0]LogDerivedDataCache: Saved boot cache 0.02s 39MB C:/Users/merli_000/AppData/Local/UnrealEngine/4.7/DerivedDataCache/Boot.ddc.
[2015.06.03-18.16.49:014][  0]LogInit: Texture streaming: Enabled
[2015.06.03-18.16.49:112][  0]LogAnalytics: Creating configured Analytics provider AnalyticsET
[2015.06.03-18.16.49:112][  0]LogAnalytics: ET APIKey = Rocket.Release. APIServer = http://et2.epicgames.com/ET2/. AppVersion = 4.7.6-2513093+++depot+UE4-Releases+4.7
[2015.06.03-18.16.49:112][  0]LogAnalytics: ET APIKey = Rocket.Release. DataRouterUploadURL = https://datarouter-public-service-gamedev.ol.epicgames.net/datarouter/api/v1/public/data. AppVersion = 4.7.6-2513093+++depot+UE4-Releases+4.7
[2015.06.03-18.16.49:112][  0]LogAnalytics: SetUserId 0cee193e45cd42522f6bddbfb67599cf|b7c49468110a42379aa5e2a98db34ec9|b817a7bb-3d94-4ef5-b46f-64c8ee7bd98d
[2015.06.03-18.16.49:112][  0]LogAnalytics: AnalyticsET::StartSession [Rocket.Release]
[2015.06.03-18.16.49:134][  0]LogInit: Transaction tracking system initialized
[2015.06.03-18.16.49:310][  0]BlueprintLog: New page: Editor Load
[2015.06.03-18.16.49:345][  0]LogAssetRegistry: FAssetRegistry took 0.0106 seconds to start up
[2015.06.03-18.16.49:345][  0]LogDirectoryWatcher:Warning: Failed to begin reading directory changes for ../../../Engine/Plugins/Experimental/CharacterAI/Content/. Error: 0
[2015.06.03-18.16.49:930][  0]LogTargetPlatformManager:Display: Building Assets For Windows
[2015.06.03-18.16.50:323][  0]LogTargetPlatformManager:Display: Building Assets For Windows
[2015.06.03-18.16.50:558][  0]LogLinker:Warning: Can't find file '/Game/TwinStickBP/TwinStickOverview'
[2015.06.03-18.16.50:558][  0]LogLinker:Warning: Can't find file '/Game/TwinStickBP/TwinStickOverview'
[2015.06.03-18.16.50:559][  0]LogUObjectGlobals:Warning: Failed to find object 'Class /Game/TwinStickBP/TwinStickOverview.TwinStickOverview_C'
[2015.06.03-18.16.50:593][  0]LogSlate:Warning: Failed to load font data from '../../../Engine/Content/Editor/Slate/Fonts/Roboto-Regular.ttf'
[2015.06.03-18.16.50:593][  0]LogSlate:Warning: Failed to load font data from '../../../Engine/Content/Editor/Slate/Fonts/Roboto-Bold.ttf'
[2015.06.03-18.16.50:643][  0]LogConsoleResponse:Display: 
[2015.06.03-18.16.50:792][  0]LogCook:Display: Done creating registry. It took  0.00s.
[2015.06.03-18.16.50:951][  0]SourceControl: Info Source control is disabled
[2015.06.03-18.16.50:951][  0]Cmd: MAP LOAD FILE="../../../../../../Users/merli_000/Desktop/UNREAL/MyProject2/Content/TopDownBP/Maps/TopDownExampleMap.umap" TEMPLATE=0 SHOWPROGRESS=1 FEATURELEVEL=3
[2015.06.03-18.16.50:951][  0]LightingResults: New page: Lighting Build
[2015.06.03-18.16.50:965][  0]MapCheck: New page: Map Check
[2015.06.03-18.16.50:965][  0]LightingResults: New page: Lighting Build
[2015.06.03-18.16.50:973][  0]LogParticles: Destroying 0 GPU particle simulations for FXSystem 0x000000B05F1BA980
[2015.06.03-18.16.52:289][  0]LogEditorServer: Finished looking for orphan Actors (0.000 secs)
[2015.06.03-18.16.52:290][  0]LogAIModule: Creating AISystem for world TopDownExampleMap
[2015.06.03-18.16.52:290][  0]Cmd: MAP CHECKDEP
[2015.06.03-18.16.52:291][  0]MapCheck: New page: TopDownExampleMap - Jun 3, 2015, 10:16:52 AM
[2015.06.03-18.16.52:377][  0]MapCheck: Info Map check complete: 0 Error(s), 0 Warning(s), took 86.689ms to complete.
[2015.06.03-18.16.52:377][  0]LogFileHelpers: Loading map 'TopDownExampleMap' took 1.427
[2015.06.03-18.16.52:546][  0]LogCollectionManager: Loaded 0 collections in 0.001869 seconds
[2015.06.03-18.16.52:557][  0]LogContentBrowser: Native class hierarchy populated in 0.0110 seconds. Added 1696 classes and 261 folders.
[2015.06.03-18.16.52:575][  0]LogContentBrowser:Verbose: The content browser source was changed by the sources view to '/Game'
[2015.06.03-18.16.52:592][  0]LogContentBrowser: Native class hierarchy updated for 'SceneOutliner' in 0.0022 seconds. Added 1 classes and 2 folders.
[2015.06.03-18.16.52:650][  0]LogCrashTracker: Crashtracker disabled due to settings.
[2015.06.03-18.16.52:651][  0]LogSlate:Warning: Failed to load font data from 'Veranda'
[2015.06.03-18.16.52:662][  0]LogUObjectGlobals:Warning: Failed to find object 'Class None.'
[2015.06.03-18.16.52:689][  0]LogLoad: Full Startup: 13.48 seconds (BP compile: 0.42 seconds)
[2015.06.03-18.16.52:913][  0]LogRenderer:Warning: Reallocating scene render targets to support 968x496 (Frame:2).
[2015.06.03-18.16.53:474][  5]LogAssetRegistry: Asset discovery search completed in 4.1401 seconds
[2015.06.03-18.17.05:255][710]LogContentBrowser:Verbose: The content browser source was changed by the sources view to '/Game/TopDownBP'
[2015.06.03-18.17.06:942][810]LogContentBrowser:Verbose: The content browser source was changed by the sources view to '/Game/TopDownBP/Blueprints'
[2015.06.03-18.28.44:640][447]LogHttp:Warning: Timeout processing Http request. 000000B0591625C0 url=http://et2.epicgames.com/ET2/CollectData.1?SessionID=%7B3247553E-4170-C5E2-13C4-E4B7ADA5D38A%7D&AppID=Rocket.Release&AppVersion=4.7.6-2513093%2B%2B%2Bdepot%2BUE4-Releases%2B4.7&UserID=0cee193e45cd42522f6bddbfb67599cf%7Cb7c49468110a42379aa5e2a98db34ec9%7Cb817a7bb-3d94-4ef5-b46f-64c8ee7bd98d&IsEditor=1
[2015.06.03-18.28.44:647][448]LogHttp:Warning: InternetStatusCallbackWinInet: on invalid request 000000B0591625C0. 
[2015.06.03-18.28.44:647][448]LogHttp:Warning: InternetStatusCallbackWinInet: on invalid request 000000B0591625C0. 
[2015.06.03-18.28.44:647][448]LogHttp:Warning: InternetStatusCallbackWinInet: on invalid request 000000B0591625C0. 
[2015.06.03-18.28.54:746][ 34]LogActorComponent: UnregisterComponent: (/Engine/Transient.CharMoveComp) Not registered. Aborting.
[2015.06.03-18.28.54:746][ 34]LogActorComponent: UnregisterComponent: (/Engine/Transient.CharacterMovementComponent_0) Not registered. Aborting.
[2015.06.03-18.28.54:778][ 34]LogParticles: Destroying 0 GPU particle simulations for FXSystem 0x000000B0705085E0
[2015.06.03-18.28.54:791][ 34]LogFileHelpers: Editor autosave (incl. sublevels) for '/Game/TopDownBP/Maps/TopDownExampleMap' took 0.045
[2015.06.03-18.28.54:826][ 34]OBJ SavePackage: Generating thumbnails for [1] asset(s) in package [/Game/TopDownBP/Blueprints/TopDownCharacter] ([1] browsable assets)...
[2015.06.03-18.28.54:860][ 34]OBJ SavePackage:     Rendered thumbnail for [Blueprint /Game/TopDownBP/Blueprints/TopDownCharacter.TopDownCharacter]
[2015.06.03-18.28.54:860][ 34]OBJ SavePackage: Finished generating thumbnails for package [/Game/TopDownBP/Blueprints/TopDownCharacter]
[2015.06.03-18.28.55:224][ 34]LogSavePackage: Save=330.121277ms
[2015.06.03-18.28.55:224][ 34]LogSavePackage: Moving '../../../../../../Users/merli_000/Desktop/UNREAL/MyProject2/Saved/TopDownCharacter_Auto11CFE8E31401F130134C870B1A9C4C450.tmp' to '../../../../../../Users/merli_000/Desktop/UNREAL/MyProject2/Saved/Autosaves/Game/TopDownBP/Blueprints/TopDownCharacter_Auto1.uasset'
[2015.06.03-18.28.55:233][ 34]LogFileHelpers: Auto-saving content packages took 0.442
[2015.06.03-18.33.12:755][482]LogRenderer:Warning: Reallocating scene render targets to support 1024x496 (Frame:5180).
[2015.06.03-18.33.15:220][625]LogRenderer:Warning: Reallocating scene render targets to support 1024x552 (Frame:5182).
[2015.06.03-18.33.19:331][858]BlueprintLog: New page: Pre-PIE auto-recompile
[2015.06.03-18.33.19:337][858]LogPlayLevel: [PIE] Compiling TopDownCharacter before PIE...
[2015.06.03-18.33.19:402][858]LogActorComponent: UnregisterComponent: (/Engine/Transient.CharMoveComp) Not registered. Aborting.
[2015.06.03-18.33.19:402][858]LogActorComponent: UnregisterComponent: (/Engine/Transient.CharacterMovementComponent_1) Not registered. Aborting.
[2015.06.03-18.33.19:421][858]LogPlayLevel: PIE:  Blueprint regeneration took 89 ms (1 blueprints)
[2015.06.03-18.33.19:421][858]PIE: New page: PIE session: TopDownExampleMap (Jun 3, 2015, 10:33:19 AM)
[2015.06.03-18.33.19:463][858]LogPlayLevel: PIE: StaticDuplicateObject took: (0.041087s)
[2015.06.03-18.33.19:464][858]LogPlayLevel: PIE: World Init took: (0.000727s)
[2015.06.03-18.33.19:464][858]LogPlayLevel: PIE: Created PIE world by copying editor world from /Game/TopDownBP/Maps/TopDownExampleMap.TopDownExampleMap to /Game/TopDownBP/Maps/UEDPIE_0_TopDownExampleMap.TopDownExampleMap (0.042068s)
[2015.06.03-18.33.19:526][858]LogWorld: Game class is 'TopDownGameMode_C'
[2015.06.03-18.33.19:528][858]LogAIModule: Creating AISystem for world TopDownExampleMap
[2015.06.03-18.33.19:537][858]LogWorld:Warning: *** WARNING - PATHS MAY NOT BE VALID ***
[2015.06.03-18.33.19:537][858]LogWorld: Bringing World /Game/TopDownBP/Maps/UEDPIE_0_TopDownExampleMap.TopDownExampleMap up for play (max tick rate 60) at 2015.06.03-14.33.19
[2015.06.03-18.33.19:539][858]LogWorld: Bringing up level for play took: 0.010785
[2015.06.03-18.33.19:541][858]PIE: Info Play in editor start time for /Game/TopDownBP/Maps/UEDPIE_0_TopDownExampleMap -0.448
[2015.06.03-18.33.55:920][ 32]LogParticles: Destroying 0 GPU particle simulations for FXSystem 0x000000B074685760
[2015.06.03-18.39.34:541][669]LogSavePackage: Save=2480.338623ms
[2015.06.03-18.39.34:541][669]LogSavePackage: Moving '../../../../../../Users/merli_000/Desktop/UNREAL/MyProject2/Saved/TopDownExampleMap_Auto299C131654ABB9B7FAB85C78B016F2ABA.tmp' to '../../../../../../Users/merli_000/Desktop/UNREAL/MyProject2/Saved/Autosaves/Game/TopDownBP/Maps/TopDownExampleMap_Auto2.umap'
[2015.06.03-18.39.34:550][669]LogFileHelpers: Editor autosave (incl. sublevels) for '/Game/TopDownBP/Maps/TopDownExampleMap' took 2.583
[2015.06.03-18.39.34:550][669]LogFileHelpers: Editor autosave (incl. sublevels) for all levels took 2.583
[2015.06.03-18.39.34:587][669]OBJ SavePackage: Generating thumbnails for [0] asset(s) in package [/Game/TopDownBP/Blueprints/TopDownCharacter] ([1] browsable assets)...
[2015.06.03-18.39.34:587][669]OBJ SavePackage: Finished generating thumbnails for package [/Game/TopDownBP/Blueprints/TopDownCharacter]
[2015.06.03-18.39.34:752][669]LogSavePackage: Save=105.992210ms
[2015.06.03-18.39.34:753][669]LogSavePackage: Moving '../../../../../../Users/merli_000/Desktop/UNREAL/MyProject2/Saved/TopDownCharacter_Auto2E7A088674D8A2B292E734788E6A0A7C1.tmp' to '../../../../../../Users/merli_000/Desktop/UNREAL/MyProject2/Saved/Autosaves/Game/TopDownBP/Blueprints/TopDownCharacter_Auto2.uasset'
[2015.06.03-18.39.34:760][669]LogFileHelpers: Auto-saving content packages took 0.210
[2015.06.03-18.54.05:007][631]LogPlayLevel: PIE:  No blueprints needed recompiling
[2015.06.03-18.54.05:007][631]PIE: New page: PIE session: TopDownExampleMap (Jun 3, 2015, 10:54:05 AM)
[2015.06.03-18.54.05:049][631]LogPlayLevel: PIE: StaticDuplicateObject took: (0.041046s)
[2015.06.03-18.54.05:055][631]LogPlayLevel: PIE: World Init took: (0.005964s)
[2015.06.03-18.54.05:055][631]LogPlayLevel: PIE: Created PIE world by copying editor world from /Game/TopDownBP/Maps/TopDownExampleMap.TopDownExampleMap to /Game/TopDownBP/Maps/UEDPIE_0_TopDownExampleMap.TopDownExampleMap (0.047350s)
[2015.06.03-18.54.05:097][631]LogWorld: Game class is 'TopDownGameMode_C'
[2015.06.03-18.54.05:099][631]LogAIModule: Creating AISystem for world TopDownExampleMap
[2015.06.03-18.54.05:109][631]LogWorld:Warning: *** WARNING - PATHS MAY NOT BE VALID ***
[2015.06.03-18.54.05:109][631]LogWorld: Bringing World /Game/TopDownBP/Maps/UEDPIE_0_TopDownExampleMap.TopDownExampleMap up for play (max tick rate 0) at 2015.06.03-14.54.05
[2015.06.03-18.54.05:111][631]LogWorld: Bringing up level for play took: 0.011152
[2015.06.03-18.54.05:113][631]PIE: Info Play in editor start time for /Game/TopDownBP/Maps/UEDPIE_0_TopDownExampleMap -0.876
[2015.06.03-18.54.34:155][234]LogParticles: Destroying 0 GPU particle simulations for FXSystem 0x000000B0746876A0
[2015.06.03-19.12.40:771][835]LogSourceControl: RunCommandInternalRaw: 'git version'
[2015.06.03-19.12.40:772][835]LogSourceControl: RunCommandInternalRaw: ExecProcess ReturnCode=2 OutResults=''
[2015.06.03-19.16.45:276][167]LogSourceControl: RunCommandInternalRaw: 'git version'
[2015.06.03-19.16.45:276][167]LogSourceControl: RunCommandInternalRaw: ExecProcess ReturnCode=2 OutResults=''
[2015.06.03-19.16.45:276][167]LogSourceControl: RunCommandInternalRaw: 'git version'
[2015.06.03-19.16.45:276][167]LogSourceControl: RunCommandInternalRaw: ExecProcess ReturnCode=2 OutResults=''
[2015.06.03-19.17.23:686][734]LogSourceControl: RunCommandInternalRaw: 'git version'
[2015.06.03-19.17.23:686][734]LogSourceControl: RunCommandInternalRaw: ExecProcess ReturnCode=2 OutResults=''
[2015.06.03-19.17.23:686][734]LogSourceControl: RunCommandInternalRaw: 'git version'
[2015.06.03-19.17.23:686][734]LogSourceControl: RunCommandInternalRaw: ExecProcess ReturnCode=2 OutResults=''
[2015.06.03-19.23.57:412][918]LogSourceControl: RunCommandInternalRaw: 'git version'
[2015.06.03-19.23.57:412][918]LogSourceControl: RunCommandInternalRaw: ExecProcess ReturnCode=2 OutResults=''
[2015.06.03-19.23.57:413][918]LogSourceControl: RunCommandInternalRaw: 'git version'
[2015.06.03-19.23.57:413][918]LogSourceControl: RunCommandInternalRaw: ExecProcess ReturnCode=2 OutResults=''
[2015.06.03-19.25.15:886][272]LogSourceControl: RunCommandInternalRaw: 'git version'
[2015.06.03-19.25.15:887][272]LogSourceControl: RunCommandInternalRaw: ExecProcess ReturnCode=2 OutResults=''
[2015.06.03-19.25.15:887][272]LogSourceControl: RunCommandInternalRaw: 'git version'
[2015.06.03-19.25.15:887][272]LogSourceControl: RunCommandInternalRaw: ExecProcess ReturnCode=2 OutResults=''
[2015.06.03-19.34.45:949][984]LogSourceControl: RunCommandInternalRaw: 'git version'
[2015.06.03-19.34.45:950][984]LogSourceControl: RunCommandInternalRaw: ExecProcess ReturnCode=2 OutResults=''
[2015.06.03-19.34.45:950][984]LogSourceControl: RunCommandInternalRaw: 'git version'
[2015.06.03-19.34.45:951][984]LogSourceControl: RunCommandInternalRaw: ExecProcess ReturnCode=2 OutResults=''
[2015.06.03-19.34.54:044][833]LogSourceControl: RunCommandInternalRaw: 'git version'
[2015.06.03-19.34.54:044][833]LogSourceControl: RunCommandInternalRaw: ExecProcess ReturnCode=2 OutResults=''
[2015.06.03-19.34.54:044][833]LogSourceControl: RunCommandInternalRaw: 'git version'
[2015.06.03-19.34.54:044][833]LogSourceControl: RunCommandInternalRaw: ExecProcess ReturnCode=2 OutResults=''
[2015.06.03-19.35.22:112][921]LogSourceControl: RunCommandInternalRaw: 'git version'
[2015.06.03-19.35.22:112][921]LogSourceControl: RunCommandInternalRaw: ExecProcess ReturnCode=2 OutResults=''
[2015.06.03-19.35.22:112][921]LogSourceControl: RunCommandInternalRaw: 'git version'
[2015.06.03-19.35.22:113][921]LogSourceControl: RunCommandInternalRaw: ExecProcess ReturnCode=2 OutResults=''
[2015.06.03-19.35.28:895][708]LogSourceControl: RunCommandInternalRaw: 'git version'
[2015.06.03-19.35.28:895][708]LogSourceControl: RunCommandInternalRaw: ExecProcess ReturnCode=5 OutResults=''
[2015.06.03-19.35.34:896][368]LogSourceControl: RunCommandInternalRaw: 'git version'
[2015.06.03-19.35.34:896][368]LogSourceControl: RunCommandInternalRaw: ExecProcess ReturnCode=5 OutResults=''
[2015.06.03-19.35.34:896][368]LogSourceControl: RunCommandInternalRaw: 'git version'
[2015.06.03-19.35.34:896][368]LogSourceControl: RunCommandInternalRaw: ExecProcess ReturnCode=5 OutResults=''
[2015.06.03-19.35.47:980][412]LogSourceControl: RunCommandInternalRaw: 'git version'
[2015.06.03-19.35.47:981][412]LogSourceControl: RunCommandInternalRaw: ExecProcess ReturnCode=5 OutResults=''
[2015.06.03-19.35.47:981][412]LogSourceControl: RunCommandInternalRaw: 'git version'
[2015.06.03-19.35.47:981][412]LogSourceControl: RunCommandInternalRaw: ExecProcess ReturnCode=5 OutResults=''
[2015.06.03-19.36.03:946][981]LogSourceControl: RunCommandInternalRaw: 'git version'
[2015.06.03-19.36.03:946][981]LogSourceControl: RunCommandInternalRaw: ExecProcess ReturnCode=5 OutResults=''
[2015.06.03-19.36.03:947][981]LogSourceControl: RunCommandInternalRaw: 'git version'
[2015.06.03-19.36.03:947][981]LogSourceControl: RunCommandInternalRaw: ExecProcess ReturnCode=5 OutResults=''
[2015.06.03-19.36.07:199][368]LogSourceControl: RunCommandInternalRaw: 'git version'
[2015.06.03-19.36.07:200][368]LogSourceControl: RunCommandInternalRaw: ExecProcess ReturnCode=2 OutResults=''
[2015.06.03-19.36.12:501][  4]LogSourceControl: RunCommandInternalRaw: 'git version'
[2015.06.03-19.36.12:501][  4]LogSourceControl: RunCommandInternalRaw: ExecProcess ReturnCode=2 OutResults=''
[2015.06.03-19.36.12:726][ 31]LogSourceControl: RunCommandInternalRaw: 'git version'
[2015.06.03-19.36.12:726][ 31]LogSourceControl: RunCommandInternalRaw: ExecProcess ReturnCode=2 OutResults=''
[2015.06.03-19.36.13:084][ 74]LogSourceControl: RunCommandInternalRaw: 'git version'
[2015.06.03-19.36.13:084][ 74]LogSourceControl: RunCommandInternalRaw: ExecProcess ReturnCode=5 OutResults=''
[2015.06.03-19.36.16:452][478]LogSourceControl: RunCommandInternalRaw: 'git version'
[2015.06.03-19.36.16:452][478]LogSourceControl: RunCommandInternalRaw: ExecProcess ReturnCode=5 OutResults=''
[2015.06.03-19.36.16:452][478]LogSourceControl: RunCommandInternalRaw: 'git version'
[2015.06.03-19.36.16:452][478]LogSourceControl: RunCommandInternalRaw: ExecProcess ReturnCode=5 OutResults=''
[2015.06.03-19.36.18:227][691]SourceControl:Error: Error Failed to connect to source control. Check your settings and connection then try again.
[2015.06.03-19.36.56:264][191]LogSourceControl: RunCommandInternalRaw: 'git version'
[2015.06.03-19.36.56:264][191]LogSourceControl: RunCommandInternalRaw: ExecProcess ReturnCode=5 OutResults=''
[2015.06.03-19.36.59:623][594]LogSourceControl: RunCommandInternalRaw: 'git version'
[2015.06.03-19.36.59:623][594]LogSourceControl: RunCommandInternalRaw: ExecProcess ReturnCode=5 OutResults=''
[2015.06.03-19.36.59:623][594]LogSourceControl: RunCommandInternalRaw: 'git version'
[2015.06.03-19.36.59:623][594]LogSourceControl: RunCommandInternalRaw: ExecProcess ReturnCode=5 OutResults=''
[2015.06.03-19.36.59:764][611]SourceControl:Error: Error Failed to connect to source control. Check your settings and connection then try again.
[2015.06.03-19.37.32:919][215]SourceControl: Info Source control is disabled
[2015.06.03-19.38.12:785][688]LogActorComponent: UnregisterComponent: (/Engine/Transient.CharMoveComp) Not registered. Aborting.
[2015.06.03-19.38.12:785][688]LogActorComponent: UnregisterComponent: (/Engine/Transient.CharacterMovementComponent_2) Not registered. Aborting.
[2015.06.03-19.38.14:767][688]LogSavePackage: Save=1740.552002ms
[2015.06.03-19.38.14:767][688]LogSavePackage: Moving '../../../../../../Users/merli_000/Desktop/UNREAL/MyProject2/Saved/TopDownExampleMapC02B6CAC4048DD2B28A1A18DA700513A.tmp' to '../../../../../../Users/merli_000/Desktop/UNREAL/MyProject2/Content/TopDownBP/Maps/TopDownExampleMap.umap'
[2015.06.03-19.38.14:876][688]LogFileHelpers: Saving map 'TopDownExampleMap' took 2.016
[2015.06.03-19.38.14:955][688]LogSavePackage: Save=47.031090ms
[2015.06.03-19.38.14:955][688]LogSavePackage: Moving '../../../../../../Users/merli_000/Desktop/UNREAL/MyProject2/Saved/TopDownCharacterF563327A4FAACDB264E624A4A976BEB3.tmp' to '../../../../../../Users/merli_000/Desktop/UNREAL/MyProject2/Content/TopDownBP/Blueprints/TopDownCharacter.uasset'
[2015.06.03-19.46.03:374][475]LogSourceControl: RunCommandInternalRaw: 'git version'
[2015.06.03-19.46.03:375][475]LogSourceControl: RunCommandInternalRaw: ExecProcess ReturnCode=5 OutResults=''
[2015.06.03-19.46.14:212][768]LogSourceControl: RunCommandInternalRaw: 'git version'
[2015.06.03-19.46.14:213][768]LogSourceControl: RunCommandInternalRaw: ExecProcess ReturnCode=5 OutResults=''
[2015.06.03-19.46.14:213][768]LogSourceControl: RunCommandInternalRaw: 'git version'
[2015.06.03-19.46.14:213][768]LogSourceControl: RunCommandInternalRaw: ExecProcess ReturnCode=5 OutResults=''
[2015.06.03-19.46.19:729][428]LogSourceControl: RunCommandInternalRaw: 'git version'
[2015.06.03-19.46.19:729][428]LogSourceControl: RunCommandInternalRaw: ExecProcess ReturnCode=5 OutResults=''
[2015.06.03-19.46.19:729][428]LogSourceControl: RunCommandInternalRaw: 'git version'
[2015.06.03-19.46.19:729][428]LogSourceControl: RunCommandInternalRaw: ExecProcess ReturnCode=5 OutResults=''
[2015.06.03-19.46.33:176][  8]LogActorComponent: UnregisterComponent: (/Engine/Transient.CharMoveComp) Not registered. Aborting.
[2015.06.03-19.46.33:176][  8]LogActorComponent: UnregisterComponent: (/Engine/Transient.CharacterMovementComponent_3) Not registered. Aborting.
[2015.06.03-19.46.33:745][  9]Cmd: QUIT_EDITOR
[2015.06.03-19.46.33:996][  9]LogExit: Preparing to exit.
[2015.06.03-19.46.34:211][  9]LogExit: Editor shut down
[2015.06.03-19.46.34:211][  9]LogExit: Transaction tracking system shut down
[2015.06.03-19.46.34:212][  9]LogParticles: Destroying 0 GPU particle simulations for FXSystem 0x000000B05B0EF600
[2015.06.03-19.46.34:212][  9]LogParticles: Destroying 0 GPU particle simulations for FXSystem 0x000000B05208D760
[2015.06.03-19.46.34:213][  9]LogParticles: Destroying 0 GPU particle simulations for FXSystem 0x000000B058BE8540
[2015.06.03-19.46.34:213][  9]LogParticles: Destroying 0 GPU particle simulations for FXSystem 0x000000B070AF8720
[2015.06.03-19.46.34:213][  9]LogParticles: Destroying 0 GPU particle simulations for FXSystem 0x000000B070AF8AE0
[2015.06.03-19.46.34:470][  9]LogExit: Object subsystem successfully closed.
[2015.06.03-19.46.34:524][  9]LogModuleManager: Shutting down and abandoning module CrashTracker (177)
[2015.06.03-19.46.34:524][  9]LogModuleManager: Shutting down and abandoning module SuperSearch (176)
[2015.06.03-19.46.34:524][  9]LogModuleManager: Shutting down and abandoning module SceneOutliner (175)
[2015.06.03-19.46.34:524][  9]LogModuleManager: Shutting down and abandoning module EditorWidgets (174)
[2015.06.03-19.46.34:524][  9]LogModuleManager: Shutting down and abandoning module CollectionManager (173)
[2015.06.03-19.46.34:524][  9]LogModuleManager: Shutting down and abandoning module StatsViewer (172)
[2015.06.03-19.46.34:524][  9]LogModuleManager: Shutting down and abandoning module FoliageEdit (171)
[2015.06.03-19.46.34:524][  9]LogModuleManager: Shutting down and abandoning module LandscapeEditor (170)
[2015.06.03-19.46.34:524][  9]LogModuleManager: Shutting down and abandoning module MeshPaint (169)
[2015.06.03-19.46.34:524][  9]LogModuleManager: Shutting down and abandoning module ActorPickerMode (168)
[2015.06.03-19.46.34:524][  9]LogModuleManager: Shutting down and abandoning module GeometryMode (167)
[2015.06.03-19.46.34:524][  9]LogModuleManager: Shutting down and abandoning module TextureAlignMode (166)
[2015.06.03-19.46.34:524][  9]LogModuleManager: Shutting down and abandoning module BspMode (165)
[2015.06.03-19.46.34:524][  9]LogModuleManager: Shutting down and abandoning module PlacementMode (164)
[2015.06.03-19.46.34:524][  9]LogModuleManager: Shutting down and abandoning module AutomationWorker (163)
[2015.06.03-19.46.34:524][  9]LogModuleManager: Shutting down and abandoning module CharacterAI (162)
[2015.06.03-19.46.34:524][  9]LogModuleManager: Shutting down and abandoning module SmartSnapping (161)
[2015.06.03-19.46.34:524][  9]LogModuleManager: Shutting down and abandoning module ViewportSnapping (160)
[2015.06.03-19.46.34:524][  9]LogModuleManager: Shutting down and abandoning module LogVisualizer (159)
[2015.06.03-19.46.34:525][  9]LogModuleManager: Shutting down and abandoning module GameProjectGeneration (158)
[2015.06.03-19.46.34:525][  9]LogModuleManager: Shutting down and abandoning module IntroTutorials (157)
[2015.06.03-19.46.34:525][  9]LogModuleManager: Shutting down and abandoning module EditorLiveStreaming (156)
[2015.06.03-19.46.34:525][  9]LogModuleManager: Shutting down and abandoning module HardwareTargeting (155)
[2015.06.03-19.46.34:525][  9]LogModuleManager: Shutting down and abandoning module DeviceProfileEditor (154)
[2015.06.03-19.46.34:525][  9]LogModuleManager: Shutting down and abandoning module UndoHistory (153)
[2015.06.03-19.46.34:525][  9]LogModuleManager: Shutting down and abandoning module GameplayTagsEditor (152)
[2015.06.03-19.46.34:525][  9]LogModuleManager: Shutting down and abandoning module UserFeedback (151)
[2015.06.03-19.46.34:525][  9]LogModuleManager: Shutting down and abandoning module XmlParser (150)
[2015.06.03-19.46.34:525][  9]LogModuleManager: Shutting down and abandoning module Blutility (149)
[2015.06.03-19.46.34:525][  9]LogModuleManager: Shutting down and abandoning module IOSPlatformEditor (148)
[2015.06.03-19.46.34:525][  9]LogModuleManager: Shutting down and abandoning module IOSRuntimeSettings (147)
[2015.06.03-19.46.34:525][  9]LogModuleManager: Shutting down and abandoning module AndroidDeviceDetection (146)
[2015.06.03-19.46.35:417][  9]LogModuleManager: Shutting down and abandoning module AndroidPlatformEditor (145)
[2015.06.03-19.46.35:417][  9]LogModuleManager: Shutting down and abandoning module AndroidRuntimeSettings (144)
[2015.06.03-19.46.35:417][  9]LogModuleManager: Shutting down and abandoning module ProjectTargetPlatformEditor (143)
[2015.06.03-19.46.35:417][  9]LogModuleManager: Shutting down and abandoning module ProjectSettingsViewer (142)
[2015.06.03-19.46.35:417][  9]LogModuleManager: Shutting down and abandoning module InputBindingEditor (141)
[2015.06.03-19.46.35:418][  9]LogModuleManager: Shutting down and abandoning module EditorSettingsViewer (140)
[2015.06.03-19.46.35:418][  9]LogModuleManager: Shutting down and abandoning module SettingsEditor (139)
[2015.06.03-19.46.35:418][  9]LogModuleManager: Shutting down and abandoning module ProjectLauncher (138)
[2015.06.03-19.46.35:418][  9]LogModuleManager: Shutting down and abandoning module SessionFrontend (137)
[2015.06.03-19.46.35:418][  9]LogModuleManager: Shutting down and abandoning module ProfilerClient (136)
[2015.06.03-19.46.35:418][  9]LogModuleManager: Shutting down and abandoning module TargetDeviceServices (135)
[2015.06.03-19.46.35:418][  9]LogModuleManager: Shutting down and abandoning module DeviceManager (134)
[2015.06.03-19.46.35:418][  9]LogModuleManager: Shutting down and abandoning module AutomationController (133)
[2015.06.03-19.46.35:418][  9]LogModuleManager: Shutting down and abandoning module AutomationWindow (132)
[2015.06.03-19.46.35:418][  9]LogModuleManager: Shutting down and abandoning module Layers (131)
[2015.06.03-19.46.35:418][  9]LogModuleManager: Shutting down and abandoning module ComponentVisualizers (130)
[2015.06.03-19.46.35:418][  9]LogModuleManager: Shutting down and abandoning module DetailCustomizations (129)
[2015.06.03-19.46.35:418][  9]LogModuleManager: Shutting down and abandoning module PackagesDialog (128)
[2015.06.03-19.46.35:419][  9]LogModuleManager: Shutting down and abandoning module AssetRegistry (127)
[2015.06.03-19.46.35:457][  9]LogModuleManager: Shutting down and abandoning module Persona (126)
[2015.06.03-19.46.35:457][  9]LogModuleManager: Shutting down and abandoning module SlateReflector (125)
[2015.06.03-19.46.35:457][  9]LogModuleManager: Shutting down and abandoning module LevelEditor (124)
[2015.06.03-19.46.35:458][  9]LogModuleManager: Shutting down and abandoning module Kismet (123)
[2015.06.03-19.46.35:458][  9]LogModuleManager: Shutting down and abandoning module GraphEditor (122)
[2015.06.03-19.46.35:458][  9]LogModuleManager: Shutting down and abandoning module ClassViewer (121)
[2015.06.03-19.46.35:458][  9]LogModuleManager: Shutting down and abandoning module Toolbox (120)
[2015.06.03-19.46.35:458][  9]LogModuleManager: Shutting down and abandoning module ModuleUI (119)
[2015.06.03-19.46.35:458][  9]LogModuleManager: Shutting down and abandoning module MovieSceneTools (118)
[2015.06.03-19.46.35:458][  9]LogModuleManager: Shutting down and abandoning module OutputLog (117)
[2015.06.03-19.46.35:458][  9]LogModuleManager: Shutting down and abandoning module GammaUI (116)
[2015.06.03-19.46.35:458][  9]LogModuleManager: Shutting down and abandoning module Documentation (115)
[2015.06.03-19.46.35:458][  9]LogModuleManager: Shutting down and abandoning module GameLiveStreaming (114)
[2015.06.03-19.46.35:458][  9]LogModuleManager: Shutting down and abandoning module StreamingPauseRendering (113)
[2015.06.03-19.46.35:458][  9]LogModuleManager: Shutting down and abandoning module HTTP (112)
[2015.06.03-19.46.35:458][  9]LogModuleManager: Shutting down and abandoning module AnalyticsET (111)
[2015.06.03-19.46.35:458][  9]LogModuleManager: Shutting down and abandoning module Analytics (110)
[2015.06.03-19.46.35:458][  9]LogModuleManager: Shutting down and abandoning module AITestSuite (109)
[2015.06.03-19.46.35:458][  9]LogModuleManager: Shutting down and abandoning module GameplayDebugger (108)
[2015.06.03-19.46.35:458][  9]LogModuleManager: Shutting down and abandoning module AIModule (107)
[2015.06.03-19.46.35:458][  9]LogModuleManager: Shutting down and abandoning module ProfilerService (106)
[2015.06.03-19.46.35:527][  9]LogModuleManager: Shutting down and abandoning module TaskGraph (105)
[2015.06.03-19.46.35:527][  9]LogModuleManager: Shutting down and abandoning module SlateRemote (104)
[2015.06.03-19.46.35:527][  9]LogModuleManager: Shutting down and abandoning module ScriptEditorPlugin (103)
[2015.06.03-19.46.35:527][  9]LogModuleManager: Shutting down and abandoning module CustomMeshComponent (102)
[2015.06.03-19.46.35:527][  9]LogModuleManager: Shutting down and abandoning module CableComponent (101)
[2015.06.03-19.46.35:527][  9]LogModuleManager: Shutting down and abandoning module MessagingDebugger (100)
[2015.06.03-19.46.35:527][  9]LogModuleManager: Shutting down and abandoning module MediaPlayerEditor (99)
[2015.06.03-19.46.35:527][  9]LogModuleManager: Shutting down and abandoning module SpeedTreeImporter (98)
[2015.06.03-19.46.35:527][  9]LogModuleManager: Shutting down and abandoning module PluginsEditor (97)
[2015.06.03-19.46.35:527][  9]LogModuleManager: Shutting down and abandoning module MainFrame (96)
[2015.06.03-19.46.35:527][  9]LogModuleManager: Shutting down and abandoning module EpicSurvey (95)
[2015.06.03-19.46.35:527][  9]LogModuleManager: Shutting down and abandoning module DesktopPlatform (94)
[2015.06.03-19.46.35:527][  9]LogModuleManager: Shutting down and abandoning module DirectoryWatcher (93)
[2015.06.03-19.46.35:528][  9]LogModuleManager: Shutting down and abandoning module HotReload (92)
[2015.06.03-19.46.35:528][  9]LogModuleManager: Shutting down and abandoning module VisualStudioSourceCodeAccess (91)
[2015.06.03-19.46.35:528][  9]LogModuleManager: Shutting down and abandoning module UObjectPlugin (90)
[2015.06.03-19.46.35:528][  9]LogModuleManager: Shutting down and abandoning module SubversionSourceControl (89)
[2015.06.03-19.46.35:528][  9]LogModuleManager: Shutting down and abandoning module PerforceSourceControl (88)
[2015.06.03-19.46.35:528][  9]LogModuleManager: Shutting down and abandoning module SourceControl (87)
[2015.06.03-19.46.35:528][  9]LogModuleManager: Shutting down and abandoning module GitSourceControl (86)
[2015.06.03-19.46.35:528][  9]LogModuleManager: Shutting down and abandoning module BlankPlugin (85)
[2015.06.03-19.46.35:528][  9]LogModuleManager: Shutting down and abandoning module PaperTiledImporter (84)
[2015.06.03-19.46.35:528][  9]LogModuleManager: Shutting down and abandoning module PaperJsonImporter (83)
[2015.06.03-19.46.35:528][  9]LogModuleManager: Shutting down and abandoning module ContentBrowser (82)
[2015.06.03-19.46.35:529][  9]LogModuleManager: Shutting down and abandoning module Paper2DEditor (81)
[2015.06.03-19.46.35:529][  9]LogModuleManager: Shutting down and abandoning module ScriptPlugin (80)
[2015.06.03-19.46.35:529][  9]LogModuleManager: Shutting down and abandoning module UdpMessaging (79)
[2015.06.03-19.46.35:629][  9]LogModuleManager: Shutting down and abandoning module Paper2D (78)
[2015.06.03-19.46.35:629][  9]LogModuleManager: Shutting down and abandoning module WindowsMoviePlayer (77)
[2015.06.03-19.46.35:632][  9]LogModuleManager: Shutting down and abandoning module Media (76)
[2015.06.03-19.46.35:632][  9]LogModuleManager: Shutting down and abandoning module WmfMedia (75)
[2015.06.03-19.46.35:632][  9]LogModuleManager: Shutting down and abandoning module OnlineBlueprintSupport (74)
[2015.06.03-19.46.35:632][  9]LogModuleManager: Shutting down and abandoning module PropertyEditor (73)
[2015.06.03-19.46.35:632][  9]LogModuleManager: Shutting down and abandoning module BehaviorTreeEditor (72)
[2015.06.03-19.46.35:633][  9]LogModuleManager: Shutting down and abandoning module FunctionalTesting (71)
[2015.06.03-19.46.35:633][  9]LogModuleManager: Shutting down and abandoning module CollisionAnalyzer (70)
[2015.06.03-19.46.35:633][  9]LogModuleManager: Shutting down and abandoning module WorkspaceMenuStructure (69)
[2015.06.03-19.46.35:633][  9]LogModuleManager: Shutting down and abandoning module MessageLog (68)
[2015.06.03-19.46.35:633][  9]LogModuleManager: Shutting down and abandoning module Sequencer (67)
[2015.06.03-19.46.35:633][  9]LogModuleManager: Shutting down and abandoning module AssetTools (66)
[2015.06.03-19.46.35:633][  9]LogModuleManager: Shutting down and abandoning module UMGEditor (65)
[2015.06.03-19.46.35:633][  9]LogModuleManager: Shutting down and abandoning module UMG (64)
[2015.06.03-19.46.35:633][  9]LogModuleManager: Shutting down and abandoning module Slate (63)
[2015.06.03-19.46.35:633][  9]LogModuleManager: Shutting down and abandoning module EditorStyle (62)
[2015.06.03-19.46.35:640][  9]LogModuleManager: Shutting down and abandoning module SessionServices (61)
[2015.06.03-19.46.35:640][  9]LogModuleManager: Shutting down and abandoning module SourceCodeAccess (60)
[2015.06.03-19.46.35:641][  9]LogModuleManager: Shutting down and abandoning module HeadMountedDisplay (59)
[2015.06.03-19.46.35:641][  9]LogModuleManager: Shutting down and abandoning module XAudio2 (58)
[2015.06.03-19.46.35:641][  9]LogModuleManager: Shutting down and abandoning module Networking (56)
[2015.06.03-19.46.35:641][  9]LogModuleManager: Shutting down and abandoning module Core (55)
[2015.06.03-19.46.35:641][  9]LogModuleManager: Shutting down and abandoning module KismetCompiler (54)
[2015.06.03-19.46.35:641][  9]LogModuleManager: Shutting down and abandoning module PhysXFormats (53)
[2015.06.03-19.46.35:641][  9]LogModuleManager: Shutting down and abandoning module MeshUtilities (52)
[2015.06.03-19.46.35:641][  9]LogModuleManager: Shutting down and abandoning module DerivedDataCache (51)
[2015.06.03-19.46.35:667][  9]LogDerivedDataCache: Shutdown
[2015.06.03-19.46.35:667][  9]LogModuleManager: Shutting down and abandoning module ShaderFormatOpenGL (50)
[2015.06.03-19.46.35:667][  9]LogModuleManager: Shutting down and abandoning module ShaderFormatD3D (49)
[2015.06.03-19.46.35:667][  9]LogModuleManager: Shutting down and abandoning module MetalShaderFormat (48)
[2015.06.03-19.46.35:667][  9]LogModuleManager: Shutting down and abandoning module TextureFormatUncompressed (47)
[2015.06.03-19.46.35:667][  9]LogModuleManager: Shutting down and abandoning module TextureFormatPVR (46)
[2015.06.03-19.46.35:667][  9]LogModuleManager: Shutting down and abandoning module TextureFormatIntelISPCTexComp (45)
[2015.06.03-19.46.35:667][  9]LogModuleManager: Shutting down and abandoning module TextureFormatDXT (44)
[2015.06.03-19.46.35:667][  9]LogModuleManager: Shutting down and abandoning module ImageWrapper (43)
[2015.06.03-19.46.35:667][  9]LogModuleManager: Shutting down and abandoning module TextureFormatASTC (42)
[2015.06.03-19.46.35:667][  9]LogModuleManager: Shutting down and abandoning module TextureFormatAndroid (41)
[2015.06.03-19.46.35:667][  9]LogModuleManager: Shutting down and abandoning module AudioFormatOpus (40)
[2015.06.03-19.46.35:667][  9]LogModuleManager: Shutting down and abandoning module AudioFormatOgg (39)
[2015.06.03-19.46.35:667][  9]LogModuleManager: Shutting down and abandoning module AudioFormatADPCM (38)
[2015.06.03-19.46.35:667][  9]LogModuleManager: Shutting down and abandoning module LinuxTargetPlatform (37)
[2015.06.03-19.46.35:667][  9]LogModuleManager: Shutting down and abandoning module LinuxServerTargetPlatform (36)
[2015.06.03-19.46.35:667][  9]LogModuleManager: Shutting down and abandoning module LinuxNoEditorTargetPlatform (35)
[2015.06.03-19.46.35:667][  9]LogModuleManager: Shutting down and abandoning module Messaging (34)
[2015.06.03-19.46.35:667][  9]LogModuleManager: Shutting down and abandoning module IOSTargetPlatform (33)
[2015.06.03-19.46.35:667][  9]LogModuleManager: Shutting down and abandoning module HTML5TargetPlatform (32)
[2015.06.03-19.46.35:667][  9]LogModuleManager: Shutting down and abandoning module Android_PVRTCTargetPlatform (31)
[2015.06.03-19.46.35:667][  9]LogModuleManager: Shutting down and abandoning module Android_ETC2TargetPlatform (30)
[2015.06.03-19.46.35:667][  9]LogModuleManager: Shutting down and abandoning module Android_ETC1TargetPlatform (29)
[2015.06.03-19.46.35:667][  9]LogModuleManager: Shutting down and abandoning module Android_ES31TargetPlatform (28)
[2015.06.03-19.46.35:667][  9]LogModuleManager: Shutting down and abandoning module Android_DXTTargetPlatform (27)
[2015.06.03-19.46.35:668][  9]LogModuleManager: Shutting down and abandoning module Android_ATCTargetPlatform (26)
[2015.06.03-19.46.35:668][  9]LogModuleManager: Shutting down and abandoning module AndroidTargetPlatform (25)
[2015.06.03-19.46.35:668][  9]LogModuleManager: Shutting down and abandoning module WindowsTargetPlatform (24)
[2015.06.03-19.46.35:668][  9]LogModuleManager: Shutting down and abandoning module WindowsServerTargetPlatform (23)
[2015.06.03-19.46.35:668][  9]LogModuleManager: Shutting down and abandoning module WindowsNoEditorTargetPlatform (22)
[2015.06.03-19.46.35:668][  9]LogModuleManager: Shutting down and abandoning module WindowsClientTargetPlatform (21)
[2015.06.03-19.46.35:668][  9]LogModuleManager: Shutting down and abandoning module TargetPlatform (20)
[2015.06.03-19.46.35:668][  9]LogModuleManager: Shutting down and abandoning module InputCore (19)
[2015.06.03-19.46.35:668][  9]LogModuleManager: Shutting down and abandoning module Settings (18)
[2015.06.03-19.46.35:668][  9]LogModuleManager: Shutting down and abandoning module OnlineSubsystem (16)
[2015.06.03-19.46.35:668][  9]LogModuleManager: Shutting down and abandoning module OculusRift (15)
[2015.06.03-19.46.35:668][  9]LogModuleManager: Shutting down and abandoning module ExampleDeviceProfileSelector (14)
[2015.06.03-19.46.35:668][  9]LogModuleManager: Shutting down and abandoning module TextureCompressor (13)
[2015.06.03-19.46.35:668][  9]LogModuleManager: Shutting down and abandoning module ShaderCore (12)
[2015.06.03-19.46.35:668][  9]LogModuleManager: Shutting down and abandoning module Landscape (11)
[2015.06.03-19.46.35:668][  9]LogModuleManager: Shutting down and abandoning module SlateRHIRenderer (10)
[2015.06.03-19.46.35:679][  9]LogModuleManager: Shutting down and abandoning module OpenGLDrv (9)
[2015.06.03-19.46.35:679][  9]LogModuleManager: Shutting down and abandoning module D3D11RHI (8)
[2015.06.03-19.46.35:679][  9]LogModuleManager: Shutting down and abandoning module Renderer (7)
[2015.06.03-19.46.35:679][  9]LogModuleManager: Shutting down and abandoning module Engine (6)
[2015.06.03-19.46.35:679][  9]LogModuleManager: Shutting down and abandoning module CoreUObject (5)
[2015.06.03-19.46.35:679][  9]LogModuleManager: Shutting down and abandoning module NetworkFile (4)
[2015.06.03-19.46.35:679][  9]LogModuleManager: Shutting down and abandoning module StreamingFile (3)
[2015.06.03-19.46.35:679][  9]LogModuleManager: Shutting down and abandoning module SandboxFile (2)
[2015.06.03-19.46.35:679][  9]LogModuleManager: Shutting down and abandoning module PakFile (1)
[2015.06.03-19.46.35:681][  9]LogExit: Exiting.
[2015.06.03-19.46.35:690][  9]Log file closed, 06/03/15 15:46:35
