Log file open, 06/03/15 16:03:39
LogInit:Display: Running engine for game: MyProject2
LogInit: Version: 4.7.6-2513093+++depot+UE4-Releases+4.7
LogInit: API Version: 2455222
LogInit: Compiled (64-bit): Apr 15 2015 12:09:54
LogInit: Compiled with Visual C++: 18.00.21005.01
LogInit: Build Configuration: Development
LogInit: Branch Name: ++depot+UE4-Releases+4.7
LogInit: Command line:  
LogInit: Base directory: C:/Program Files/Epic Games/4.7/Engine/Binaries/Win64/
LogInit: Rocket: 1
[2015.06.03-20.03.39:830][  0]LogTaskGraph: Started task graph with 3 named threads and 6 total threads.
[2015.06.03-20.03.39:887][  0]LogOnline:Warning: No default platform service specified for OnlineSubsystem
[2015.06.03-20.03.39:900][  0]LogInit: Presizing for 0 objects not considered by GC, pre-allocating 0 bytes.
[2015.06.03-20.03.39:911][  0]LogInit: Object subsystem initialized
[2015.06.03-20.03.39:913][  0]LogConsoleResponse:Warning: Skipping Unknown console variable: 'TranslucentSortAxis = (X=0.000000,Y=-1.000000,Z=0.000000)'
[2015.06.03-20.03.39:913][  0]LogConsoleResponse:Warning:   Found in ini file 'C:/Users/merli_000/Documents/GitHub/SugarRushRampage/UNREAL/MyProject2/Saved/Config/Windows/Engine.ini', in section '[/Script/Engine.RendererSettings]'
[2015.06.03-20.03.39:913][  0]LogConsoleResponse:Warning: Skipping Unknown console variable: 'UIScaleRule = ShortestSide'
[2015.06.03-20.03.39:913][  0]LogConsoleResponse:Warning:   Found in ini file 'C:/Users/merli_000/Documents/GitHub/SugarRushRampage/UNREAL/MyProject2/Saved/Config/Windows/Engine.ini', in section '[/Script/Engine.RendererSettings]'
[2015.06.03-20.03.39:913][  0]LogConsoleResponse:Warning: Skipping Unknown console variable: 'UIScaleCurve = (EditorCurveData=(Keys=),ExternalCurve=None)'
[2015.06.03-20.03.39:913][  0]LogConsoleResponse:Warning:   Found in ini file 'C:/Users/merli_000/Documents/GitHub/SugarRushRampage/UNREAL/MyProject2/Saved/Config/Windows/Engine.ini', in section '[/Script/Engine.RendererSettings]'
[2015.06.03-20.03.39:913][  0]LogInit: Selected Device Profile: [Windows]
[2015.06.03-20.03.39:913][  0]LogInit: Applying CVar settings loaded from the selected device profile: [Windows]
[2015.06.03-20.03.39:922][  0]LogInit: Computer: MARKLAPTOP
[2015.06.03-20.03.39:922][  0]LogInit: User: merli000
[2015.06.03-20.03.39:922][  0]LogInit: CPU Page size=4096, Cores=4
[2015.06.03-20.03.39:922][  0]LogInit: High frequency timer resolution =2.143582 MHz
[2015.06.03-20.03.39:922][  0]LogMemory: Memory total: Physical=7.9GB (8GB approx) Virtual=131072.0GB
[2015.06.03-20.03.39:922][  0]LogMemory: Platform Memory Stats for Windows
[2015.06.03-20.03.39:922][  0]LogMemory: Process Physical Memory: 46.31 MB used, 46.31 MB peak
[2015.06.03-20.03.39:922][  0]LogMemory: Process Virtual Memory: 26.52 MB used, 26.52 MB peak
[2015.06.03-20.03.39:922][  0]LogMemory: Physical Memory: 3159.07 MB used, 8047.77 MB total
[2015.06.03-20.03.39:922][  0]LogMemory: Virtual Memory: 289.13 MB used, 134217728.00 MB total
[2015.06.03-20.03.39:936][  0]LogD3D11RHI: Found D3D11 adapter 0: Intel(R) HD Graphics 4000 (Feature Level 11_0)
[2015.06.03-20.03.39:936][  0]LogD3D11RHI: Adapter has 2062MB of dedicated video memory, 0MB of dedicated system memory, and 4023MB of shared system memory, 1 output[s]
[2015.06.03-20.03.39:937][  0]LogD3D11RHI: Found D3D11 adapter 1: Microsoft Basic Render Driver (Feature Level 11_0)
[2015.06.03-20.03.39:937][  0]LogD3D11RHI: Adapter has 0MB of dedicated video memory, 0MB of dedicated system memory, and 256MB of shared system memory, 0 output[s]
[2015.06.03-20.03.39:937][  0]LogD3D11RHI: Chosen D3D11 Adapter Id = 0
[2015.06.03-20.03.39:941][  0]LogRHI: Texture pool is 1361 MB (70% of 1945 MB)
[2015.06.03-20.03.39:948][  0]LogD3D11RHI: Async texture creation enabled
[2015.06.03-20.03.39:994][  0]LogTextLocalizationManager: The requested culture ('en_US') has no localization data; parent culture's ('en') localization data will be used.
[2015.06.03-20.03.40:064][  0]LogTextLocalizationManager:Warning: Loading localization resources contain conflicting entries for (Namespace:UICommands, Key:Save_ToolTip):
Resource: (C:/Program Files/Epic Games/4.7/Engine/Content/Localization/Editor/en/Editor.locres) Hash: (-29098895) String: (Saves the current level to disk)
Resource: (C:/Program Files/Epic Games/4.7/Engine/Content/Localization/Engine/en/Engine.locres) Hash: (-1280300587) String: (Save selected data to vlog file)
[2015.06.03-20.03.40:064][  0]LogTextLocalizationManager:Warning: Loading localization resources contain conflicting entries for (Namespace:ContentBrowser, Key:ImportAssetToolTip):
Resource: (C:/Program Files/Epic Games/4.7/Engine/Content/Localization/Editor/en/Editor.locres) Hash: (-630476809) String: (Import to {0}...)
Resource: (C:/Program Files/Epic Games/4.7/Engine/Content/Localization/Editor/en/Editor.locres) Hash: (1271782899) String: (Imports an asset from file to this folder.)
[2015.06.03-20.03.40:156][  0]LogContentStreaming: Texture pool size is 0.000000MB
[2015.06.03-20.03.42:637][  0]LogTargetPlatformManager:Display: Building Assets For Windows
[2015.06.03-20.03.43:216][  0]LogTargetPlatformManager:Display: Building Assets For Windows
[2015.06.03-20.03.43:285][  0]LogDerivedDataCache:Display: Max Cache Size: 512 MB
[2015.06.03-20.03.43:331][  0]LogDerivedDataCache: Loaded boot cache 0.05s 39MB C:/Users/merli_000/AppData/Local/UnrealEngine/4.7/DerivedDataCache/Boot.ddc.
[2015.06.03-20.03.43:331][  0]LogDerivedDataCache:Display: Loaded Boot cache: C:/Users/merli_000/AppData/Local/UnrealEngine/4.7/DerivedDataCache/Boot.ddc
[2015.06.03-20.03.43:331][  0]LogDerivedDataCache: FDerivedDataBackendGraph:  Pak pak cache file ../../../../../../Users/merli_000/Documents/GitHub/SugarRushRampage/UNREAL/MyProject2/DerivedDataCache/DDC.ddp not found, will not use a pak cache.
[2015.06.03-20.03.43:331][  0]LogDerivedDataCache: Unable to find inner node Pak for hierarchical cache Hierarchy.
[2015.06.03-20.03.43:463][  0]LogDerivedDataCache:Display: Pak cache opened for reading ../../../Engine/DerivedDataCache/Compressed.ddp.
[2015.06.03-20.03.43:475][  0]LogDerivedDataCache: Using Local data cache path C:/Users/merli_000/AppData/Local/UnrealEngine/Common/DerivedDataCache: Writable
[2015.06.03-20.03.43:795][  0]LogMeshUtilities: No automatic mesh reduction module available
[2015.06.03-20.03.43:795][  0]LogMeshUtilities: No automatic mesh merging module available
[2015.06.03-20.03.44:244][  0]LogInit: WinSock: version 1.1 (2.2), MaxSocks=32767, MaxUdp=65467
[2015.06.03-20.03.44:327][  0]LogSlate:Warning: Failed to load font data from '../../../Engine/Content/Slate/Fonts/Roboto-Italic.ttf'
[2015.06.03-20.03.45:128][  0]UdpMessaging: Initializing bridge on interface 0.0.0.0:0 to multicast group 230.0.0.1:6666.
[2015.06.03-20.03.45:360][  0]SourceControl: Info Source control is disabled
[2015.06.03-20.03.45:360][  0]SourceControl: Info Source control is disabled
[2015.06.03-20.03.45:360][  0]SourceControl: Info Source control is disabled
[2015.06.03-20.03.45:370][  0]LogSourceControl: RunCommandInternalRaw: 'git version'
[2015.06.03-20.03.45:378][  0]LogSourceControl: RunCommandInternalRaw: ExecProcess ReturnCode=0 OutResults='git version 1.9.5.github.0
'
[2015.06.03-20.03.45:570][  0]LogObj: 24232 objects as part of root set at end of initial load.
[2015.06.03-20.03.45:570][  0]LogUObjectAllocator: 5137176 out of 0 bytes used by permanent object pool.
[2015.06.03-20.03.45:702][  0]LogEngine: Initializing Engine...
[2015.06.03-20.03.47:886][  0]LogInit: XAudio2 using 'Speakers (High Definition Audio Device)' : 2 channels at 44.1 kHz using 16 bits per sample (channel mask 0x3)
[2015.06.03-20.03.47:898][  0]LogInit: FAudioDevice initialized.
[2015.06.03-20.03.47:937][  0]LogAIModule: Creating AISystem for world NewWorld
[2015.06.03-20.03.47:961][  0]LogDerivedDataCache: Saved boot cache 0.02s 39MB C:/Users/merli_000/AppData/Local/UnrealEngine/4.7/DerivedDataCache/Boot.ddc.
[2015.06.03-20.03.47:966][  0]LogInit: Texture streaming: Enabled
[2015.06.03-20.03.48:065][  0]LogAnalytics: Creating configured Analytics provider AnalyticsET
[2015.06.03-20.03.48:066][  0]LogAnalytics: ET APIKey = Rocket.Release. APIServer = http://et2.epicgames.com/ET2/. AppVersion = 4.7.6-2513093+++depot+UE4-Releases+4.7
[2015.06.03-20.03.48:066][  0]LogAnalytics: ET APIKey = Rocket.Release. DataRouterUploadURL = https://datarouter-public-service-gamedev.ol.epicgames.net/datarouter/api/v1/public/data. AppVersion = 4.7.6-2513093+++depot+UE4-Releases+4.7
[2015.06.03-20.03.48:066][  0]LogAnalytics: SetUserId 0cee193e45cd42522f6bddbfb67599cf|b7c49468110a42379aa5e2a98db34ec9|b817a7bb-3d94-4ef5-b46f-64c8ee7bd98d
[2015.06.03-20.03.48:066][  0]LogAnalytics: AnalyticsET::StartSession [Rocket.Release]
[2015.06.03-20.03.48:090][  0]LogInit: Transaction tracking system initialized
[2015.06.03-20.03.48:275][  0]BlueprintLog: New page: Editor Load
[2015.06.03-20.03.48:312][  0]LogAssetRegistry: FAssetRegistry took 0.0104 seconds to start up
[2015.06.03-20.03.48:312][  0]LogDirectoryWatcher:Warning: Failed to begin reading directory changes for ../../../Engine/Plugins/Experimental/CharacterAI/Content/. Error: 0
[2015.06.03-20.03.48:997][  0]LogTargetPlatformManager:Display: Building Assets For Windows
[2015.06.03-20.03.49:411][  0]LogTargetPlatformManager:Display: Building Assets For Windows
[2015.06.03-20.03.49:656][  0]LogLinker:Warning: Can't find file '/Game/TwinStickBP/TwinStickOverview'
[2015.06.03-20.03.49:656][  0]LogLinker:Warning: Can't find file '/Game/TwinStickBP/TwinStickOverview'
[2015.06.03-20.03.49:674][  0]LogUObjectGlobals:Warning: Failed to find object 'Class /Game/TwinStickBP/TwinStickOverview.TwinStickOverview_C'
[2015.06.03-20.03.49:710][  0]LogSlate:Warning: Failed to load font data from '../../../Engine/Content/Editor/Slate/Fonts/Roboto-Regular.ttf'
[2015.06.03-20.03.49:710][  0]LogSlate:Warning: Failed to load font data from '../../../Engine/Content/Editor/Slate/Fonts/Roboto-Bold.ttf'
[2015.06.03-20.03.49:762][  0]LogConsoleResponse:Display: 
[2015.06.03-20.03.49:910][  0]LogCook:Display: Done creating registry. It took  0.00s.
[2015.06.03-20.03.50:070][  0]LogSourceControl: RunCommandInternalRaw: 'git version'
[2015.06.03-20.03.50:077][  0]LogSourceControl: RunCommandInternalRaw: ExecProcess ReturnCode=0 OutResults='git version 1.9.5.github.0
'
[2015.06.03-20.03.50:077][  0]Cmd: MAP LOAD FILE="../../../../../../Users/merli_000/Documents/GitHub/SugarRushRampage/UNREAL/MyProject2/Content/TopDownBP/Maps/TopDownExampleMap.umap" TEMPLATE=0 SHOWPROGRESS=1 FEATURELEVEL=3
[2015.06.03-20.03.50:078][  0]LightingResults: New page: Lighting Build
[2015.06.03-20.03.50:092][  0]MapCheck: New page: Map Check
[2015.06.03-20.03.50:092][  0]LightingResults: New page: Lighting Build
[2015.06.03-20.03.50:104][  0]LogParticles: Destroying 0 GPU particle simulations for FXSystem 0x0000007BAB020680
[2015.06.03-20.03.51:509][  0]LogEditorServer: Finished looking for orphan Actors (0.000 secs)
[2015.06.03-20.03.51:509][  0]LogAIModule: Creating AISystem for world TopDownExampleMap
[2015.06.03-20.03.51:510][  0]Cmd: MAP CHECKDEP
[2015.06.03-20.03.51:510][  0]MapCheck: New page: TopDownExampleMap - Jun 3, 2015, 12:03:51 PM
[2015.06.03-20.03.51:602][  0]MapCheck: Info Map check complete: 0 Error(s), 0 Warning(s), took 91.613ms to complete.
[2015.06.03-20.03.51:602][  0]LogFileHelpers: Loading map 'TopDownExampleMap' took 1.525
[2015.06.03-20.03.51:742][  0]LogSourceControl: RunCommandInternalRaw: 'git status'
[2015.06.03-20.03.51:742][  0]LogSourceControl: RunCommandInternalRaw: ExecProcess ReturnCode=0 OutResults='On branch master
Your branch is up-to-date with 'origin/master'.

Untracked files:
  (use "git add <file>..." to include in what will be committed)

	UNREAL/

nothing added to commit but untracked files present (use "git add" to track)
'
[2015.06.03-20.03.51:742][  0]LogSourceControl: RunCommandInternalRaw: 'git symbolic-ref --short HEAD'
[2015.06.03-20.03.51:742][  0]LogSourceControl: RunCommandInternalRaw: ExecProcess ReturnCode=0 OutResults='master
'
[2015.06.03-20.03.51:742][  0]LogCollectionManager: Loaded 0 collections in 0.001760 seconds
[2015.06.03-20.03.51:753][  0]LogContentBrowser: Native class hierarchy populated in 0.0106 seconds. Added 1696 classes and 261 folders.
[2015.06.03-20.03.51:787][  0]LogContentBrowser: Native class hierarchy updated for 'SceneOutliner' in 0.0023 seconds. Added 1 classes and 2 folders.
[2015.06.03-20.03.51:844][  0]LogCrashTracker: Crashtracker disabled due to settings.
[2015.06.03-20.03.51:845][  0]LogSlate:Warning: Failed to load font data from 'Veranda'
[2015.06.03-20.03.51:852][  0]LogUObjectGlobals:Warning: Failed to find object 'Class None.'
[2015.06.03-20.03.51:879][  0]LogLoad: Full Startup: 13.98 seconds (BP compile: 0.47 seconds)
[2015.06.03-20.03.51:912][  0]LogContentBrowser:Verbose: The content browser source was changed by the sources view to '/Game/TopDownBP/Blueprints'
[2015.06.03-20.03.51:959][  0]SourceControl: Info master
[2015.06.03-20.03.52:100][  0]LogRenderer:Warning: Reallocating scene render targets to support 880x456 (Frame:2).
[2015.06.03-20.03.52:752][  6]LogAssetRegistry: Asset discovery search completed in 4.4512 seconds
[2015.06.03-20.03.53:283][ 57]LogSourceControl: RunCommandInternalRaw: 'git status --porcelain --ignored "C:/Users/merli_000/Documents/GitHub/SugarRushRampage/UNREAL/MyProject2/Content/TopDownBP/Blueprints/ChasePlayer.uasset" "C:/Users/merli_000/Documents/GitHub/SugarRushRampage/UNREAL/MyProject2/Content/TopDownBP/Blueprints/NPC.uasset" "C:/Users/merli_000/Documents/GitHub/SugarRushRampage/UNREAL/MyProject2/Content/TopDownBP/Blueprints/NPC_AnimBlueprint.uasset" "C:/Users/merli_000/Documents/GitHub/SugarRushRampage/UNREAL/MyProject2/Content/TopDownBP/Blueprints/NPC_BehaviorTree.uasset" "C:/Users/merli_000/Documents/GitHub/SugarRushRampage/UNREAL/MyProject2/Content/TopDownBP/Blueprints/NPC_BlackboardData.uasset" "C:/Users/merli_000/Documents/GitHub/SugarRushRampage/UNREAL/MyProject2/Content/TopDownBP/Blueprints/NPC_Controller.uasset" "C:/Users/merli_000/Documents/GitHub/SugarRushRampage/UNREAL/MyProject2/Content/TopDownBP/Blueprints/NPC_Movement.uasset" "C:/Users/merli_000/Documents/GitHub/SugarRushRampage/UNREAL/MyProject2/Content/TopDownBP/Blueprints/TopDownCharacter.uasset" "C:/Users/merli_000/Documents/GitHub/SugarRushRampage/UNREAL/MyProject2/Content/TopDownBP/Blueprints/TopDownGameMode.uasset" "C:/Users/merli_000/Documents/GitHub/SugarRushRampage/UNREAL/MyProject2/Content/TopDownBP/Blueprints/Wander.uasset"'
[2015.06.03-20.03.53:294][ 58]LogSourceControl: RunCommandInternalRaw: ExecProcess ReturnCode=0 OutResults='?? UNREAL/MyProject2/Content/TopDownBP/Blueprints/ChasePlayer.uasset
?? UNREAL/MyProject2/Content/TopDownBP/Blueprints/NPC.uasset
?? UNREAL/MyProject2/Content/TopDownBP/Blueprints/NPC_AnimBlueprint.uasset
?? UNREAL/MyProject2/Content/TopDownBP/Blueprints/NPC_BehaviorTree.uasset
?? UNREAL/MyProject2/Content/TopDownBP/Blueprints/NPC_BlackboardData.uasset
?? UNREAL/MyProject2/Content/TopDownBP/Blueprints/NPC_Controller.uasset
?? UNREAL/MyProject2/Content/TopDownBP/Blueprints/NPC_Movement.uasset
?? UNREAL/MyProject2/Content/TopDownBP/Blueprints/TopDownCharacter.uasset
?? UNREAL/MyProject2/Content/TopDownBP/Blueprints/TopDownGameMode.uasset
?? UNREAL/MyProject2/Content/TopDownBP/Blueprints/Wander.uasset
'
[2015.06.03-20.03.57:378][548]LogSourceControl: RunCommandInternalRaw: 'git status --porcelain --ignored "C:/Users/merli_000/Documents/GitHub/SugarRushRampage/UNREAL/MyProject2/Content/TopDownBP/Blueprints/TopDownController.uasset"'
[2015.06.03-20.03.57:395][550]LogSourceControl: RunCommandInternalRaw: ExecProcess ReturnCode=0 OutResults='?? UNREAL/MyProject2/Content/TopDownBP/Blueprints/TopDownController.uasset
'
[2015.06.03-20.04.01:066][974]LogPlayLevel: PIE:  No blueprints needed recompiling
[2015.06.03-20.04.01:066][974]PIE: New page: PIE session: TopDownExampleMap (Jun 3, 2015, 12:04:01 PM)
[2015.06.03-20.04.01:095][974]LogPlayLevel: PIE: StaticDuplicateObject took: (0.028538s)
[2015.06.03-20.04.01:107][974]LogPlayLevel: PIE: World Init took: (0.011718s)
[2015.06.03-20.04.01:107][974]LogPlayLevel: PIE: Created PIE world by copying editor world from /Game/TopDownBP/Maps/TopDownExampleMap.TopDownExampleMap to /Game/TopDownBP/Maps/UEDPIE_0_TopDownExampleMap.TopDownExampleMap (0.040738s)
[2015.06.03-20.04.01:166][974]LogWorld: Game class is 'TopDownGameMode_C'
[2015.06.03-20.04.01:168][974]LogAIModule: Creating AISystem for world TopDownExampleMap
[2015.06.03-20.04.01:178][974]LogWorld:Warning: *** WARNING - PATHS MAY NOT BE VALID ***
[2015.06.03-20.04.01:179][974]LogWorld: Bringing World /Game/TopDownBP/Maps/UEDPIE_0_TopDownExampleMap.TopDownExampleMap up for play (max tick rate 0) at 2015.06.03-16.04.01
[2015.06.03-20.04.01:180][974]LogWorld: Bringing up level for play took: 0.011832
[2015.06.03-20.04.01:182][974]PIE: Info Play in editor start time for /Game/TopDownBP/Maps/UEDPIE_0_TopDownExampleMap -0.806
[2015.06.03-20.04.15:412][474]LogActorComponent: UnregisterComponent: (/Engine/Transient.CharMoveComp) Not registered. Aborting.
[2015.06.03-20.04.15:413][474]LogActorComponent: UnregisterComponent: (/Engine/Transient.CharacterMovementComponent_0) Not registered. Aborting.
[2015.06.03-20.04.15:429][474]LogParticles: Destroying 0 GPU particle simulations for FXSystem 0x0000007BACF25940
[2015.06.03-20.04.20:387][  4]Cmd: QUIT_EDITOR
[2015.06.03-20.04.20:652][  4]LogExit: Preparing to exit.
[2015.06.03-20.04.21:237][  4]LogExit: Editor shut down
[2015.06.03-20.04.21:237][  4]LogExit: Transaction tracking system shut down
[2015.06.03-20.04.21:238][  4]LogParticles: Destroying 0 GPU particle simulations for FXSystem 0x0000007B9E932D40
[2015.06.03-20.04.21:238][  4]LogParticles: Destroying 0 GPU particle simulations for FXSystem 0x0000007BA4F66F20
[2015.06.03-20.04.21:238][  4]LogParticles: Destroying 0 GPU particle simulations for FXSystem 0x0000007BACE9E840
[2015.06.03-20.04.21:238][  4]LogParticles: Destroying 0 GPU particle simulations for FXSystem 0x0000007BB9694CC0
[2015.06.03-20.04.21:238][  4]LogParticles: Destroying 0 GPU particle simulations for FXSystem 0x0000007BB9694540
[2015.06.03-20.04.21:278][  4]LogExit: Object subsystem successfully closed.
[2015.06.03-20.04.21:327][  4]LogModuleManager: Shutting down and abandoning module CrashTracker (177)
[2015.06.03-20.04.21:327][  4]LogModuleManager: Shutting down and abandoning module SuperSearch (176)
[2015.06.03-20.04.21:327][  4]LogModuleManager: Shutting down and abandoning module SceneOutliner (175)
[2015.06.03-20.04.21:327][  4]LogModuleManager: Shutting down and abandoning module EditorWidgets (174)
[2015.06.03-20.04.21:327][  4]LogModuleManager: Shutting down and abandoning module CollectionManager (173)
[2015.06.03-20.04.21:327][  4]LogModuleManager: Shutting down and abandoning module StatsViewer (172)
[2015.06.03-20.04.21:327][  4]LogModuleManager: Shutting down and abandoning module FoliageEdit (171)
[2015.06.03-20.04.21:327][  4]LogModuleManager: Shutting down and abandoning module LandscapeEditor (170)
[2015.06.03-20.04.21:328][  4]LogModuleManager: Shutting down and abandoning module MeshPaint (169)
[2015.06.03-20.04.21:328][  4]LogModuleManager: Shutting down and abandoning module ActorPickerMode (168)
[2015.06.03-20.04.21:328][  4]LogModuleManager: Shutting down and abandoning module GeometryMode (167)
[2015.06.03-20.04.21:328][  4]LogModuleManager: Shutting down and abandoning module TextureAlignMode (166)
[2015.06.03-20.04.21:328][  4]LogModuleManager: Shutting down and abandoning module BspMode (165)
[2015.06.03-20.04.21:328][  4]LogModuleManager: Shutting down and abandoning module PlacementMode (164)
[2015.06.03-20.04.21:328][  4]LogModuleManager: Shutting down and abandoning module AutomationWorker (163)
[2015.06.03-20.04.21:328][  4]LogModuleManager: Shutting down and abandoning module CharacterAI (162)
[2015.06.03-20.04.21:328][  4]LogModuleManager: Shutting down and abandoning module SmartSnapping (161)
[2015.06.03-20.04.21:328][  4]LogModuleManager: Shutting down and abandoning module ViewportSnapping (160)
[2015.06.03-20.04.21:328][  4]LogModuleManager: Shutting down and abandoning module LogVisualizer (159)
[2015.06.03-20.04.21:328][  4]LogModuleManager: Shutting down and abandoning module GameProjectGeneration (158)
[2015.06.03-20.04.21:328][  4]LogModuleManager: Shutting down and abandoning module IntroTutorials (157)
[2015.06.03-20.04.21:328][  4]LogModuleManager: Shutting down and abandoning module EditorLiveStreaming (156)
[2015.06.03-20.04.21:328][  4]LogModuleManager: Shutting down and abandoning module HardwareTargeting (155)
[2015.06.03-20.04.21:328][  4]LogModuleManager: Shutting down and abandoning module DeviceProfileEditor (154)
[2015.06.03-20.04.21:328][  4]LogModuleManager: Shutting down and abandoning module UndoHistory (153)
[2015.06.03-20.04.21:328][  4]LogModuleManager: Shutting down and abandoning module GameplayTagsEditor (152)
[2015.06.03-20.04.21:328][  4]LogModuleManager: Shutting down and abandoning module UserFeedback (151)
[2015.06.03-20.04.21:328][  4]LogModuleManager: Shutting down and abandoning module XmlParser (150)
[2015.06.03-20.04.21:328][  4]LogModuleManager: Shutting down and abandoning module Blutility (149)
[2015.06.03-20.04.21:328][  4]LogModuleManager: Shutting down and abandoning module IOSPlatformEditor (148)
[2015.06.03-20.04.21:328][  4]LogModuleManager: Shutting down and abandoning module IOSRuntimeSettings (147)
[2015.06.03-20.04.21:328][  4]LogModuleManager: Shutting down and abandoning module AndroidDeviceDetection (146)
[2015.06.03-20.04.21:514][  4]LogModuleManager: Shutting down and abandoning module AndroidPlatformEditor (145)
[2015.06.03-20.04.21:514][  4]LogModuleManager: Shutting down and abandoning module AndroidRuntimeSettings (144)
[2015.06.03-20.04.21:514][  4]LogModuleManager: Shutting down and abandoning module ProjectTargetPlatformEditor (143)
[2015.06.03-20.04.21:514][  4]LogModuleManager: Shutting down and abandoning module ProjectSettingsViewer (142)
[2015.06.03-20.04.21:514][  4]LogModuleManager: Shutting down and abandoning module InputBindingEditor (141)
[2015.06.03-20.04.21:514][  4]LogModuleManager: Shutting down and abandoning module EditorSettingsViewer (140)
[2015.06.03-20.04.21:514][  4]LogModuleManager: Shutting down and abandoning module SettingsEditor (139)
[2015.06.03-20.04.21:514][  4]LogModuleManager: Shutting down and abandoning module ProjectLauncher (138)
[2015.06.03-20.04.21:514][  4]LogModuleManager: Shutting down and abandoning module SessionFrontend (137)
[2015.06.03-20.04.21:514][  4]LogModuleManager: Shutting down and abandoning module ProfilerClient (136)
[2015.06.03-20.04.21:514][  4]LogModuleManager: Shutting down and abandoning module TargetDeviceServices (135)
[2015.06.03-20.04.21:514][  4]LogModuleManager: Shutting down and abandoning module DeviceManager (134)
[2015.06.03-20.04.21:514][  4]LogModuleManager: Shutting down and abandoning module AutomationController (133)
[2015.06.03-20.04.21:514][  4]LogModuleManager: Shutting down and abandoning module AutomationWindow (132)
[2015.06.03-20.04.21:514][  4]LogModuleManager: Shutting down and abandoning module Layers (131)
[2015.06.03-20.04.21:515][  4]LogModuleManager: Shutting down and abandoning module ComponentVisualizers (130)
[2015.06.03-20.04.21:515][  4]LogModuleManager: Shutting down and abandoning module DetailCustomizations (129)
[2015.06.03-20.04.21:515][  4]LogModuleManager: Shutting down and abandoning module PackagesDialog (128)
[2015.06.03-20.04.21:515][  4]LogModuleManager: Shutting down and abandoning module AssetRegistry (127)
[2015.06.03-20.04.21:589][  4]LogModuleManager: Shutting down and abandoning module Persona (126)
[2015.06.03-20.04.21:589][  4]LogModuleManager: Shutting down and abandoning module SlateReflector (125)
[2015.06.03-20.04.21:589][  4]LogModuleManager: Shutting down and abandoning module LevelEditor (124)
[2015.06.03-20.04.21:590][  4]LogModuleManager: Shutting down and abandoning module Kismet (123)
[2015.06.03-20.04.21:590][  4]LogModuleManager: Shutting down and abandoning module GraphEditor (122)
[2015.06.03-20.04.21:590][  4]LogModuleManager: Shutting down and abandoning module ClassViewer (121)
[2015.06.03-20.04.21:590][  4]LogModuleManager: Shutting down and abandoning module Toolbox (120)
[2015.06.03-20.04.21:590][  4]LogModuleManager: Shutting down and abandoning module ModuleUI (119)
[2015.06.03-20.04.21:590][  4]LogModuleManager: Shutting down and abandoning module MovieSceneTools (118)
[2015.06.03-20.04.21:590][  4]LogModuleManager: Shutting down and abandoning module OutputLog (117)
[2015.06.03-20.04.21:590][  4]LogModuleManager: Shutting down and abandoning module GammaUI (116)
[2015.06.03-20.04.21:590][  4]LogModuleManager: Shutting down and abandoning module Documentation (115)
[2015.06.03-20.04.21:590][  4]LogModuleManager: Shutting down and abandoning module GameLiveStreaming (114)
[2015.06.03-20.04.21:590][  4]LogModuleManager: Shutting down and abandoning module StreamingPauseRendering (113)
[2015.06.03-20.04.21:590][  4]LogModuleManager: Shutting down and abandoning module HTTP (112)
[2015.06.03-20.04.21:590][  4]LogModuleManager: Shutting down and abandoning module AnalyticsET (111)
[2015.06.03-20.04.21:590][  4]LogModuleManager: Shutting down and abandoning module Analytics (110)
[2015.06.03-20.04.21:590][  4]LogModuleManager: Shutting down and abandoning module AITestSuite (109)
[2015.06.03-20.04.21:590][  4]LogModuleManager: Shutting down and abandoning module GameplayDebugger (108)
[2015.06.03-20.04.21:591][  4]LogModuleManager: Shutting down and abandoning module AIModule (107)
[2015.06.03-20.04.21:591][  4]LogModuleManager: Shutting down and abandoning module ProfilerService (106)
[2015.06.03-20.04.21:673][  4]LogModuleManager: Shutting down and abandoning module TaskGraph (105)
[2015.06.03-20.04.21:673][  4]LogModuleManager: Shutting down and abandoning module SlateRemote (104)
[2015.06.03-20.04.21:673][  4]LogModuleManager: Shutting down and abandoning module ScriptEditorPlugin (103)
[2015.06.03-20.04.21:673][  4]LogModuleManager: Shutting down and abandoning module CustomMeshComponent (102)
[2015.06.03-20.04.21:673][  4]LogModuleManager: Shutting down and abandoning module CableComponent (101)
[2015.06.03-20.04.21:673][  4]LogModuleManager: Shutting down and abandoning module MessagingDebugger (100)
[2015.06.03-20.04.21:673][  4]LogModuleManager: Shutting down and abandoning module MediaPlayerEditor (99)
[2015.06.03-20.04.21:673][  4]LogModuleManager: Shutting down and abandoning module SpeedTreeImporter (98)
[2015.06.03-20.04.21:673][  4]LogModuleManager: Shutting down and abandoning module PluginsEditor (97)
[2015.06.03-20.04.21:673][  4]LogModuleManager: Shutting down and abandoning module MainFrame (96)
[2015.06.03-20.04.21:673][  4]LogModuleManager: Shutting down and abandoning module EpicSurvey (95)
[2015.06.03-20.04.21:673][  4]LogModuleManager: Shutting down and abandoning module DesktopPlatform (94)
[2015.06.03-20.04.21:673][  4]LogModuleManager: Shutting down and abandoning module DirectoryWatcher (93)
[2015.06.03-20.04.21:673][  4]LogModuleManager: Shutting down and abandoning module HotReload (92)
[2015.06.03-20.04.21:673][  4]LogModuleManager: Shutting down and abandoning module VisualStudioSourceCodeAccess (91)
[2015.06.03-20.04.21:673][  4]LogModuleManager: Shutting down and abandoning module UObjectPlugin (90)
[2015.06.03-20.04.21:673][  4]LogModuleManager: Shutting down and abandoning module SubversionSourceControl (89)
[2015.06.03-20.04.21:673][  4]LogModuleManager: Shutting down and abandoning module PerforceSourceControl (88)
[2015.06.03-20.04.21:673][  4]LogModuleManager: Shutting down and abandoning module SourceControl (87)
[2015.06.03-20.04.21:673][  4]LogModuleManager: Shutting down and abandoning module GitSourceControl (86)
[2015.06.03-20.04.21:674][  4]LogModuleManager: Shutting down and abandoning module BlankPlugin (85)
[2015.06.03-20.04.21:674][  4]LogModuleManager: Shutting down and abandoning module PaperTiledImporter (84)
[2015.06.03-20.04.21:674][  4]LogModuleManager: Shutting down and abandoning module PaperJsonImporter (83)
[2015.06.03-20.04.21:674][  4]LogModuleManager: Shutting down and abandoning module ContentBrowser (82)
[2015.06.03-20.04.21:674][  4]LogModuleManager: Shutting down and abandoning module Paper2DEditor (81)
[2015.06.03-20.04.21:674][  4]LogModuleManager: Shutting down and abandoning module ScriptPlugin (80)
[2015.06.03-20.04.21:674][  4]LogModuleManager: Shutting down and abandoning module UdpMessaging (79)
[2015.06.03-20.04.21:775][  4]LogModuleManager: Shutting down and abandoning module Paper2D (78)
[2015.06.03-20.04.21:775][  4]LogModuleManager: Shutting down and abandoning module WindowsMoviePlayer (77)
[2015.06.03-20.04.21:777][  4]LogModuleManager: Shutting down and abandoning module Media (76)
[2015.06.03-20.04.21:777][  4]LogModuleManager: Shutting down and abandoning module WmfMedia (75)
[2015.06.03-20.04.21:777][  4]LogModuleManager: Shutting down and abandoning module OnlineBlueprintSupport (74)
[2015.06.03-20.04.21:777][  4]LogModuleManager: Shutting down and abandoning module PropertyEditor (73)
[2015.06.03-20.04.21:777][  4]LogModuleManager: Shutting down and abandoning module BehaviorTreeEditor (72)
[2015.06.03-20.04.21:777][  4]LogModuleManager: Shutting down and abandoning module FunctionalTesting (71)
[2015.06.03-20.04.21:777][  4]LogModuleManager: Shutting down and abandoning module CollisionAnalyzer (70)
[2015.06.03-20.04.21:777][  4]LogModuleManager: Shutting down and abandoning module WorkspaceMenuStructure (69)
[2015.06.03-20.04.21:777][  4]LogModuleManager: Shutting down and abandoning module MessageLog (68)
[2015.06.03-20.04.21:777][  4]LogModuleManager: Shutting down and abandoning module Sequencer (67)
[2015.06.03-20.04.21:777][  4]LogModuleManager: Shutting down and abandoning module AssetTools (66)
[2015.06.03-20.04.21:777][  4]LogModuleManager: Shutting down and abandoning module UMGEditor (65)
[2015.06.03-20.04.21:777][  4]LogModuleManager: Shutting down and abandoning module UMG (64)
[2015.06.03-20.04.21:777][  4]LogModuleManager: Shutting down and abandoning module Slate (63)
[2015.06.03-20.04.21:777][  4]LogModuleManager: Shutting down and abandoning module EditorStyle (62)
[2015.06.03-20.04.21:781][  4]LogModuleManager: Shutting down and abandoning module SessionServices (61)
[2015.06.03-20.04.21:781][  4]LogModuleManager: Shutting down and abandoning module SourceCodeAccess (60)
[2015.06.03-20.04.21:781][  4]LogModuleManager: Shutting down and abandoning module HeadMountedDisplay (59)
[2015.06.03-20.04.21:781][  4]LogModuleManager: Shutting down and abandoning module XAudio2 (58)
[2015.06.03-20.04.21:781][  4]LogModuleManager: Shutting down and abandoning module Networking (56)
[2015.06.03-20.04.21:781][  4]LogModuleManager: Shutting down and abandoning module Core (55)
[2015.06.03-20.04.21:781][  4]LogModuleManager: Shutting down and abandoning module KismetCompiler (54)
[2015.06.03-20.04.21:781][  4]LogModuleManager: Shutting down and abandoning module PhysXFormats (53)
[2015.06.03-20.04.21:781][  4]LogModuleManager: Shutting down and abandoning module MeshUtilities (52)
[2015.06.03-20.04.21:781][  4]LogModuleManager: Shutting down and abandoning module DerivedDataCache (51)
[2015.06.03-20.04.21:996][  4]LogDerivedDataCache: Shutdown
[2015.06.03-20.04.21:996][  4]LogModuleManager: Shutting down and abandoning module ShaderFormatOpenGL (50)
[2015.06.03-20.04.21:996][  4]LogModuleManager: Shutting down and abandoning module ShaderFormatD3D (49)
[2015.06.03-20.04.21:996][  4]LogModuleManager: Shutting down and abandoning module MetalShaderFormat (48)
[2015.06.03-20.04.21:996][  4]LogModuleManager: Shutting down and abandoning module TextureFormatUncompressed (47)
[2015.06.03-20.04.21:996][  4]LogModuleManager: Shutting down and abandoning module TextureFormatPVR (46)
[2015.06.03-20.04.21:996][  4]LogModuleManager: Shutting down and abandoning module TextureFormatIntelISPCTexComp (45)
[2015.06.03-20.04.21:996][  4]LogModuleManager: Shutting down and abandoning module TextureFormatDXT (44)
[2015.06.03-20.04.21:996][  4]LogModuleManager: Shutting down and abandoning module ImageWrapper (43)
[2015.06.03-20.04.21:996][  4]LogModuleManager: Shutting down and abandoning module TextureFormatASTC (42)
[2015.06.03-20.04.21:996][  4]LogModuleManager: Shutting down and abandoning module TextureFormatAndroid (41)
[2015.06.03-20.04.21:996][  4]LogModuleManager: Shutting down and abandoning module AudioFormatOpus (40)
[2015.06.03-20.04.21:996][  4]LogModuleManager: Shutting down and abandoning module AudioFormatOgg (39)
[2015.06.03-20.04.21:996][  4]LogModuleManager: Shutting down and abandoning module AudioFormatADPCM (38)
[2015.06.03-20.04.21:996][  4]LogModuleManager: Shutting down and abandoning module LinuxTargetPlatform (37)
[2015.06.03-20.04.21:996][  4]LogModuleManager: Shutting down and abandoning module LinuxServerTargetPlatform (36)
[2015.06.03-20.04.21:996][  4]LogModuleManager: Shutting down and abandoning module LinuxNoEditorTargetPlatform (35)
[2015.06.03-20.04.21:996][  4]LogModuleManager: Shutting down and abandoning module Messaging (34)
[2015.06.03-20.04.21:996][  4]LogModuleManager: Shutting down and abandoning module IOSTargetPlatform (33)
[2015.06.03-20.04.21:996][  4]LogModuleManager: Shutting down and abandoning module HTML5TargetPlatform (32)
[2015.06.03-20.04.21:996][  4]LogModuleManager: Shutting down and abandoning module Android_PVRTCTargetPlatform (31)
[2015.06.03-20.04.21:996][  4]LogModuleManager: Shutting down and abandoning module Android_ETC2TargetPlatform (30)
[2015.06.03-20.04.21:996][  4]LogModuleManager: Shutting down and abandoning module Android_ETC1TargetPlatform (29)
[2015.06.03-20.04.21:996][  4]LogModuleManager: Shutting down and abandoning module Android_ES31TargetPlatform (28)
[2015.06.03-20.04.21:996][  4]LogModuleManager: Shutting down and abandoning module Android_DXTTargetPlatform (27)
[2015.06.03-20.04.21:996][  4]LogModuleManager: Shutting down and abandoning module Android_ATCTargetPlatform (26)
[2015.06.03-20.04.21:996][  4]LogModuleManager: Shutting down and abandoning module AndroidTargetPlatform (25)
[2015.06.03-20.04.21:996][  4]LogModuleManager: Shutting down and abandoning module WindowsTargetPlatform (24)
[2015.06.03-20.04.21:996][  4]LogModuleManager: Shutting down and abandoning module WindowsServerTargetPlatform (23)
[2015.06.03-20.04.21:996][  4]LogModuleManager: Shutting down and abandoning module WindowsNoEditorTargetPlatform (22)
[2015.06.03-20.04.21:996][  4]LogModuleManager: Shutting down and abandoning module WindowsClientTargetPlatform (21)
[2015.06.03-20.04.21:996][  4]LogModuleManager: Shutting down and abandoning module TargetPlatform (20)
[2015.06.03-20.04.21:996][  4]LogModuleManager: Shutting down and abandoning module InputCore (19)
[2015.06.03-20.04.21:996][  4]LogModuleManager: Shutting down and abandoning module Settings (18)
[2015.06.03-20.04.21:996][  4]LogModuleManager: Shutting down and abandoning module OnlineSubsystem (16)
[2015.06.03-20.04.21:996][  4]LogModuleManager: Shutting down and abandoning module OculusRift (15)
[2015.06.03-20.04.21:996][  4]LogModuleManager: Shutting down and abandoning module ExampleDeviceProfileSelector (14)
[2015.06.03-20.04.21:996][  4]LogModuleManager: Shutting down and abandoning module TextureCompressor (13)
[2015.06.03-20.04.21:997][  4]LogModuleManager: Shutting down and abandoning module ShaderCore (12)
[2015.06.03-20.04.21:997][  4]LogModuleManager: Shutting down and abandoning module Landscape (11)
[2015.06.03-20.04.21:997][  4]LogModuleManager: Shutting down and abandoning module SlateRHIRenderer (10)
[2015.06.03-20.04.21:998][  4]LogModuleManager: Shutting down and abandoning module OpenGLDrv (9)
[2015.06.03-20.04.21:998][  4]LogModuleManager: Shutting down and abandoning module D3D11RHI (8)
[2015.06.03-20.04.21:998][  4]LogModuleManager: Shutting down and abandoning module Renderer (7)
[2015.06.03-20.04.21:998][  4]LogModuleManager: Shutting down and abandoning module Engine (6)
[2015.06.03-20.04.21:998][  4]LogModuleManager: Shutting down and abandoning module CoreUObject (5)
[2015.06.03-20.04.21:998][  4]LogModuleManager: Shutting down and abandoning module NetworkFile (4)
[2015.06.03-20.04.21:998][  4]LogModuleManager: Shutting down and abandoning module StreamingFile (3)
[2015.06.03-20.04.21:998][  4]LogModuleManager: Shutting down and abandoning module SandboxFile (2)
[2015.06.03-20.04.21:998][  4]LogModuleManager: Shutting down and abandoning module PakFile (1)
[2015.06.03-20.04.21:999][  4]LogExit: Exiting.
[2015.06.03-20.04.22:004][  4]Log file closed, 06/03/15 16:04:22
