Log file open, 06/12/15 10:54:02
LogInit:Display: Running engine for game: MyProject2
LogInit: Version: 4.7.6-2513093+++depot+UE4-Releases+4.7
LogInit: API Version: 2455222
LogInit: Compiled (64-bit): Apr 15 2015 12:09:54
LogInit: Compiled with Visual C++: 18.00.21005.01
LogInit: Build Configuration: Development
LogInit: Branch Name: ++depot+UE4-Releases+4.7
LogInit: Command line: 
LogInit: Base directory: C:/Program Files/Epic Games/4.7/Engine/Binaries/Win64/
LogInit: Rocket: 1
[2015.06.12-14.54.02:127][  0]LogTaskGraph: Started task graph with 3 named threads and 6 total threads.
[2015.06.12-14.54.02:187][  0]LogOnline:Warning: No default platform service specified for OnlineSubsystem
[2015.06.12-14.54.02:203][  0]LogInit: Presizing for 0 objects not considered by GC, pre-allocating 0 bytes.
[2015.06.12-14.54.02:216][  0]LogInit: Object subsystem initialized
[2015.06.12-14.54.02:219][  0]LogConsoleResponse:Warning: Skipping Unknown console variable: 'TranslucentSortAxis = (X=0.000000,Y=-1.000000,Z=0.000000)'
[2015.06.12-14.54.02:219][  0]LogConsoleResponse:Warning:   Found in ini file 'C:/Users/Carlos/Documents/GitHub/SugarRushRampage/UNREAL/MyProject2/Saved/Config/Windows/Engine.ini', in section '[/Script/Engine.RendererSettings]'
[2015.06.12-14.54.02:219][  0]LogConsoleResponse:Warning: Skipping Unknown console variable: 'UIScaleRule = ShortestSide'
[2015.06.12-14.54.02:219][  0]LogConsoleResponse:Warning:   Found in ini file 'C:/Users/Carlos/Documents/GitHub/SugarRushRampage/UNREAL/MyProject2/Saved/Config/Windows/Engine.ini', in section '[/Script/Engine.RendererSettings]'
[2015.06.12-14.54.02:219][  0]LogConsoleResponse:Warning: Skipping Unknown console variable: 'UIScaleCurve = (EditorCurveData=(Keys=),ExternalCurve=None)'
[2015.06.12-14.54.02:219][  0]LogConsoleResponse:Warning:   Found in ini file 'C:/Users/Carlos/Documents/GitHub/SugarRushRampage/UNREAL/MyProject2/Saved/Config/Windows/Engine.ini', in section '[/Script/Engine.RendererSettings]'
[2015.06.12-14.54.02:220][  0]LogInit: Selected Device Profile: [Windows]
[2015.06.12-14.54.02:220][  0]LogInit: Applying CVar settings loaded from the selected device profile: [Windows]
[2015.06.12-14.54.02:227][  0]LogInit: Computer: ENRIQUE-VAIO
[2015.06.12-14.54.02:227][  0]LogInit: User: Carlos
[2015.06.12-14.54.02:227][  0]LogInit: CPU Page size=4096, Cores=4
[2015.06.12-14.54.02:227][  0]LogInit: High frequency timer resolution =1.948730 MHz
[2015.06.12-14.54.02:227][  0]LogMemory: Memory total: Physical=8.0GB (8GB approx) Virtual=8192.0GB
[2015.06.12-14.54.02:227][  0]LogMemory: Platform Memory Stats for Windows
[2015.06.12-14.54.02:227][  0]LogMemory: Process Physical Memory: 48.36 MB used, 48.36 MB peak
[2015.06.12-14.54.02:227][  0]LogMemory: Process Virtual Memory: 26.76 MB used, 26.76 MB peak
[2015.06.12-14.54.02:227][  0]LogMemory: Physical Memory: 3907.71 MB used, 8173.22 MB total
[2015.06.12-14.54.02:227][  0]LogMemory: Virtual Memory: 279.81 MB used, 8388608.00 MB total
[2015.06.12-14.54.02:261][  0]LogD3D11RHI: Found D3D11 adapter 0: NVIDIA GeForce GT 540M   (Feature Level 11_0)
[2015.06.12-14.54.02:261][  0]LogD3D11RHI: Adapter has 977MB of dedicated video memory, 0MB of dedicated system memory, and 3071MB of shared system memory, 1 output[s]
[2015.06.12-14.54.02:261][  0]LogD3D11RHI: Chosen D3D11 Adapter Id = 0
[2015.06.12-14.54.02:267][  0]LogRHI: Texture pool is 684 MB (70% of 977 MB)
[2015.06.12-14.54.02:276][  0]LogD3D11RHI: Async texture creation enabled
[2015.06.12-14.54.02:341][  0]LogTextLocalizationManager: The requested culture ('en_US') has no localization data; parent culture's ('en') localization data will be used.
[2015.06.12-14.54.02:431][  0]LogTextLocalizationManager:Warning: Loading localization resources contain conflicting entries for (Namespace:UICommands, Key:Save_ToolTip):
Resource: (C:/Program Files/Epic Games/4.7/Engine/Content/Localization/Editor/en/Editor.locres) Hash: (-29098895) String: (Saves the current level to disk)
Resource: (C:/Program Files/Epic Games/4.7/Engine/Content/Localization/Engine/en/Engine.locres) Hash: (-1280300587) String: (Save selected data to vlog file)
[2015.06.12-14.54.02:431][  0]LogTextLocalizationManager:Warning: Loading localization resources contain conflicting entries for (Namespace:ContentBrowser, Key:ImportAssetToolTip):
Resource: (C:/Program Files/Epic Games/4.7/Engine/Content/Localization/Editor/en/Editor.locres) Hash: (-630476809) String: (Import to {0}...)
Resource: (C:/Program Files/Epic Games/4.7/Engine/Content/Localization/Editor/en/Editor.locres) Hash: (1271782899) String: (Imports an asset from file to this folder.)
[2015.06.12-14.54.02:542][  0]LogContentStreaming: Texture pool size is 0.000000MB
[2015.06.12-14.54.05:681][  0]LogTargetPlatformManager:Display: Building Assets For Windows
[2015.06.12-14.54.06:364][  0]LogTargetPlatformManager:Display: Building Assets For Windows
[2015.06.12-14.54.06:446][  0]LogDerivedDataCache:Display: Max Cache Size: 512 MB
[2015.06.12-14.54.06:852][  0]LogDerivedDataCache: Loaded boot cache 0.41s 39MB C:/Users/Carlos/AppData/Local/UnrealEngine/4.7/DerivedDataCache/Boot.ddc.
[2015.06.12-14.54.06:852][  0]LogDerivedDataCache:Display: Loaded Boot cache: C:/Users/Carlos/AppData/Local/UnrealEngine/4.7/DerivedDataCache/Boot.ddc
[2015.06.12-14.54.06:853][  0]LogDerivedDataCache: FDerivedDataBackendGraph:  Pak pak cache file ../../../../../../Users/Carlos/Documents/GitHub/SugarRushRampage/UNREAL/MyProject2/DerivedDataCache/DDC.ddp not found, will not use a pak cache.
[2015.06.12-14.54.06:853][  0]LogDerivedDataCache: Unable to find inner node Pak for hierarchical cache Hierarchy.
[2015.06.12-14.54.07:023][  0]LogDerivedDataCache:Display: Pak cache opened for reading ../../../Engine/DerivedDataCache/Compressed.ddp.
[2015.06.12-14.54.07:034][  0]LogDerivedDataCache: Using Local data cache path C:/Users/Carlos/AppData/Local/UnrealEngine/Common/DerivedDataCache: Writable
[2015.06.12-14.54.07:441][  0]LogMeshUtilities: No automatic mesh reduction module available
[2015.06.12-14.54.07:441][  0]LogMeshUtilities: No automatic mesh merging module available
[2015.06.12-14.54.07:908][  0]LogInit: WinSock: version 1.1 (2.2), MaxSocks=32767, MaxUdp=65467
[2015.06.12-14.54.08:179][  0]LogSlate:Warning: Failed to load font data from '../../../Engine/Content/Slate/Fonts/Roboto-Italic.ttf'
[2015.06.12-14.54.29:540][  0]UdpMessaging: Initializing bridge on interface 0.0.0.0:0 to multicast group 230.0.0.1:6666.
[2015.06.12-14.54.29:907][  0]SourceControl: Info Source control is disabled
[2015.06.12-14.54.29:907][  0]SourceControl: Info Source control is disabled
[2015.06.12-14.54.29:907][  0]SourceControl: Info Source control is disabled
[2015.06.12-14.54.29:920][  0]LogSourceControl: RunCommandInternalRaw: 'git version'
[2015.06.12-14.54.29:920][  0]LogSourceControl: RunCommandInternalRaw: ExecProcess ReturnCode=2 OutResults=''
[2015.06.12-14.54.30:514][  0]LogObj: 24232 objects as part of root set at end of initial load.
[2015.06.12-14.54.30:514][  0]LogUObjectAllocator: 5137176 out of 0 bytes used by permanent object pool.
[2015.06.12-14.54.30:619][  0]LogEngine: Initializing Engine...
[2015.06.12-14.54.32:845][  0]LogInit: XAudio2 using 'Speaker/HP (Realtek High Definition Audio)' : 2 channels at 44.1 kHz using 16 bits per sample (channel mask 0x3)
[2015.06.12-14.54.32:856][  0]LogInit: FAudioDevice initialized.
[2015.06.12-14.54.32:906][  0]LogAIModule: Creating AISystem for world NewWorld
[2015.06.12-14.54.32:972][  0]LogDerivedDataCache: Saved boot cache 0.07s 39MB C:/Users/Carlos/AppData/Local/UnrealEngine/4.7/DerivedDataCache/Boot.ddc.
[2015.06.12-14.54.32:978][  0]LogInit: Texture streaming: Enabled
[2015.06.12-14.54.33:099][  0]LogAnalytics: Creating configured Analytics provider AnalyticsET
[2015.06.12-14.54.33:099][  0]LogAnalytics: ET APIKey = Rocket.Release. APIServer = http://et2.epicgames.com/ET2/. AppVersion = 4.7.6-2513093+++depot+UE4-Releases+4.7
[2015.06.12-14.54.33:099][  0]LogAnalytics: ET APIKey = Rocket.Release. DataRouterUploadURL = https://datarouter-public-service-gamedev.ol.epicgames.net/datarouter/api/v1/public/data. AppVersion = 4.7.6-2513093+++depot+UE4-Releases+4.7
[2015.06.12-14.54.33:099][  0]LogAnalytics: SetUserId 6aaf54be499587619b19c09b2da3310a|656f284bf5d54f8f9452234d119bf9d4|01f9fe1b-f0f7-4463-ad58-b4af02ddd4b9
[2015.06.12-14.54.33:099][  0]LogAnalytics: AnalyticsET::StartSession [Rocket.Release]
[2015.06.12-14.54.33:131][  0]LogInit: Transaction tracking system initialized
[2015.06.12-14.54.33:342][  0]BlueprintLog: New page: Editor Load
[2015.06.12-14.54.33:382][  0]LogAssetRegistry: FAssetRegistry took 0.0096 seconds to start up
[2015.06.12-14.54.33:382][  0]LogDirectoryWatcher:Warning: Failed to begin reading directory changes for ../../../Engine/Plugins/Experimental/CharacterAI/Content/. Error: 0
[2015.06.12-14.54.34:287][  0]LogTargetPlatformManager:Display: Building Assets For Windows
[2015.06.12-14.54.34:776][  0]LogTargetPlatformManager:Display: Building Assets For Windows
[2015.06.12-14.54.35:107][  0]LogSlate:Warning: Failed to load font data from '../../../Engine/Content/Editor/Slate/Fonts/Roboto-Regular.ttf'
[2015.06.12-14.54.35:107][  0]LogSlate:Warning: Failed to load font data from '../../../Engine/Content/Editor/Slate/Fonts/Roboto-Bold.ttf'
[2015.06.12-14.54.35:470][  0]LogConsoleResponse:Display: 
[2015.06.12-14.54.35:644][  0]LogCook:Display: Done creating registry. It took  0.00s.
[2015.06.12-14.54.36:183][  0]LogSourceControl: RunCommandInternalRaw: 'git version'
[2015.06.12-14.54.36:183][  0]LogSourceControl: RunCommandInternalRaw: ExecProcess ReturnCode=2 OutResults=''
[2015.06.12-14.54.36:184][  0]Cmd: MAP LOAD FILE="../../../../../../Users/Carlos/Documents/GitHub/SugarRushRampage/UNREAL/MyProject2/Content/TopDownBP/Maps/TopDownExampleMap.umap" TEMPLATE=0 SHOWPROGRESS=1 FEATURELEVEL=3
[2015.06.12-14.54.36:185][  0]LightingResults: New page: Lighting Build
[2015.06.12-14.54.36:201][  0]MapCheck: New page: Map Check
[2015.06.12-14.54.36:201][  0]LightingResults: New page: Lighting Build
[2015.06.12-14.54.36:210][  0]LogParticles: Destroying 0 GPU particle simulations for FXSystem 0x0000000014100680
[2015.06.12-14.54.38:181][  0]LogEditorServer: Finished looking for orphan Actors (0.000 secs)
[2015.06.12-14.54.38:181][  0]LogAIModule: Creating AISystem for world TopDownExampleMap
[2015.06.12-14.54.38:182][  0]Cmd: MAP CHECKDEP
[2015.06.12-14.54.38:182][  0]MapCheck: New page: TopDownExampleMap - Jun 12, 2015, 6:54:38 AM
[2015.06.12-14.54.38:286][  0]MapCheck: Info Map check complete: 0 Error(s), 0 Warning(s), took 104.532ms to complete.
[2015.06.12-14.54.38:287][  0]LogFileHelpers: Loading map 'TopDownExampleMap' took 2.103
[2015.06.12-14.54.38:482][  0]LogCollectionManager: Loaded 0 collections in 0.001963 seconds
[2015.06.12-14.54.38:500][  0]LogContentBrowser: Native class hierarchy populated in 0.0177 seconds. Added 1696 classes and 261 folders.
[2015.06.12-14.54.38:521][  0]LogContentBrowser:Verbose: The content browser source was changed by the sources view to '/Game'
[2015.06.12-14.54.38:540][  0]LogContentBrowser: Native class hierarchy updated for 'SceneOutliner' in 0.0024 seconds. Added 1 classes and 2 folders.
[2015.06.12-14.54.38:601][  0]LogCrashTracker: Crashtracker disabled due to settings.
[2015.06.12-14.54.38:602][  0]LogSlate:Warning: Failed to load font data from 'Veranda'
[2015.06.12-14.54.38:606][  0]LogUObjectGlobals:Warning: Failed to find object 'Class None.'
[2015.06.12-14.54.38:630][  0]LogLoad: Full Startup: 38.71 seconds (BP compile: 0.71 seconds)
[2015.06.12-14.54.38:824][  0]LogRenderer:Warning: Reallocating scene render targets to support 32x32 (Frame:2).
[2015.06.12-14.54.38:902][  0]LogRenderer:Warning: Reallocating scene render targets to support 1024x456 (Frame:3).
[2015.06.12-14.54.39:379][  8]LogAssetRegistry: Asset discovery search completed in 6.0069 seconds
[2015.06.12-15.00.31:314][631]LogContentBrowser:Verbose: The content browser source was changed by the sources view to '/Game/TopDownBP/Maps'
[2015.06.12-15.00.34:947][796]LogContentBrowser:Verbose: The content browser source was changed by the sources view to '/Game/TopDownBP/Maps'
[2015.06.12-15.00.40:233][ 99]LogContentBrowser:Verbose: The content browser source was changed by the sources view to '/Game/TopDownBP/Blueprints'
[2015.06.12-15.00.44:022][239]LogContentBrowser:Verbose: The content browser source was changed by the sources view to '/Game/TopDownBP/Blueprints'
[2015.06.12-15.00.48:941][467]LogContentBrowser:Verbose: The content browser source was changed by the sources view to '/Game/TopDownBP/Maps'
[2015.06.12-15.00.50:756][568]LogActorComponent: UnregisterComponent: (/Engine/Transient.ProjectileMovementComponent_1) Not registered. Aborting.
[2015.06.12-15.00.50:756][568]LogActorComponent: UnregisterComponent: (/Engine/Transient.CharMoveComp) Not registered. Aborting.
[2015.06.12-15.00.50:756][568]LogActorComponent: UnregisterComponent: (/Engine/Transient.CharacterMovementComponent_0) Not registered. Aborting.
[2015.06.12-15.00.50:809][568]LogParticles: Destroying 0 GPU particle simulations for FXSystem 0x00000000165FB380
[2015.06.12-15.00.52:580][568]LogSavePackage: Save=37.377678ms
[2015.06.12-15.00.52:580][568]LogSavePackage: Moving '../../../../../../Users/Carlos/Documents/GitHub/SugarRushRampage/UNREAL/MyProject2/Saved/MainMenu64E8552D4F910E4349CE67B1BFED1CC5.tmp' to '../../../../../../Users/Carlos/Documents/GitHub/SugarRushRampage/UNREAL/MyProject2/Content/TopDownBP/Blueprints/MainMenu.uasset'
[2015.06.12-15.00.52:748][568]LogSavePackage: Save=9.105417ms
[2015.06.12-15.00.52:748][568]LogSavePackage: Moving '../../../../../../Users/Carlos/Documents/GitHub/SugarRushRampage/UNREAL/MyProject2/Saved/Menu610C72E74C0FA3A35FA8CCB309D9082E.tmp' to '../../../../../../Users/Carlos/Documents/GitHub/SugarRushRampage/UNREAL/MyProject2/Content/TopDownBP/Maps/Menu.umap'
[2015.06.12-15.00.52:753][568]LogFileHelpers: Saving map 'Menu' took 0.169
[2015.06.12-15.00.52:789][568]Cmd: MAP LOAD FILE="../../../../../../Users/Carlos/Documents/GitHub/SugarRushRampage/UNREAL/MyProject2/Content/TopDownBP/Maps/TopDownExampleMap.umap" TEMPLATE=0 SHOWPROGRESS=1 FEATURELEVEL=3
[2015.06.12-15.00.52:790][568]LightingResults: New page: Lighting Build
[2015.06.12-15.00.52:825][568]LoadErrors: New page: Loading map: TopDownExampleMap.umap
[2015.06.12-15.00.52:827][568]MapCheck: New page: Map Check
[2015.06.12-15.00.52:827][568]LightingResults: New page: Lighting Build
[2015.06.12-15.00.52:845][568]LogParticles: Destroying 0 GPU particle simulations for FXSystem 0x0000000004356A20
[2015.06.12-15.00.52:937][568]LogEditorServer: Finished looking for orphan Actors (0.000 secs)
[2015.06.12-15.00.52:937][568]LogAIModule: Creating AISystem for world TopDownExampleMap
[2015.06.12-15.00.53:180][568]Cmd: MAP CHECKDEP
[2015.06.12-15.00.53:181][568]MapCheck: New page: TopDownExampleMap - Jun 12, 2015, 7:00:53 AM
[2015.06.12-15.00.53:302][568]MapCheck: Info Map check complete: 0 Error(s), 0 Warning(s), took 121.054ms to complete.
[2015.06.12-15.00.53:303][568]LogFileHelpers: Loading map 'TopDownExampleMap' took 0.516
[2015.06.12-15.00.58:172][759]LogEditorViewport: Clicking on Actor (context menu): StaticMeshActor (Floor)
[2015.06.12-15.01.00:038][801]LogEditorViewport: Clicking on Actor (LMB): StaticMeshActor (Floor)
[2015.06.12-15.01.10:858][ 46]Cmd: SELECT NONE
[2015.06.12-15.01.15:881][313]LogEditorViewport: Clicking on Actor (LMB): TargetPoint (TargetPoint)
[2015.06.12-15.04.34:779][663]BlueprintLog: New page: Compile TopDownExampleMap
[2015.06.12-15.04.34:946][663]LogActorComponent: UnregisterComponent: (/Engine/Transient.ProjectileMovementComponent_1) Not registered. Aborting.
[2015.06.12-15.04.34:946][663]LogActorComponent: UnregisterComponent: (/Engine/Transient.CharMoveComp) Not registered. Aborting.
[2015.06.12-15.04.34:946][663]LogActorComponent: UnregisterComponent: (/Engine/Transient.CharacterMovementComponent_1) Not registered. Aborting.
[2015.06.12-15.04.34:972][663]BlueprintEditorCompileResults: Info [0635.04] Compile of TopDownExampleMap successful! [in 192 ms]
[2015.06.12-15.04.36:085][728]BlueprintLog: New page: Pre-PIE auto-recompile
[